<?xml version="1.0" encoding="UTF-8"?>
<!-- Generated by org.testng.reporters.JUnitXMLReporter -->
<testsuite hostname="MacBook-Pro.local" ignored="0" name="Window" tests="1" failures="1" timestamp="2023-06-07T17:16:58 EEST" time="46.134" errors="0">
  <testcase name="runScenario" time="27.665" classname="io.cucumber.testng.AbstractTestNGCucumberTests">
    <failure type="java.lang.AssertionError" message="1 expected:&amp;lt;1&amp;gt; but was:&amp;lt;2&amp;gt;">
      <![CDATA[java.lang.AssertionError: 1 expected:<1> but was:<2>
at tests.estore.stepdefinitions.EstoreAccountStepDefs.iVerifyThatThePersonalInfoIsDisplayed(EstoreAccountStepDefs.java:34)
at ✽.I verify that the personal info is displayed(file:///Users/mihail/IdeaProjects/concierge-replatform-atf/src/main/resources/features/estore/EstoreAccount.feature:8)
... Removed 1 stack frames]]>
    </failure>
  </testcase> <!-- runScenario -->
</testsuite> <!-- Window -->
