<?xml version="1.0" encoding="UTF-8"?>
<!-- Generated by org.testng.reporters.JUnitXMLReporter -->
<testsuite ignored="0" hostname="C02DTEBGML7H.restorationhardware.com" failures="456" tests="456" name="Window" time="19.515" errors="0" timestamp="2023-04-07T03:24:32 PDT">
  <testcase classname="io.cucumber.testng.AbstractTestNGCucumberTests" name="@AfterClass tearDownClass" time="1.404">
    <failure type="java.lang.RuntimeException" message="javax.net.ssl.SSLHandshakeException: PKIX path building failed: sun.security.provider.certpath.SunCertPathBuilderException: unable to find valid certification path to requested target">
      <![CDATA[java.lang.RuntimeException: javax.net.ssl.SSLHandshakeException: PKIX path building failed: sun.security.provider.certpath.SunCertPathBuilderException: unable to find valid certification path to requested target
at io.cucumber.core.plugin.MessageFormatter.writeMessage(MessageFormatter.java:36)
at io.cucumber.core.eventbus.AbstractEventPublisher.send(AbstractEventPublisher.java:51)
at io.cucumber.core.eventbus.AbstractEventBus.send(AbstractEventBus.java:12)
at io.cucumber.core.runtime.CucumberExecutionContext.emitTestRunFinished(CucumberExecutionContext.java:102)
at io.cucumber.core.runtime.CucumberExecutionContext.finishTestRun(CucumberExecutionContext.java:74)
at io.cucumber.testng.TestNGCucumberRunner.finish(TestNGCucumberRunner.java:126)
at io.cucumber.testng.AbstractTestNGCucumberTests.tearDownClass(AbstractTestNGCucumberTests.java:53)
at java.base/java.util.ArrayList.forEach(ArrayList.java:1511)
Caused by: javax.net.ssl.SSLHandshakeException: PKIX path building failed: sun.security.provider.certpath.SunCertPathBuilderException: unable to find valid certification path to requested target
at java.base/sun.net.www.protocol.http.HttpURLConnection$10.run(HttpURLConnection.java:2035)
at java.base/sun.net.www.protocol.http.HttpURLConnection$10.run(HttpURLConnection.java:2030)
at java.base/java.security.AccessController.doPrivileged(AccessController.java:554)
at java.base/sun.net.www.protocol.http.HttpURLConnection.getChainedException(HttpURLConnection.java:2029)
at java.base/sun.net.www.protocol.http.HttpURLConnection.getInputStream0(HttpURLConnection.java:1597)
at java.base/sun.net.www.protocol.http.HttpURLConnection.getInputStream(HttpURLConnection.java:1577)
at java.base/java.net.HttpURLConnection.getResponseCode(HttpURLConnection.java:527)
at java.base/sun.net.www.protocol.https.HttpsURLConnectionImpl.getResponseCode(HttpsURLConnectionImpl.java:308)
at io.cucumber.core.plugin.UrlOutputStream.getResponseBody(UrlOutputStream.java:111)
at io.cucumber.core.plugin.UrlOutputStream.sendRequest(UrlOutputStream.java:83)
at io.cucumber.core.plugin.UrlOutputStream.close(UrlOutputStream.java:63)
at java.base/sun.nio.cs.StreamEncoder.implClose(StreamEncoder.java:353)
at java.base/sun.nio.cs.StreamEncoder.close(StreamEncoder.java:168)
at java.base/java.io.OutputStreamWriter.close(OutputStreamWriter.java:252)
at io.cucumber.core.plugin.MessageFormatter.writeMessage(MessageFormatter.java:33)
... 35 more
Caused by: javax.net.ssl.SSLHandshakeException: PKIX path building failed: sun.security.provider.certpath.SunCertPathBuilderException: unable to find valid certification path to requested target
at java.base/sun.security.ssl.Alert.createSSLException(Alert.java:131)
at java.base/sun.security.ssl.TransportContext.fatal(TransportContext.java:369)
at java.base/sun.security.ssl.TransportContext.fatal(TransportContext.java:312)
at java.base/sun.security.ssl.TransportContext.fatal(TransportContext.java:307)
at java.base/sun.security.ssl.CertificateMessage$T13CertificateConsumer.checkServerCerts(CertificateMessage.java:1357)
at java.base/sun.security.ssl.CertificateMessage$T13CertificateConsumer.onConsumeCertificate(CertificateMessage.java:1232)
at java.base/sun.security.ssl.CertificateMessage$T13CertificateConsumer.consume(CertificateMessage.java:1175)
at java.base/sun.security.ssl.SSLHandshake.consume(SSLHandshake.java:396)
at java.base/sun.security.ssl.HandshakeContext.dispatch(HandshakeContext.java:480)
at java.base/sun.security.ssl.HandshakeContext.dispatch(HandshakeContext.java:458)
at java.base/sun.security.ssl.TransportContext.dispatch(TransportContext.java:199)
at java.base/sun.security.ssl.SSLTransport.decode(SSLTransport.java:172)
at java.base/sun.security.ssl.SSLSocketImpl.decode(SSLSocketImpl.java:1506)
at java.base/sun.security.ssl.SSLSocketImpl.readHandshakeRecord(SSLSocketImpl.java:1416)
at java.base/sun.security.ssl.SSLSocketImpl.startHandshake(SSLSocketImpl.java:451)
at java.base/sun.security.ssl.SSLSocketImpl.startHandshake(SSLSocketImpl.java:422)
at java.base/sun.net.www.protocol.https.HttpsClient.afterConnect(HttpsClient.java:574)
at java.base/sun.net.www.protocol.https.AbstractDelegateHttpsURLConnection.connect(AbstractDelegateHttpsURLConnection.java:183)
at java.base/sun.net.www.protocol.http.HttpURLConnection.getInputStream0(HttpURLConnection.java:1653)
at java.base/sun.net.www.protocol.http.HttpURLConnection.getInputStream(HttpURLConnection.java:1577)
at java.base/sun.net.www.protocol.http.HttpURLConnection.getHeaderFields(HttpURLConnection.java:3229)
at java.base/sun.net.www.protocol.https.HttpsURLConnectionImpl.getHeaderFields(HttpsURLConnectionImpl.java:253)
at io.cucumber.core.plugin.UrlOutputStream.getResponseBody(UrlOutputStream.java:110)
... 41 more
Caused by: sun.security.validator.ValidatorException: PKIX path building failed: sun.security.provider.certpath.SunCertPathBuilderException: unable to find valid certification path to requested target
at java.base/sun.security.validator.PKIXValidator.doBuild(PKIXValidator.java:439)
at java.base/sun.security.validator.PKIXValidator.engineValidate(PKIXValidator.java:306)
at java.base/sun.security.validator.Validator.validate(Validator.java:264)
at java.base/sun.security.ssl.X509TrustManagerImpl.checkTrusted(X509TrustManagerImpl.java:231)
at java.base/sun.security.ssl.X509TrustManagerImpl.checkServerTrusted(X509TrustManagerImpl.java:132)
at java.base/sun.security.ssl.CertificateMessage$T13CertificateConsumer.checkServerCerts(CertificateMessage.java:1341)
... 59 more
Caused by: sun.security.provider.certpath.SunCertPathBuilderException: unable to find valid certification path to requested target
at java.base/sun.security.provider.certpath.SunCertPathBuilder.build(SunCertPathBuilder.java:141)
at java.base/sun.security.provider.certpath.SunCertPathBuilder.engineBuild(SunCertPathBuilder.java:126)
at java.base/java.security.cert.CertPathBuilder.build(CertPathBuilder.java:297)
at java.base/sun.security.validator.PKIXValidator.doBuild(PKIXValidator.java:434)
... 64 more
... Removed 33 stack frames]]>
    </failure>
  </testcase> <!-- @AfterClass tearDownClass -->
  <testcase classname="io.cucumber.testng.AbstractTestNGCucumberTests" name="runScenario" time="0.677">
    <failure type="java.lang.AssertionError" message="Environment Variable is NOT Set">
      <![CDATA[java.lang.AssertionError: Environment Variable is NOT Set
at tests.utility.Hooks.ConfigFileReader(Hooks.java:69)
at tests.utility.Hooks.initWebDriver(Hooks.java:159)
... Removed 1 stack frames]]>
    </failure>
  </testcase> <!-- runScenario -->
  <testcase classname="io.cucumber.testng.AbstractTestNGCucumberTests" name="runScenario" time="0.097">
    <failure type="java.lang.AssertionError" message="Environment Variable is NOT Set">
      <![CDATA[java.lang.AssertionError: Environment Variable is NOT Set
at tests.utility.Hooks.ConfigFileReader(Hooks.java:69)
at tests.utility.Hooks.initWebDriver(Hooks.java:159)
... Removed 1 stack frames]]>
    </failure>
  </testcase> <!-- runScenario -->
  <testcase classname="io.cucumber.testng.AbstractTestNGCucumberTests" name="runScenario" time="0.078">
    <failure type="java.lang.AssertionError" message="Environment Variable is NOT Set">
      <![CDATA[java.lang.AssertionError: Environment Variable is NOT Set
at tests.utility.Hooks.ConfigFileReader(Hooks.java:69)
at tests.utility.Hooks.initWebDriver(Hooks.java:159)
... Removed 1 stack frames]]>
    </failure>
  </testcase> <!-- runScenario -->
  <testcase classname="io.cucumber.testng.AbstractTestNGCucumberTests" name="runScenario" time="0.065">
    <failure type="java.lang.AssertionError" message="Environment Variable is NOT Set">
      <![CDATA[java.lang.AssertionError: Environment Variable is NOT Set
at tests.utility.Hooks.ConfigFileReader(Hooks.java:69)
at tests.utility.Hooks.initWebDriver(Hooks.java:159)
... Removed 1 stack frames]]>
    </failure>
  </testcase> <!-- runScenario -->
  <testcase classname="io.cucumber.testng.AbstractTestNGCucumberTests" name="runScenario" time="0.082">
    <failure type="java.lang.AssertionError" message="Environment Variable is NOT Set">
      <![CDATA[java.lang.AssertionError: Environment Variable is NOT Set
at tests.utility.Hooks.ConfigFileReader(Hooks.java:69)
at tests.utility.Hooks.initWebDriver(Hooks.java:159)
... Removed 1 stack frames]]>
    </failure>
  </testcase> <!-- runScenario -->
  <testcase classname="io.cucumber.testng.AbstractTestNGCucumberTests" name="runScenario" time="0.066">
    <failure type="java.lang.AssertionError" message="Environment Variable is NOT Set">
      <![CDATA[java.lang.AssertionError: Environment Variable is NOT Set
at tests.utility.Hooks.ConfigFileReader(Hooks.java:69)
at tests.utility.Hooks.initWebDriver(Hooks.java:159)
... Removed 1 stack frames]]>
    </failure>
  </testcase> <!-- runScenario -->
  <testcase classname="io.cucumber.testng.AbstractTestNGCucumberTests" name="runScenario" time="0.057">
    <failure type="java.lang.AssertionError" message="Environment Variable is NOT Set">
      <![CDATA[java.lang.AssertionError: Environment Variable is NOT Set
at tests.utility.Hooks.ConfigFileReader(Hooks.java:69)
at tests.utility.Hooks.initWebDriver(Hooks.java:159)
... Removed 1 stack frames]]>
    </failure>
  </testcase> <!-- runScenario -->
  <testcase classname="io.cucumber.testng.AbstractTestNGCucumberTests" name="runScenario" time="0.058">
    <failure type="java.lang.AssertionError" message="Environment Variable is NOT Set">
      <![CDATA[java.lang.AssertionError: Environment Variable is NOT Set
at tests.utility.Hooks.ConfigFileReader(Hooks.java:69)
at tests.utility.Hooks.initWebDriver(Hooks.java:159)
... Removed 1 stack frames]]>
    </failure>
  </testcase> <!-- runScenario -->
  <testcase classname="io.cucumber.testng.AbstractTestNGCucumberTests" name="runScenario" time="0.06">
    <failure type="java.lang.AssertionError" message="Environment Variable is NOT Set">
      <![CDATA[java.lang.AssertionError: Environment Variable is NOT Set
at tests.utility.Hooks.ConfigFileReader(Hooks.java:69)
at tests.utility.Hooks.initWebDriver(Hooks.java:159)
... Removed 1 stack frames]]>
    </failure>
  </testcase> <!-- runScenario -->
  <testcase classname="io.cucumber.testng.AbstractTestNGCucumberTests" name="runScenario" time="0.066">
    <failure type="java.lang.AssertionError" message="Environment Variable is NOT Set">
      <![CDATA[java.lang.AssertionError: Environment Variable is NOT Set
at tests.utility.Hooks.ConfigFileReader(Hooks.java:69)
at tests.utility.Hooks.initWebDriver(Hooks.java:159)
... Removed 1 stack frames]]>
    </failure>
  </testcase> <!-- runScenario -->
  <testcase classname="io.cucumber.testng.AbstractTestNGCucumberTests" name="runScenario" time="0.052">
    <failure type="java.lang.AssertionError" message="Environment Variable is NOT Set">
      <![CDATA[java.lang.AssertionError: Environment Variable is NOT Set
at tests.utility.Hooks.ConfigFileReader(Hooks.java:69)
at tests.utility.Hooks.initWebDriver(Hooks.java:159)
... Removed 1 stack frames]]>
    </failure>
  </testcase> <!-- runScenario -->
  <testcase classname="io.cucumber.testng.AbstractTestNGCucumberTests" name="runScenario" time="0.042">
    <failure type="java.lang.AssertionError" message="Environment Variable is NOT Set">
      <![CDATA[java.lang.AssertionError: Environment Variable is NOT Set
at tests.utility.Hooks.ConfigFileReader(Hooks.java:69)
at tests.utility.Hooks.initWebDriver(Hooks.java:159)
... Removed 1 stack frames]]>
    </failure>
  </testcase> <!-- runScenario -->
  <testcase classname="io.cucumber.testng.AbstractTestNGCucumberTests" name="runScenario" time="0.039">
    <failure type="java.lang.AssertionError" message="Environment Variable is NOT Set">
      <![CDATA[java.lang.AssertionError: Environment Variable is NOT Set
at tests.utility.Hooks.ConfigFileReader(Hooks.java:69)
at tests.utility.Hooks.initWebDriver(Hooks.java:159)
... Removed 1 stack frames]]>
    </failure>
  </testcase> <!-- runScenario -->
  <testcase classname="io.cucumber.testng.AbstractTestNGCucumberTests" name="runScenario" time="0.043">
    <failure type="java.lang.AssertionError" message="Environment Variable is NOT Set">
      <![CDATA[java.lang.AssertionError: Environment Variable is NOT Set
at tests.utility.Hooks.ConfigFileReader(Hooks.java:69)
at tests.utility.Hooks.initWebDriver(Hooks.java:159)
... Removed 1 stack frames]]>
    </failure>
  </testcase> <!-- runScenario -->
  <testcase classname="io.cucumber.testng.AbstractTestNGCucumberTests" name="runScenario" time="0.041">
    <failure type="java.lang.AssertionError" message="Environment Variable is NOT Set">
      <![CDATA[java.lang.AssertionError: Environment Variable is NOT Set
at tests.utility.Hooks.ConfigFileReader(Hooks.java:69)
at tests.utility.Hooks.initWebDriver(Hooks.java:159)
... Removed 1 stack frames]]>
    </failure>
  </testcase> <!-- runScenario -->
  <testcase classname="io.cucumber.testng.AbstractTestNGCucumberTests" name="runScenario" time="0.056">
    <failure type="java.lang.AssertionError" message="Environment Variable is NOT Set">
      <![CDATA[java.lang.AssertionError: Environment Variable is NOT Set
at tests.utility.Hooks.ConfigFileReader(Hooks.java:69)
at tests.utility.Hooks.initWebDriver(Hooks.java:159)
... Removed 1 stack frames]]>
    </failure>
  </testcase> <!-- runScenario -->
  <testcase classname="io.cucumber.testng.AbstractTestNGCucumberTests" name="runScenario" time="0.06">
    <failure type="java.lang.AssertionError" message="Environment Variable is NOT Set">
      <![CDATA[java.lang.AssertionError: Environment Variable is NOT Set
at tests.utility.Hooks.ConfigFileReader(Hooks.java:69)
at tests.utility.Hooks.initWebDriver(Hooks.java:159)
... Removed 1 stack frames]]>
    </failure>
  </testcase> <!-- runScenario -->
  <testcase classname="io.cucumber.testng.AbstractTestNGCucumberTests" name="runScenario" time="0.045">
    <failure type="java.lang.AssertionError" message="Environment Variable is NOT Set">
      <![CDATA[java.lang.AssertionError: Environment Variable is NOT Set
at tests.utility.Hooks.ConfigFileReader(Hooks.java:69)
at tests.utility.Hooks.initWebDriver(Hooks.java:159)
... Removed 1 stack frames]]>
    </failure>
  </testcase> <!-- runScenario -->
  <testcase classname="io.cucumber.testng.AbstractTestNGCucumberTests" name="runScenario" time="0.044">
    <failure type="java.lang.AssertionError" message="Environment Variable is NOT Set">
      <![CDATA[java.lang.AssertionError: Environment Variable is NOT Set
at tests.utility.Hooks.ConfigFileReader(Hooks.java:69)
at tests.utility.Hooks.initWebDriver(Hooks.java:159)
... Removed 1 stack frames]]>
    </failure>
  </testcase> <!-- runScenario -->
  <testcase classname="io.cucumber.testng.AbstractTestNGCucumberTests" name="runScenario" time="0.045">
    <failure type="java.lang.AssertionError" message="Environment Variable is NOT Set">
      <![CDATA[java.lang.AssertionError: Environment Variable is NOT Set
at tests.utility.Hooks.ConfigFileReader(Hooks.java:69)
at tests.utility.Hooks.initWebDriver(Hooks.java:159)
... Removed 1 stack frames]]>
    </failure>
  </testcase> <!-- runScenario -->
  <testcase classname="io.cucumber.testng.AbstractTestNGCucumberTests" name="runScenario" time="0.041">
    <failure type="java.lang.AssertionError" message="Environment Variable is NOT Set">
      <![CDATA[java.lang.AssertionError: Environment Variable is NOT Set
at tests.utility.Hooks.ConfigFileReader(Hooks.java:69)
at tests.utility.Hooks.initWebDriver(Hooks.java:159)
... Removed 1 stack frames]]>
    </failure>
  </testcase> <!-- runScenario -->
  <testcase classname="io.cucumber.testng.AbstractTestNGCucumberTests" name="runScenario" time="0.042">
    <failure type="java.lang.AssertionError" message="Environment Variable is NOT Set">
      <![CDATA[java.lang.AssertionError: Environment Variable is NOT Set
at tests.utility.Hooks.ConfigFileReader(Hooks.java:69)
at tests.utility.Hooks.initWebDriver(Hooks.java:159)
... Removed 1 stack frames]]>
    </failure>
  </testcase> <!-- runScenario -->
  <testcase classname="io.cucumber.testng.AbstractTestNGCucumberTests" name="runScenario" time="0.04">
    <failure type="java.lang.AssertionError" message="Environment Variable is NOT Set">
      <![CDATA[java.lang.AssertionError: Environment Variable is NOT Set
at tests.utility.Hooks.ConfigFileReader(Hooks.java:69)
at tests.utility.Hooks.initWebDriver(Hooks.java:159)
... Removed 1 stack frames]]>
    </failure>
  </testcase> <!-- runScenario -->
  <testcase classname="io.cucumber.testng.AbstractTestNGCucumberTests" name="runScenario" time="0.043">
    <failure type="java.lang.AssertionError" message="Environment Variable is NOT Set">
      <![CDATA[java.lang.AssertionError: Environment Variable is NOT Set
at tests.utility.Hooks.ConfigFileReader(Hooks.java:69)
at tests.utility.Hooks.initWebDriver(Hooks.java:159)
... Removed 1 stack frames]]>
    </failure>
  </testcase> <!-- runScenario -->
  <testcase classname="io.cucumber.testng.AbstractTestNGCucumberTests" name="runScenario" time="0.041">
    <failure type="java.lang.AssertionError" message="Environment Variable is NOT Set">
      <![CDATA[java.lang.AssertionError: Environment Variable is NOT Set
at tests.utility.Hooks.ConfigFileReader(Hooks.java:69)
at tests.utility.Hooks.initWebDriver(Hooks.java:159)
... Removed 1 stack frames]]>
    </failure>
  </testcase> <!-- runScenario -->
  <testcase classname="io.cucumber.testng.AbstractTestNGCucumberTests" name="runScenario" time="0.034">
    <failure type="java.lang.AssertionError" message="Environment Variable is NOT Set">
      <![CDATA[java.lang.AssertionError: Environment Variable is NOT Set
at tests.utility.Hooks.ConfigFileReader(Hooks.java:69)
at tests.utility.Hooks.initWebDriver(Hooks.java:159)
... Removed 1 stack frames]]>
    </failure>
  </testcase> <!-- runScenario -->
  <testcase classname="io.cucumber.testng.AbstractTestNGCucumberTests" name="runScenario" time="0.034">
    <failure type="java.lang.AssertionError" message="Environment Variable is NOT Set">
      <![CDATA[java.lang.AssertionError: Environment Variable is NOT Set
at tests.utility.Hooks.ConfigFileReader(Hooks.java:69)
at tests.utility.Hooks.initWebDriver(Hooks.java:159)
... Removed 1 stack frames]]>
    </failure>
  </testcase> <!-- runScenario -->
  <testcase classname="io.cucumber.testng.AbstractTestNGCucumberTests" name="runScenario" time="0.034">
    <failure type="java.lang.AssertionError" message="Environment Variable is NOT Set">
      <![CDATA[java.lang.AssertionError: Environment Variable is NOT Set
at tests.utility.Hooks.ConfigFileReader(Hooks.java:69)
at tests.utility.Hooks.initWebDriver(Hooks.java:159)
... Removed 1 stack frames]]>
    </failure>
  </testcase> <!-- runScenario -->
  <testcase classname="io.cucumber.testng.AbstractTestNGCucumberTests" name="runScenario" time="0.038">
    <failure type="java.lang.AssertionError" message="Environment Variable is NOT Set">
      <![CDATA[java.lang.AssertionError: Environment Variable is NOT Set
at tests.utility.Hooks.ConfigFileReader(Hooks.java:69)
at tests.utility.Hooks.initWebDriver(Hooks.java:159)
... Removed 1 stack frames]]>
    </failure>
  </testcase> <!-- runScenario -->
  <testcase classname="io.cucumber.testng.AbstractTestNGCucumberTests" name="runScenario" time="0.037">
    <failure type="java.lang.AssertionError" message="Environment Variable is NOT Set">
      <![CDATA[java.lang.AssertionError: Environment Variable is NOT Set
at tests.utility.Hooks.ConfigFileReader(Hooks.java:69)
at tests.utility.Hooks.initWebDriver(Hooks.java:159)
... Removed 1 stack frames]]>
    </failure>
  </testcase> <!-- runScenario -->
  <testcase classname="io.cucumber.testng.AbstractTestNGCucumberTests" name="runScenario" time="0.037">
    <failure type="java.lang.AssertionError" message="Environment Variable is NOT Set">
      <![CDATA[java.lang.AssertionError: Environment Variable is NOT Set
at tests.utility.Hooks.ConfigFileReader(Hooks.java:69)
at tests.utility.Hooks.initWebDriver(Hooks.java:159)
... Removed 1 stack frames]]>
    </failure>
  </testcase> <!-- runScenario -->
  <testcase classname="io.cucumber.testng.AbstractTestNGCucumberTests" name="runScenario" time="0.036">
    <failure type="java.lang.AssertionError" message="Environment Variable is NOT Set">
      <![CDATA[java.lang.AssertionError: Environment Variable is NOT Set
at tests.utility.Hooks.ConfigFileReader(Hooks.java:69)
at tests.utility.Hooks.initWebDriver(Hooks.java:159)
... Removed 1 stack frames]]>
    </failure>
  </testcase> <!-- runScenario -->
  <testcase classname="io.cucumber.testng.AbstractTestNGCucumberTests" name="runScenario" time="0.037">
    <failure type="java.lang.AssertionError" message="Environment Variable is NOT Set">
      <![CDATA[java.lang.AssertionError: Environment Variable is NOT Set
at tests.utility.Hooks.ConfigFileReader(Hooks.java:69)
at tests.utility.Hooks.initWebDriver(Hooks.java:159)
... Removed 1 stack frames]]>
    </failure>
  </testcase> <!-- runScenario -->
  <testcase classname="io.cucumber.testng.AbstractTestNGCucumberTests" name="runScenario" time="0.031">
    <failure type="java.lang.AssertionError" message="Environment Variable is NOT Set">
      <![CDATA[java.lang.AssertionError: Environment Variable is NOT Set
at tests.utility.Hooks.ConfigFileReader(Hooks.java:69)
at tests.utility.Hooks.initWebDriver(Hooks.java:159)
... Removed 1 stack frames]]>
    </failure>
  </testcase> <!-- runScenario -->
  <testcase classname="io.cucumber.testng.AbstractTestNGCucumberTests" name="runScenario" time="0.036">
    <failure type="java.lang.AssertionError" message="Environment Variable is NOT Set">
      <![CDATA[java.lang.AssertionError: Environment Variable is NOT Set
at tests.utility.Hooks.ConfigFileReader(Hooks.java:69)
at tests.utility.Hooks.initWebDriver(Hooks.java:159)
... Removed 1 stack frames]]>
    </failure>
  </testcase> <!-- runScenario -->
  <testcase classname="io.cucumber.testng.AbstractTestNGCucumberTests" name="runScenario" time="0.043">
    <failure type="java.lang.AssertionError" message="Environment Variable is NOT Set">
      <![CDATA[java.lang.AssertionError: Environment Variable is NOT Set
at tests.utility.Hooks.ConfigFileReader(Hooks.java:69)
at tests.utility.Hooks.initWebDriver(Hooks.java:159)
... Removed 1 stack frames]]>
    </failure>
  </testcase> <!-- runScenario -->
  <testcase classname="io.cucumber.testng.AbstractTestNGCucumberTests" name="runScenario" time="0.038">
    <failure type="java.lang.AssertionError" message="Environment Variable is NOT Set">
      <![CDATA[java.lang.AssertionError: Environment Variable is NOT Set
at tests.utility.Hooks.ConfigFileReader(Hooks.java:69)
at tests.utility.Hooks.initWebDriver(Hooks.java:159)
... Removed 1 stack frames]]>
    </failure>
  </testcase> <!-- runScenario -->
  <testcase classname="io.cucumber.testng.AbstractTestNGCucumberTests" name="runScenario" time="0.031">
    <failure type="java.lang.AssertionError" message="Environment Variable is NOT Set">
      <![CDATA[java.lang.AssertionError: Environment Variable is NOT Set
at tests.utility.Hooks.ConfigFileReader(Hooks.java:69)
at tests.utility.Hooks.initWebDriver(Hooks.java:159)
... Removed 1 stack frames]]>
    </failure>
  </testcase> <!-- runScenario -->
  <testcase classname="io.cucumber.testng.AbstractTestNGCucumberTests" name="runScenario" time="0.037">
    <failure type="java.lang.AssertionError" message="Environment Variable is NOT Set">
      <![CDATA[java.lang.AssertionError: Environment Variable is NOT Set
at tests.utility.Hooks.ConfigFileReader(Hooks.java:69)
at tests.utility.Hooks.initWebDriver(Hooks.java:159)
... Removed 1 stack frames]]>
    </failure>
  </testcase> <!-- runScenario -->
  <testcase classname="io.cucumber.testng.AbstractTestNGCucumberTests" name="runScenario" time="0.031">
    <failure type="java.lang.AssertionError" message="Environment Variable is NOT Set">
      <![CDATA[java.lang.AssertionError: Environment Variable is NOT Set
at tests.utility.Hooks.ConfigFileReader(Hooks.java:69)
at tests.utility.Hooks.initWebDriver(Hooks.java:159)
... Removed 1 stack frames]]>
    </failure>
  </testcase> <!-- runScenario -->
  <testcase classname="io.cucumber.testng.AbstractTestNGCucumberTests" name="runScenario" time="0.031">
    <failure type="java.lang.AssertionError" message="Environment Variable is NOT Set">
      <![CDATA[java.lang.AssertionError: Environment Variable is NOT Set
at tests.utility.Hooks.ConfigFileReader(Hooks.java:69)
at tests.utility.Hooks.initWebDriver(Hooks.java:159)
... Removed 1 stack frames]]>
    </failure>
  </testcase> <!-- runScenario -->
  <testcase classname="io.cucumber.testng.AbstractTestNGCucumberTests" name="runScenario" time="0.033">
    <failure type="java.lang.AssertionError" message="Environment Variable is NOT Set">
      <![CDATA[java.lang.AssertionError: Environment Variable is NOT Set
at tests.utility.Hooks.ConfigFileReader(Hooks.java:69)
at tests.utility.Hooks.initWebDriver(Hooks.java:159)
... Removed 1 stack frames]]>
    </failure>
  </testcase> <!-- runScenario -->
  <testcase classname="io.cucumber.testng.AbstractTestNGCucumberTests" name="runScenario" time="0.062">
    <failure type="java.lang.AssertionError" message="Environment Variable is NOT Set">
      <![CDATA[java.lang.AssertionError: Environment Variable is NOT Set
at tests.utility.Hooks.ConfigFileReader(Hooks.java:69)
at tests.utility.Hooks.initWebDriver(Hooks.java:159)
... Removed 1 stack frames]]>
    </failure>
  </testcase> <!-- runScenario -->
  <testcase classname="io.cucumber.testng.AbstractTestNGCucumberTests" name="runScenario" time="0.033">
    <failure type="java.lang.AssertionError" message="Environment Variable is NOT Set">
      <![CDATA[java.lang.AssertionError: Environment Variable is NOT Set
at tests.utility.Hooks.ConfigFileReader(Hooks.java:69)
at tests.utility.Hooks.initWebDriver(Hooks.java:159)
... Removed 1 stack frames]]>
    </failure>
  </testcase> <!-- runScenario -->
  <testcase classname="io.cucumber.testng.AbstractTestNGCucumberTests" name="runScenario" time="0.037">
    <failure type="java.lang.AssertionError" message="Environment Variable is NOT Set">
      <![CDATA[java.lang.AssertionError: Environment Variable is NOT Set
at tests.utility.Hooks.ConfigFileReader(Hooks.java:69)
at tests.utility.Hooks.initWebDriver(Hooks.java:159)
... Removed 1 stack frames]]>
    </failure>
  </testcase> <!-- runScenario -->
  <testcase classname="io.cucumber.testng.AbstractTestNGCucumberTests" name="runScenario" time="0.032">
    <failure type="java.lang.AssertionError" message="Environment Variable is NOT Set">
      <![CDATA[java.lang.AssertionError: Environment Variable is NOT Set
at tests.utility.Hooks.ConfigFileReader(Hooks.java:69)
at tests.utility.Hooks.initWebDriver(Hooks.java:159)
... Removed 1 stack frames]]>
    </failure>
  </testcase> <!-- runScenario -->
  <testcase classname="io.cucumber.testng.AbstractTestNGCucumberTests" name="runScenario" time="0.032">
    <failure type="java.lang.AssertionError" message="Environment Variable is NOT Set">
      <![CDATA[java.lang.AssertionError: Environment Variable is NOT Set
at tests.utility.Hooks.ConfigFileReader(Hooks.java:69)
at tests.utility.Hooks.initWebDriver(Hooks.java:159)
... Removed 1 stack frames]]>
    </failure>
  </testcase> <!-- runScenario -->
  <testcase classname="io.cucumber.testng.AbstractTestNGCucumberTests" name="runScenario" time="0.034">
    <failure type="java.lang.AssertionError" message="Environment Variable is NOT Set">
      <![CDATA[java.lang.AssertionError: Environment Variable is NOT Set
at tests.utility.Hooks.ConfigFileReader(Hooks.java:69)
at tests.utility.Hooks.initWebDriver(Hooks.java:159)
... Removed 1 stack frames]]>
    </failure>
  </testcase> <!-- runScenario -->
  <testcase classname="io.cucumber.testng.AbstractTestNGCucumberTests" name="runScenario" time="0.033">
    <failure type="java.lang.AssertionError" message="Environment Variable is NOT Set">
      <![CDATA[java.lang.AssertionError: Environment Variable is NOT Set
at tests.utility.Hooks.ConfigFileReader(Hooks.java:69)
at tests.utility.Hooks.initWebDriver(Hooks.java:159)
... Removed 1 stack frames]]>
    </failure>
  </testcase> <!-- runScenario -->
  <testcase classname="io.cucumber.testng.AbstractTestNGCucumberTests" name="runScenario" time="0.037">
    <failure type="java.lang.AssertionError" message="Environment Variable is NOT Set">
      <![CDATA[java.lang.AssertionError: Environment Variable is NOT Set
at tests.utility.Hooks.ConfigFileReader(Hooks.java:69)
at tests.utility.Hooks.initWebDriver(Hooks.java:159)
... Removed 1 stack frames]]>
    </failure>
  </testcase> <!-- runScenario -->
  <testcase classname="io.cucumber.testng.AbstractTestNGCucumberTests" name="runScenario" time="0.042">
    <failure type="java.lang.AssertionError" message="Environment Variable is NOT Set">
      <![CDATA[java.lang.AssertionError: Environment Variable is NOT Set
at tests.utility.Hooks.ConfigFileReader(Hooks.java:69)
at tests.utility.Hooks.initWebDriver(Hooks.java:159)
... Removed 1 stack frames]]>
    </failure>
  </testcase> <!-- runScenario -->
  <testcase classname="io.cucumber.testng.AbstractTestNGCucumberTests" name="runScenario" time="0.031">
    <failure type="java.lang.AssertionError" message="Environment Variable is NOT Set">
      <![CDATA[java.lang.AssertionError: Environment Variable is NOT Set
at tests.utility.Hooks.ConfigFileReader(Hooks.java:69)
at tests.utility.Hooks.initWebDriver(Hooks.java:159)
... Removed 1 stack frames]]>
    </failure>
  </testcase> <!-- runScenario -->
  <testcase classname="io.cucumber.testng.AbstractTestNGCucumberTests" name="runScenario" time="0.032">
    <failure type="java.lang.AssertionError" message="Environment Variable is NOT Set">
      <![CDATA[java.lang.AssertionError: Environment Variable is NOT Set
at tests.utility.Hooks.ConfigFileReader(Hooks.java:69)
at tests.utility.Hooks.initWebDriver(Hooks.java:159)
... Removed 1 stack frames]]>
    </failure>
  </testcase> <!-- runScenario -->
  <testcase classname="io.cucumber.testng.AbstractTestNGCucumberTests" name="runScenario" time="0.032">
    <failure type="java.lang.AssertionError" message="Environment Variable is NOT Set">
      <![CDATA[java.lang.AssertionError: Environment Variable is NOT Set
at tests.utility.Hooks.ConfigFileReader(Hooks.java:69)
at tests.utility.Hooks.initWebDriver(Hooks.java:159)
... Removed 1 stack frames]]>
    </failure>
  </testcase> <!-- runScenario -->
  <testcase classname="io.cucumber.testng.AbstractTestNGCucumberTests" name="runScenario" time="0.036">
    <failure type="java.lang.AssertionError" message="Environment Variable is NOT Set">
      <![CDATA[java.lang.AssertionError: Environment Variable is NOT Set
at tests.utility.Hooks.ConfigFileReader(Hooks.java:69)
at tests.utility.Hooks.initWebDriver(Hooks.java:159)
... Removed 1 stack frames]]>
    </failure>
  </testcase> <!-- runScenario -->
  <testcase classname="io.cucumber.testng.AbstractTestNGCucumberTests" name="runScenario" time="0.035">
    <failure type="java.lang.AssertionError" message="Environment Variable is NOT Set">
      <![CDATA[java.lang.AssertionError: Environment Variable is NOT Set
at tests.utility.Hooks.ConfigFileReader(Hooks.java:69)
at tests.utility.Hooks.initWebDriver(Hooks.java:159)
... Removed 1 stack frames]]>
    </failure>
  </testcase> <!-- runScenario -->
  <testcase classname="io.cucumber.testng.AbstractTestNGCucumberTests" name="runScenario" time="0.038">
    <failure type="java.lang.AssertionError" message="Environment Variable is NOT Set">
      <![CDATA[java.lang.AssertionError: Environment Variable is NOT Set
at tests.utility.Hooks.ConfigFileReader(Hooks.java:69)
at tests.utility.Hooks.initWebDriver(Hooks.java:159)
... Removed 1 stack frames]]>
    </failure>
  </testcase> <!-- runScenario -->
  <testcase classname="io.cucumber.testng.AbstractTestNGCucumberTests" name="runScenario" time="0.031">
    <failure type="java.lang.AssertionError" message="Environment Variable is NOT Set">
      <![CDATA[java.lang.AssertionError: Environment Variable is NOT Set
at tests.utility.Hooks.ConfigFileReader(Hooks.java:69)
at tests.utility.Hooks.initWebDriver(Hooks.java:159)
... Removed 1 stack frames]]>
    </failure>
  </testcase> <!-- runScenario -->
  <testcase classname="io.cucumber.testng.AbstractTestNGCucumberTests" name="runScenario" time="0.036">
    <failure type="java.lang.AssertionError" message="Environment Variable is NOT Set">
      <![CDATA[java.lang.AssertionError: Environment Variable is NOT Set
at tests.utility.Hooks.ConfigFileReader(Hooks.java:69)
at tests.utility.Hooks.initWebDriver(Hooks.java:159)
... Removed 1 stack frames]]>
    </failure>
  </testcase> <!-- runScenario -->
  <testcase classname="io.cucumber.testng.AbstractTestNGCucumberTests" name="runScenario" time="0.037">
    <failure type="java.lang.AssertionError" message="Environment Variable is NOT Set">
      <![CDATA[java.lang.AssertionError: Environment Variable is NOT Set
at tests.utility.Hooks.ConfigFileReader(Hooks.java:69)
at tests.utility.Hooks.initWebDriver(Hooks.java:159)
... Removed 1 stack frames]]>
    </failure>
  </testcase> <!-- runScenario -->
  <testcase classname="io.cucumber.testng.AbstractTestNGCucumberTests" name="runScenario" time="0.034">
    <failure type="java.lang.AssertionError" message="Environment Variable is NOT Set">
      <![CDATA[java.lang.AssertionError: Environment Variable is NOT Set
at tests.utility.Hooks.ConfigFileReader(Hooks.java:69)
at tests.utility.Hooks.initWebDriver(Hooks.java:159)
... Removed 1 stack frames]]>
    </failure>
  </testcase> <!-- runScenario -->
  <testcase classname="io.cucumber.testng.AbstractTestNGCucumberTests" name="runScenario" time="0.034">
    <failure type="java.lang.AssertionError" message="Environment Variable is NOT Set">
      <![CDATA[java.lang.AssertionError: Environment Variable is NOT Set
at tests.utility.Hooks.ConfigFileReader(Hooks.java:69)
at tests.utility.Hooks.initWebDriver(Hooks.java:159)
... Removed 1 stack frames]]>
    </failure>
  </testcase> <!-- runScenario -->
  <testcase classname="io.cucumber.testng.AbstractTestNGCucumberTests" name="runScenario" time="0.03">
    <failure type="java.lang.AssertionError" message="Environment Variable is NOT Set">
      <![CDATA[java.lang.AssertionError: Environment Variable is NOT Set
at tests.utility.Hooks.ConfigFileReader(Hooks.java:69)
at tests.utility.Hooks.initWebDriver(Hooks.java:159)
... Removed 1 stack frames]]>
    </failure>
  </testcase> <!-- runScenario -->
  <testcase classname="io.cucumber.testng.AbstractTestNGCucumberTests" name="runScenario" time="0.03">
    <failure type="java.lang.AssertionError" message="Environment Variable is NOT Set">
      <![CDATA[java.lang.AssertionError: Environment Variable is NOT Set
at tests.utility.Hooks.ConfigFileReader(Hooks.java:69)
at tests.utility.Hooks.initWebDriver(Hooks.java:159)
... Removed 1 stack frames]]>
    </failure>
  </testcase> <!-- runScenario -->
  <testcase classname="io.cucumber.testng.AbstractTestNGCucumberTests" name="runScenario" time="0.037">
    <failure type="java.lang.AssertionError" message="Environment Variable is NOT Set">
      <![CDATA[java.lang.AssertionError: Environment Variable is NOT Set
at tests.utility.Hooks.ConfigFileReader(Hooks.java:69)
at tests.utility.Hooks.initWebDriver(Hooks.java:159)
... Removed 1 stack frames]]>
    </failure>
  </testcase> <!-- runScenario -->
  <testcase classname="io.cucumber.testng.AbstractTestNGCucumberTests" name="runScenario" time="0.031">
    <failure type="java.lang.AssertionError" message="Environment Variable is NOT Set">
      <![CDATA[java.lang.AssertionError: Environment Variable is NOT Set
at tests.utility.Hooks.ConfigFileReader(Hooks.java:69)
at tests.utility.Hooks.initWebDriver(Hooks.java:159)
... Removed 1 stack frames]]>
    </failure>
  </testcase> <!-- runScenario -->
  <testcase classname="io.cucumber.testng.AbstractTestNGCucumberTests" name="runScenario" time="0.031">
    <failure type="java.lang.AssertionError" message="Environment Variable is NOT Set">
      <![CDATA[java.lang.AssertionError: Environment Variable is NOT Set
at tests.utility.Hooks.ConfigFileReader(Hooks.java:69)
at tests.utility.Hooks.initWebDriver(Hooks.java:159)
... Removed 1 stack frames]]>
    </failure>
  </testcase> <!-- runScenario -->
  <testcase classname="io.cucumber.testng.AbstractTestNGCucumberTests" name="runScenario" time="0.034">
    <failure type="java.lang.AssertionError" message="Environment Variable is NOT Set">
      <![CDATA[java.lang.AssertionError: Environment Variable is NOT Set
at tests.utility.Hooks.ConfigFileReader(Hooks.java:69)
at tests.utility.Hooks.initWebDriver(Hooks.java:159)
... Removed 1 stack frames]]>
    </failure>
  </testcase> <!-- runScenario -->
  <testcase classname="io.cucumber.testng.AbstractTestNGCucumberTests" name="runScenario" time="0.033">
    <failure type="java.lang.AssertionError" message="Environment Variable is NOT Set">
      <![CDATA[java.lang.AssertionError: Environment Variable is NOT Set
at tests.utility.Hooks.ConfigFileReader(Hooks.java:69)
at tests.utility.Hooks.initWebDriver(Hooks.java:159)
... Removed 1 stack frames]]>
    </failure>
  </testcase> <!-- runScenario -->
  <testcase classname="io.cucumber.testng.AbstractTestNGCucumberTests" name="runScenario" time="0.029">
    <failure type="java.lang.AssertionError" message="Environment Variable is NOT Set">
      <![CDATA[java.lang.AssertionError: Environment Variable is NOT Set
at tests.utility.Hooks.ConfigFileReader(Hooks.java:69)
at tests.utility.Hooks.initWebDriver(Hooks.java:159)
... Removed 1 stack frames]]>
    </failure>
  </testcase> <!-- runScenario -->
  <testcase classname="io.cucumber.testng.AbstractTestNGCucumberTests" name="runScenario" time="0.03">
    <failure type="java.lang.AssertionError" message="Environment Variable is NOT Set">
      <![CDATA[java.lang.AssertionError: Environment Variable is NOT Set
at tests.utility.Hooks.ConfigFileReader(Hooks.java:69)
at tests.utility.Hooks.initWebDriver(Hooks.java:159)
... Removed 1 stack frames]]>
    </failure>
  </testcase> <!-- runScenario -->
  <testcase classname="io.cucumber.testng.AbstractTestNGCucumberTests" name="runScenario" time="0.038">
    <failure type="java.lang.AssertionError" message="Environment Variable is NOT Set">
      <![CDATA[java.lang.AssertionError: Environment Variable is NOT Set
at tests.utility.Hooks.ConfigFileReader(Hooks.java:69)
at tests.utility.Hooks.initWebDriver(Hooks.java:159)
... Removed 1 stack frames]]>
    </failure>
  </testcase> <!-- runScenario -->
  <testcase classname="io.cucumber.testng.AbstractTestNGCucumberTests" name="runScenario" time="0.03">
    <failure type="java.lang.AssertionError" message="Environment Variable is NOT Set">
      <![CDATA[java.lang.AssertionError: Environment Variable is NOT Set
at tests.utility.Hooks.ConfigFileReader(Hooks.java:69)
at tests.utility.Hooks.initWebDriver(Hooks.java:159)
... Removed 1 stack frames]]>
    </failure>
  </testcase> <!-- runScenario -->
  <testcase classname="io.cucumber.testng.AbstractTestNGCucumberTests" name="runScenario" time="0.031">
    <failure type="java.lang.AssertionError" message="Environment Variable is NOT Set">
      <![CDATA[java.lang.AssertionError: Environment Variable is NOT Set
at tests.utility.Hooks.ConfigFileReader(Hooks.java:69)
at tests.utility.Hooks.initWebDriver(Hooks.java:159)
... Removed 1 stack frames]]>
    </failure>
  </testcase> <!-- runScenario -->
  <testcase classname="io.cucumber.testng.AbstractTestNGCucumberTests" name="runScenario" time="0.035">
    <failure type="java.lang.AssertionError" message="Environment Variable is NOT Set">
      <![CDATA[java.lang.AssertionError: Environment Variable is NOT Set
at tests.utility.Hooks.ConfigFileReader(Hooks.java:69)
at tests.utility.Hooks.initWebDriver(Hooks.java:159)
... Removed 1 stack frames]]>
    </failure>
  </testcase> <!-- runScenario -->
  <testcase classname="io.cucumber.testng.AbstractTestNGCucumberTests" name="runScenario" time="0.035">
    <failure type="java.lang.AssertionError" message="Environment Variable is NOT Set">
      <![CDATA[java.lang.AssertionError: Environment Variable is NOT Set
at tests.utility.Hooks.ConfigFileReader(Hooks.java:69)
at tests.utility.Hooks.initWebDriver(Hooks.java:159)
... Removed 1 stack frames]]>
    </failure>
  </testcase> <!-- runScenario -->
  <testcase classname="io.cucumber.testng.AbstractTestNGCucumberTests" name="runScenario" time="0.031">
    <failure type="java.lang.AssertionError" message="Environment Variable is NOT Set">
      <![CDATA[java.lang.AssertionError: Environment Variable is NOT Set
at tests.utility.Hooks.ConfigFileReader(Hooks.java:69)
at tests.utility.Hooks.initWebDriver(Hooks.java:159)
... Removed 1 stack frames]]>
    </failure>
  </testcase> <!-- runScenario -->
  <testcase classname="io.cucumber.testng.AbstractTestNGCucumberTests" name="runScenario" time="0.03">
    <failure type="java.lang.AssertionError" message="Environment Variable is NOT Set">
      <![CDATA[java.lang.AssertionError: Environment Variable is NOT Set
at tests.utility.Hooks.ConfigFileReader(Hooks.java:69)
at tests.utility.Hooks.initWebDriver(Hooks.java:159)
... Removed 1 stack frames]]>
    </failure>
  </testcase> <!-- runScenario -->
  <testcase classname="io.cucumber.testng.AbstractTestNGCucumberTests" name="runScenario" time="0.032">
    <failure type="java.lang.AssertionError" message="Environment Variable is NOT Set">
      <![CDATA[java.lang.AssertionError: Environment Variable is NOT Set
at tests.utility.Hooks.ConfigFileReader(Hooks.java:69)
at tests.utility.Hooks.initWebDriver(Hooks.java:159)
... Removed 1 stack frames]]>
    </failure>
  </testcase> <!-- runScenario -->
  <testcase classname="io.cucumber.testng.AbstractTestNGCucumberTests" name="runScenario" time="0.039">
    <failure type="java.lang.AssertionError" message="Environment Variable is NOT Set">
      <![CDATA[java.lang.AssertionError: Environment Variable is NOT Set
at tests.utility.Hooks.ConfigFileReader(Hooks.java:69)
at tests.utility.Hooks.initWebDriver(Hooks.java:159)
... Removed 1 stack frames]]>
    </failure>
  </testcase> <!-- runScenario -->
  <testcase classname="io.cucumber.testng.AbstractTestNGCucumberTests" name="runScenario" time="0.03">
    <failure type="java.lang.AssertionError" message="Environment Variable is NOT Set">
      <![CDATA[java.lang.AssertionError: Environment Variable is NOT Set
at tests.utility.Hooks.ConfigFileReader(Hooks.java:69)
at tests.utility.Hooks.initWebDriver(Hooks.java:159)
... Removed 1 stack frames]]>
    </failure>
  </testcase> <!-- runScenario -->
  <testcase classname="io.cucumber.testng.AbstractTestNGCucumberTests" name="runScenario" time="0.036">
    <failure type="java.lang.AssertionError" message="Environment Variable is NOT Set">
      <![CDATA[java.lang.AssertionError: Environment Variable is NOT Set
at tests.utility.Hooks.ConfigFileReader(Hooks.java:69)
at tests.utility.Hooks.initWebDriver(Hooks.java:159)
... Removed 1 stack frames]]>
    </failure>
  </testcase> <!-- runScenario -->
  <testcase classname="io.cucumber.testng.AbstractTestNGCucumberTests" name="runScenario" time="0.037">
    <failure type="java.lang.AssertionError" message="Environment Variable is NOT Set">
      <![CDATA[java.lang.AssertionError: Environment Variable is NOT Set
at tests.utility.Hooks.ConfigFileReader(Hooks.java:69)
at tests.utility.Hooks.initWebDriver(Hooks.java:159)
... Removed 1 stack frames]]>
    </failure>
  </testcase> <!-- runScenario -->
  <testcase classname="io.cucumber.testng.AbstractTestNGCucumberTests" name="runScenario" time="0.031">
    <failure type="java.lang.AssertionError" message="Environment Variable is NOT Set">
      <![CDATA[java.lang.AssertionError: Environment Variable is NOT Set
at tests.utility.Hooks.ConfigFileReader(Hooks.java:69)
at tests.utility.Hooks.initWebDriver(Hooks.java:159)
... Removed 1 stack frames]]>
    </failure>
  </testcase> <!-- runScenario -->
  <testcase classname="io.cucumber.testng.AbstractTestNGCucumberTests" name="runScenario" time="0.031">
    <failure type="java.lang.AssertionError" message="Environment Variable is NOT Set">
      <![CDATA[java.lang.AssertionError: Environment Variable is NOT Set
at tests.utility.Hooks.ConfigFileReader(Hooks.java:69)
at tests.utility.Hooks.initWebDriver(Hooks.java:159)
... Removed 1 stack frames]]>
    </failure>
  </testcase> <!-- runScenario -->
  <testcase classname="io.cucumber.testng.AbstractTestNGCucumberTests" name="runScenario" time="0.031">
    <failure type="java.lang.AssertionError" message="Environment Variable is NOT Set">
      <![CDATA[java.lang.AssertionError: Environment Variable is NOT Set
at tests.utility.Hooks.ConfigFileReader(Hooks.java:69)
at tests.utility.Hooks.initWebDriver(Hooks.java:159)
... Removed 1 stack frames]]>
    </failure>
  </testcase> <!-- runScenario -->
  <testcase classname="io.cucumber.testng.AbstractTestNGCucumberTests" name="runScenario" time="0.039">
    <failure type="java.lang.AssertionError" message="Environment Variable is NOT Set">
      <![CDATA[java.lang.AssertionError: Environment Variable is NOT Set
at tests.utility.Hooks.ConfigFileReader(Hooks.java:69)
at tests.utility.Hooks.initWebDriver(Hooks.java:159)
... Removed 1 stack frames]]>
    </failure>
  </testcase> <!-- runScenario -->
  <testcase classname="io.cucumber.testng.AbstractTestNGCucumberTests" name="runScenario" time="0.035">
    <failure type="java.lang.AssertionError" message="Environment Variable is NOT Set">
      <![CDATA[java.lang.AssertionError: Environment Variable is NOT Set
at tests.utility.Hooks.ConfigFileReader(Hooks.java:69)
at tests.utility.Hooks.initWebDriver(Hooks.java:159)
... Removed 1 stack frames]]>
    </failure>
  </testcase> <!-- runScenario -->
  <testcase classname="io.cucumber.testng.AbstractTestNGCucumberTests" name="runScenario" time="0.041">
    <failure type="java.lang.AssertionError" message="Environment Variable is NOT Set">
      <![CDATA[java.lang.AssertionError: Environment Variable is NOT Set
at tests.utility.Hooks.ConfigFileReader(Hooks.java:69)
at tests.utility.Hooks.initWebDriver(Hooks.java:159)
... Removed 1 stack frames]]>
    </failure>
  </testcase> <!-- runScenario -->
  <testcase classname="io.cucumber.testng.AbstractTestNGCucumberTests" name="runScenario" time="0.036">
    <failure type="java.lang.AssertionError" message="Environment Variable is NOT Set">
      <![CDATA[java.lang.AssertionError: Environment Variable is NOT Set
at tests.utility.Hooks.ConfigFileReader(Hooks.java:69)
at tests.utility.Hooks.initWebDriver(Hooks.java:159)
... Removed 1 stack frames]]>
    </failure>
  </testcase> <!-- runScenario -->
  <testcase classname="io.cucumber.testng.AbstractTestNGCucumberTests" name="runScenario" time="0.032">
    <failure type="java.lang.AssertionError" message="Environment Variable is NOT Set">
      <![CDATA[java.lang.AssertionError: Environment Variable is NOT Set
at tests.utility.Hooks.ConfigFileReader(Hooks.java:69)
at tests.utility.Hooks.initWebDriver(Hooks.java:159)
... Removed 1 stack frames]]>
    </failure>
  </testcase> <!-- runScenario -->
  <testcase classname="io.cucumber.testng.AbstractTestNGCucumberTests" name="runScenario" time="0.036">
    <failure type="java.lang.AssertionError" message="Environment Variable is NOT Set">
      <![CDATA[java.lang.AssertionError: Environment Variable is NOT Set
at tests.utility.Hooks.ConfigFileReader(Hooks.java:69)
at tests.utility.Hooks.initWebDriver(Hooks.java:159)
... Removed 1 stack frames]]>
    </failure>
  </testcase> <!-- runScenario -->
  <testcase classname="io.cucumber.testng.AbstractTestNGCucumberTests" name="runScenario" time="0.033">
    <failure type="java.lang.AssertionError" message="Environment Variable is NOT Set">
      <![CDATA[java.lang.AssertionError: Environment Variable is NOT Set
at tests.utility.Hooks.ConfigFileReader(Hooks.java:69)
at tests.utility.Hooks.initWebDriver(Hooks.java:159)
... Removed 1 stack frames]]>
    </failure>
  </testcase> <!-- runScenario -->
  <testcase classname="io.cucumber.testng.AbstractTestNGCucumberTests" name="runScenario" time="0.034">
    <failure type="java.lang.AssertionError" message="Environment Variable is NOT Set">
      <![CDATA[java.lang.AssertionError: Environment Variable is NOT Set
at tests.utility.Hooks.ConfigFileReader(Hooks.java:69)
at tests.utility.Hooks.initWebDriver(Hooks.java:159)
... Removed 1 stack frames]]>
    </failure>
  </testcase> <!-- runScenario -->
  <testcase classname="io.cucumber.testng.AbstractTestNGCucumberTests" name="runScenario" time="0.035">
    <failure type="java.lang.AssertionError" message="Environment Variable is NOT Set">
      <![CDATA[java.lang.AssertionError: Environment Variable is NOT Set
at tests.utility.Hooks.ConfigFileReader(Hooks.java:69)
at tests.utility.Hooks.initWebDriver(Hooks.java:159)
... Removed 1 stack frames]]>
    </failure>
  </testcase> <!-- runScenario -->
  <testcase classname="io.cucumber.testng.AbstractTestNGCucumberTests" name="runScenario" time="0.034">
    <failure type="java.lang.AssertionError" message="Environment Variable is NOT Set">
      <![CDATA[java.lang.AssertionError: Environment Variable is NOT Set
at tests.utility.Hooks.ConfigFileReader(Hooks.java:69)
at tests.utility.Hooks.initWebDriver(Hooks.java:159)
... Removed 1 stack frames]]>
    </failure>
  </testcase> <!-- runScenario -->
  <testcase classname="io.cucumber.testng.AbstractTestNGCucumberTests" name="runScenario" time="0.125">
    <failure type="java.lang.AssertionError" message="Environment Variable is NOT Set">
      <![CDATA[java.lang.AssertionError: Environment Variable is NOT Set
at tests.utility.Hooks.ConfigFileReader(Hooks.java:69)
at tests.utility.Hooks.initWebDriver(Hooks.java:159)
... Removed 1 stack frames]]>
    </failure>
  </testcase> <!-- runScenario -->
  <testcase classname="io.cucumber.testng.AbstractTestNGCucumberTests" name="runScenario" time="0.034">
    <failure type="java.lang.AssertionError" message="Environment Variable is NOT Set">
      <![CDATA[java.lang.AssertionError: Environment Variable is NOT Set
at tests.utility.Hooks.ConfigFileReader(Hooks.java:69)
at tests.utility.Hooks.initWebDriver(Hooks.java:159)
... Removed 1 stack frames]]>
    </failure>
  </testcase> <!-- runScenario -->
  <testcase classname="io.cucumber.testng.AbstractTestNGCucumberTests" name="runScenario" time="0.031">
    <failure type="java.lang.AssertionError" message="Environment Variable is NOT Set">
      <![CDATA[java.lang.AssertionError: Environment Variable is NOT Set
at tests.utility.Hooks.ConfigFileReader(Hooks.java:69)
at tests.utility.Hooks.initWebDriver(Hooks.java:159)
... Removed 1 stack frames]]>
    </failure>
  </testcase> <!-- runScenario -->
  <testcase classname="io.cucumber.testng.AbstractTestNGCucumberTests" name="runScenario" time="0.03">
    <failure type="java.lang.AssertionError" message="Environment Variable is NOT Set">
      <![CDATA[java.lang.AssertionError: Environment Variable is NOT Set
at tests.utility.Hooks.ConfigFileReader(Hooks.java:69)
at tests.utility.Hooks.initWebDriver(Hooks.java:159)
... Removed 1 stack frames]]>
    </failure>
  </testcase> <!-- runScenario -->
  <testcase classname="io.cucumber.testng.AbstractTestNGCucumberTests" name="runScenario" time="0.032">
    <failure type="java.lang.AssertionError" message="Environment Variable is NOT Set">
      <![CDATA[java.lang.AssertionError: Environment Variable is NOT Set
at tests.utility.Hooks.ConfigFileReader(Hooks.java:69)
at tests.utility.Hooks.initWebDriver(Hooks.java:159)
... Removed 1 stack frames]]>
    </failure>
  </testcase> <!-- runScenario -->
  <testcase classname="io.cucumber.testng.AbstractTestNGCucumberTests" name="runScenario" time="0.032">
    <failure type="java.lang.AssertionError" message="Environment Variable is NOT Set">
      <![CDATA[java.lang.AssertionError: Environment Variable is NOT Set
at tests.utility.Hooks.ConfigFileReader(Hooks.java:69)
at tests.utility.Hooks.initWebDriver(Hooks.java:159)
... Removed 1 stack frames]]>
    </failure>
  </testcase> <!-- runScenario -->
  <testcase classname="io.cucumber.testng.AbstractTestNGCucumberTests" name="runScenario" time="0.035">
    <failure type="java.lang.AssertionError" message="Environment Variable is NOT Set">
      <![CDATA[java.lang.AssertionError: Environment Variable is NOT Set
at tests.utility.Hooks.ConfigFileReader(Hooks.java:69)
at tests.utility.Hooks.initWebDriver(Hooks.java:159)
... Removed 1 stack frames]]>
    </failure>
  </testcase> <!-- runScenario -->
  <testcase classname="io.cucumber.testng.AbstractTestNGCucumberTests" name="runScenario" time="0.033">
    <failure type="java.lang.AssertionError" message="Environment Variable is NOT Set">
      <![CDATA[java.lang.AssertionError: Environment Variable is NOT Set
at tests.utility.Hooks.ConfigFileReader(Hooks.java:69)
at tests.utility.Hooks.initWebDriver(Hooks.java:159)
... Removed 1 stack frames]]>
    </failure>
  </testcase> <!-- runScenario -->
  <testcase classname="io.cucumber.testng.AbstractTestNGCucumberTests" name="runScenario" time="0.035">
    <failure type="java.lang.AssertionError" message="Environment Variable is NOT Set">
      <![CDATA[java.lang.AssertionError: Environment Variable is NOT Set
at tests.utility.Hooks.ConfigFileReader(Hooks.java:69)
at tests.utility.Hooks.initWebDriver(Hooks.java:159)
... Removed 1 stack frames]]>
    </failure>
  </testcase> <!-- runScenario -->
  <testcase classname="io.cucumber.testng.AbstractTestNGCucumberTests" name="runScenario" time="0.043">
    <failure type="java.lang.AssertionError" message="Environment Variable is NOT Set">
      <![CDATA[java.lang.AssertionError: Environment Variable is NOT Set
at tests.utility.Hooks.ConfigFileReader(Hooks.java:69)
at tests.utility.Hooks.initWebDriver(Hooks.java:159)
... Removed 1 stack frames]]>
    </failure>
  </testcase> <!-- runScenario -->
  <testcase classname="io.cucumber.testng.AbstractTestNGCucumberTests" name="runScenario" time="0.033">
    <failure type="java.lang.AssertionError" message="Environment Variable is NOT Set">
      <![CDATA[java.lang.AssertionError: Environment Variable is NOT Set
at tests.utility.Hooks.ConfigFileReader(Hooks.java:69)
at tests.utility.Hooks.initWebDriver(Hooks.java:159)
... Removed 1 stack frames]]>
    </failure>
  </testcase> <!-- runScenario -->
  <testcase classname="io.cucumber.testng.AbstractTestNGCucumberTests" name="runScenario" time="0.031">
    <failure type="java.lang.AssertionError" message="Environment Variable is NOT Set">
      <![CDATA[java.lang.AssertionError: Environment Variable is NOT Set
at tests.utility.Hooks.ConfigFileReader(Hooks.java:69)
at tests.utility.Hooks.initWebDriver(Hooks.java:159)
... Removed 1 stack frames]]>
    </failure>
  </testcase> <!-- runScenario -->
  <testcase classname="io.cucumber.testng.AbstractTestNGCucumberTests" name="runScenario" time="0.033">
    <failure type="java.lang.AssertionError" message="Environment Variable is NOT Set">
      <![CDATA[java.lang.AssertionError: Environment Variable is NOT Set
at tests.utility.Hooks.ConfigFileReader(Hooks.java:69)
at tests.utility.Hooks.initWebDriver(Hooks.java:159)
... Removed 1 stack frames]]>
    </failure>
  </testcase> <!-- runScenario -->
  <testcase classname="io.cucumber.testng.AbstractTestNGCucumberTests" name="runScenario" time="0.03">
    <failure type="java.lang.AssertionError" message="Environment Variable is NOT Set">
      <![CDATA[java.lang.AssertionError: Environment Variable is NOT Set
at tests.utility.Hooks.ConfigFileReader(Hooks.java:69)
at tests.utility.Hooks.initWebDriver(Hooks.java:159)
... Removed 1 stack frames]]>
    </failure>
  </testcase> <!-- runScenario -->
  <testcase classname="io.cucumber.testng.AbstractTestNGCucumberTests" name="runScenario" time="0.03">
    <failure type="java.lang.AssertionError" message="Environment Variable is NOT Set">
      <![CDATA[java.lang.AssertionError: Environment Variable is NOT Set
at tests.utility.Hooks.ConfigFileReader(Hooks.java:69)
at tests.utility.Hooks.initWebDriver(Hooks.java:159)
... Removed 1 stack frames]]>
    </failure>
  </testcase> <!-- runScenario -->
  <testcase classname="io.cucumber.testng.AbstractTestNGCucumberTests" name="runScenario" time="0.033">
    <failure type="java.lang.AssertionError" message="Environment Variable is NOT Set">
      <![CDATA[java.lang.AssertionError: Environment Variable is NOT Set
at tests.utility.Hooks.ConfigFileReader(Hooks.java:69)
at tests.utility.Hooks.initWebDriver(Hooks.java:159)
... Removed 1 stack frames]]>
    </failure>
  </testcase> <!-- runScenario -->
  <testcase classname="io.cucumber.testng.AbstractTestNGCucumberTests" name="runScenario" time="0.033">
    <failure type="java.lang.AssertionError" message="Environment Variable is NOT Set">
      <![CDATA[java.lang.AssertionError: Environment Variable is NOT Set
at tests.utility.Hooks.ConfigFileReader(Hooks.java:69)
at tests.utility.Hooks.initWebDriver(Hooks.java:159)
... Removed 1 stack frames]]>
    </failure>
  </testcase> <!-- runScenario -->
  <testcase classname="io.cucumber.testng.AbstractTestNGCucumberTests" name="runScenario" time="0.03">
    <failure type="java.lang.AssertionError" message="Environment Variable is NOT Set">
      <![CDATA[java.lang.AssertionError: Environment Variable is NOT Set
at tests.utility.Hooks.ConfigFileReader(Hooks.java:69)
at tests.utility.Hooks.initWebDriver(Hooks.java:159)
... Removed 1 stack frames]]>
    </failure>
  </testcase> <!-- runScenario -->
  <testcase classname="io.cucumber.testng.AbstractTestNGCucumberTests" name="runScenario" time="0.04">
    <failure type="java.lang.AssertionError" message="Environment Variable is NOT Set">
      <![CDATA[java.lang.AssertionError: Environment Variable is NOT Set
at tests.utility.Hooks.ConfigFileReader(Hooks.java:69)
at tests.utility.Hooks.initWebDriver(Hooks.java:159)
... Removed 1 stack frames]]>
    </failure>
  </testcase> <!-- runScenario -->
  <testcase classname="io.cucumber.testng.AbstractTestNGCucumberTests" name="runScenario" time="0.03">
    <failure type="java.lang.AssertionError" message="Environment Variable is NOT Set">
      <![CDATA[java.lang.AssertionError: Environment Variable is NOT Set
at tests.utility.Hooks.ConfigFileReader(Hooks.java:69)
at tests.utility.Hooks.initWebDriver(Hooks.java:159)
... Removed 1 stack frames]]>
    </failure>
  </testcase> <!-- runScenario -->
  <testcase classname="io.cucumber.testng.AbstractTestNGCucumberTests" name="runScenario" time="0.034">
    <failure type="java.lang.AssertionError" message="Environment Variable is NOT Set">
      <![CDATA[java.lang.AssertionError: Environment Variable is NOT Set
at tests.utility.Hooks.ConfigFileReader(Hooks.java:69)
at tests.utility.Hooks.initWebDriver(Hooks.java:159)
... Removed 1 stack frames]]>
    </failure>
  </testcase> <!-- runScenario -->
  <testcase classname="io.cucumber.testng.AbstractTestNGCucumberTests" name="runScenario" time="0.032">
    <failure type="java.lang.AssertionError" message="Environment Variable is NOT Set">
      <![CDATA[java.lang.AssertionError: Environment Variable is NOT Set
at tests.utility.Hooks.ConfigFileReader(Hooks.java:69)
at tests.utility.Hooks.initWebDriver(Hooks.java:159)
... Removed 1 stack frames]]>
    </failure>
  </testcase> <!-- runScenario -->
  <testcase classname="io.cucumber.testng.AbstractTestNGCucumberTests" name="runScenario" time="0.034">
    <failure type="java.lang.AssertionError" message="Environment Variable is NOT Set">
      <![CDATA[java.lang.AssertionError: Environment Variable is NOT Set
at tests.utility.Hooks.ConfigFileReader(Hooks.java:69)
at tests.utility.Hooks.initWebDriver(Hooks.java:159)
... Removed 1 stack frames]]>
    </failure>
  </testcase> <!-- runScenario -->
  <testcase classname="io.cucumber.testng.AbstractTestNGCucumberTests" name="runScenario" time="0.037">
    <failure type="java.lang.AssertionError" message="Environment Variable is NOT Set">
      <![CDATA[java.lang.AssertionError: Environment Variable is NOT Set
at tests.utility.Hooks.ConfigFileReader(Hooks.java:69)
at tests.utility.Hooks.initWebDriver(Hooks.java:159)
... Removed 1 stack frames]]>
    </failure>
  </testcase> <!-- runScenario -->
  <testcase classname="io.cucumber.testng.AbstractTestNGCucumberTests" name="runScenario" time="0.033">
    <failure type="java.lang.AssertionError" message="Environment Variable is NOT Set">
      <![CDATA[java.lang.AssertionError: Environment Variable is NOT Set
at tests.utility.Hooks.ConfigFileReader(Hooks.java:69)
at tests.utility.Hooks.initWebDriver(Hooks.java:159)
... Removed 1 stack frames]]>
    </failure>
  </testcase> <!-- runScenario -->
  <testcase classname="io.cucumber.testng.AbstractTestNGCucumberTests" name="runScenario" time="0.033">
    <failure type="java.lang.AssertionError" message="Environment Variable is NOT Set">
      <![CDATA[java.lang.AssertionError: Environment Variable is NOT Set
at tests.utility.Hooks.ConfigFileReader(Hooks.java:69)
at tests.utility.Hooks.initWebDriver(Hooks.java:159)
... Removed 1 stack frames]]>
    </failure>
  </testcase> <!-- runScenario -->
  <testcase classname="io.cucumber.testng.AbstractTestNGCucumberTests" name="runScenario" time="0.036">
    <failure type="java.lang.AssertionError" message="Environment Variable is NOT Set">
      <![CDATA[java.lang.AssertionError: Environment Variable is NOT Set
at tests.utility.Hooks.ConfigFileReader(Hooks.java:69)
at tests.utility.Hooks.initWebDriver(Hooks.java:159)
... Removed 1 stack frames]]>
    </failure>
  </testcase> <!-- runScenario -->
  <testcase classname="io.cucumber.testng.AbstractTestNGCucumberTests" name="runScenario" time="0.035">
    <failure type="java.lang.AssertionError" message="Environment Variable is NOT Set">
      <![CDATA[java.lang.AssertionError: Environment Variable is NOT Set
at tests.utility.Hooks.ConfigFileReader(Hooks.java:69)
at tests.utility.Hooks.initWebDriver(Hooks.java:159)
... Removed 1 stack frames]]>
    </failure>
  </testcase> <!-- runScenario -->
  <testcase classname="io.cucumber.testng.AbstractTestNGCucumberTests" name="runScenario" time="0.051">
    <failure type="java.lang.AssertionError" message="Environment Variable is NOT Set">
      <![CDATA[java.lang.AssertionError: Environment Variable is NOT Set
at tests.utility.Hooks.ConfigFileReader(Hooks.java:69)
at tests.utility.Hooks.initWebDriver(Hooks.java:159)
... Removed 1 stack frames]]>
    </failure>
  </testcase> <!-- runScenario -->
  <testcase classname="io.cucumber.testng.AbstractTestNGCucumberTests" name="runScenario" time="0.041">
    <failure type="java.lang.AssertionError" message="Environment Variable is NOT Set">
      <![CDATA[java.lang.AssertionError: Environment Variable is NOT Set
at tests.utility.Hooks.ConfigFileReader(Hooks.java:69)
at tests.utility.Hooks.initWebDriver(Hooks.java:159)
... Removed 1 stack frames]]>
    </failure>
  </testcase> <!-- runScenario -->
  <testcase classname="io.cucumber.testng.AbstractTestNGCucumberTests" name="runScenario" time="0.039">
    <failure type="java.lang.AssertionError" message="Environment Variable is NOT Set">
      <![CDATA[java.lang.AssertionError: Environment Variable is NOT Set
at tests.utility.Hooks.ConfigFileReader(Hooks.java:69)
at tests.utility.Hooks.initWebDriver(Hooks.java:159)
... Removed 1 stack frames]]>
    </failure>
  </testcase> <!-- runScenario -->
  <testcase classname="io.cucumber.testng.AbstractTestNGCucumberTests" name="runScenario" time="0.037">
    <failure type="java.lang.AssertionError" message="Environment Variable is NOT Set">
      <![CDATA[java.lang.AssertionError: Environment Variable is NOT Set
at tests.utility.Hooks.ConfigFileReader(Hooks.java:69)
at tests.utility.Hooks.initWebDriver(Hooks.java:159)
... Removed 1 stack frames]]>
    </failure>
  </testcase> <!-- runScenario -->
  <testcase classname="io.cucumber.testng.AbstractTestNGCucumberTests" name="runScenario" time="0.036">
    <failure type="java.lang.AssertionError" message="Environment Variable is NOT Set">
      <![CDATA[java.lang.AssertionError: Environment Variable is NOT Set
at tests.utility.Hooks.ConfigFileReader(Hooks.java:69)
at tests.utility.Hooks.initWebDriver(Hooks.java:159)
... Removed 1 stack frames]]>
    </failure>
  </testcase> <!-- runScenario -->
  <testcase classname="io.cucumber.testng.AbstractTestNGCucumberTests" name="runScenario" time="0.029">
    <failure type="java.lang.AssertionError" message="Environment Variable is NOT Set">
      <![CDATA[java.lang.AssertionError: Environment Variable is NOT Set
at tests.utility.Hooks.ConfigFileReader(Hooks.java:69)
at tests.utility.Hooks.initWebDriver(Hooks.java:159)
... Removed 1 stack frames]]>
    </failure>
  </testcase> <!-- runScenario -->
  <testcase classname="io.cucumber.testng.AbstractTestNGCucumberTests" name="runScenario" time="0.034">
    <failure type="java.lang.AssertionError" message="Environment Variable is NOT Set">
      <![CDATA[java.lang.AssertionError: Environment Variable is NOT Set
at tests.utility.Hooks.ConfigFileReader(Hooks.java:69)
at tests.utility.Hooks.initWebDriver(Hooks.java:159)
... Removed 1 stack frames]]>
    </failure>
  </testcase> <!-- runScenario -->
  <testcase classname="io.cucumber.testng.AbstractTestNGCucumberTests" name="runScenario" time="0.036">
    <failure type="java.lang.AssertionError" message="Environment Variable is NOT Set">
      <![CDATA[java.lang.AssertionError: Environment Variable is NOT Set
at tests.utility.Hooks.ConfigFileReader(Hooks.java:69)
at tests.utility.Hooks.initWebDriver(Hooks.java:159)
... Removed 1 stack frames]]>
    </failure>
  </testcase> <!-- runScenario -->
  <testcase classname="io.cucumber.testng.AbstractTestNGCucumberTests" name="runScenario" time="0.042">
    <failure type="java.lang.AssertionError" message="Environment Variable is NOT Set">
      <![CDATA[java.lang.AssertionError: Environment Variable is NOT Set
at tests.utility.Hooks.ConfigFileReader(Hooks.java:69)
at tests.utility.Hooks.initWebDriver(Hooks.java:159)
... Removed 1 stack frames]]>
    </failure>
  </testcase> <!-- runScenario -->
  <testcase classname="io.cucumber.testng.AbstractTestNGCucumberTests" name="runScenario" time="0.034">
    <failure type="java.lang.AssertionError" message="Environment Variable is NOT Set">
      <![CDATA[java.lang.AssertionError: Environment Variable is NOT Set
at tests.utility.Hooks.ConfigFileReader(Hooks.java:69)
at tests.utility.Hooks.initWebDriver(Hooks.java:159)
... Removed 1 stack frames]]>
    </failure>
  </testcase> <!-- runScenario -->
  <testcase classname="io.cucumber.testng.AbstractTestNGCucumberTests" name="runScenario" time="0.034">
    <failure type="java.lang.AssertionError" message="Environment Variable is NOT Set">
      <![CDATA[java.lang.AssertionError: Environment Variable is NOT Set
at tests.utility.Hooks.ConfigFileReader(Hooks.java:69)
at tests.utility.Hooks.initWebDriver(Hooks.java:159)
... Removed 1 stack frames]]>
    </failure>
  </testcase> <!-- runScenario -->
  <testcase classname="io.cucumber.testng.AbstractTestNGCucumberTests" name="runScenario" time="0.033">
    <failure type="java.lang.AssertionError" message="Environment Variable is NOT Set">
      <![CDATA[java.lang.AssertionError: Environment Variable is NOT Set
at tests.utility.Hooks.ConfigFileReader(Hooks.java:69)
at tests.utility.Hooks.initWebDriver(Hooks.java:159)
... Removed 1 stack frames]]>
    </failure>
  </testcase> <!-- runScenario -->
  <testcase classname="io.cucumber.testng.AbstractTestNGCucumberTests" name="runScenario" time="0.047">
    <failure type="java.lang.AssertionError" message="Environment Variable is NOT Set">
      <![CDATA[java.lang.AssertionError: Environment Variable is NOT Set
at tests.utility.Hooks.ConfigFileReader(Hooks.java:69)
at tests.utility.Hooks.initWebDriver(Hooks.java:159)
... Removed 1 stack frames]]>
    </failure>
  </testcase> <!-- runScenario -->
  <testcase classname="io.cucumber.testng.AbstractTestNGCucumberTests" name="runScenario" time="0.035">
    <failure type="java.lang.AssertionError" message="Environment Variable is NOT Set">
      <![CDATA[java.lang.AssertionError: Environment Variable is NOT Set
at tests.utility.Hooks.ConfigFileReader(Hooks.java:69)
at tests.utility.Hooks.initWebDriver(Hooks.java:159)
... Removed 1 stack frames]]>
    </failure>
  </testcase> <!-- runScenario -->
  <testcase classname="io.cucumber.testng.AbstractTestNGCucumberTests" name="runScenario" time="0.032">
    <failure type="java.lang.AssertionError" message="Environment Variable is NOT Set">
      <![CDATA[java.lang.AssertionError: Environment Variable is NOT Set
at tests.utility.Hooks.ConfigFileReader(Hooks.java:69)
at tests.utility.Hooks.initWebDriver(Hooks.java:159)
... Removed 1 stack frames]]>
    </failure>
  </testcase> <!-- runScenario -->
  <testcase classname="io.cucumber.testng.AbstractTestNGCucumberTests" name="runScenario" time="0.031">
    <failure type="java.lang.AssertionError" message="Environment Variable is NOT Set">
      <![CDATA[java.lang.AssertionError: Environment Variable is NOT Set
at tests.utility.Hooks.ConfigFileReader(Hooks.java:69)
at tests.utility.Hooks.initWebDriver(Hooks.java:159)
... Removed 1 stack frames]]>
    </failure>
  </testcase> <!-- runScenario -->
  <testcase classname="io.cucumber.testng.AbstractTestNGCucumberTests" name="runScenario" time="0.03">
    <failure type="java.lang.AssertionError" message="Environment Variable is NOT Set">
      <![CDATA[java.lang.AssertionError: Environment Variable is NOT Set
at tests.utility.Hooks.ConfigFileReader(Hooks.java:69)
at tests.utility.Hooks.initWebDriver(Hooks.java:159)
... Removed 1 stack frames]]>
    </failure>
  </testcase> <!-- runScenario -->
  <testcase classname="io.cucumber.testng.AbstractTestNGCucumberTests" name="runScenario" time="0.03">
    <failure type="java.lang.AssertionError" message="Environment Variable is NOT Set">
      <![CDATA[java.lang.AssertionError: Environment Variable is NOT Set
at tests.utility.Hooks.ConfigFileReader(Hooks.java:69)
at tests.utility.Hooks.initWebDriver(Hooks.java:159)
... Removed 1 stack frames]]>
    </failure>
  </testcase> <!-- runScenario -->
  <testcase classname="io.cucumber.testng.AbstractTestNGCucumberTests" name="runScenario" time="0.03">
    <failure type="java.lang.AssertionError" message="Environment Variable is NOT Set">
      <![CDATA[java.lang.AssertionError: Environment Variable is NOT Set
at tests.utility.Hooks.ConfigFileReader(Hooks.java:69)
at tests.utility.Hooks.initWebDriver(Hooks.java:159)
... Removed 1 stack frames]]>
    </failure>
  </testcase> <!-- runScenario -->
  <testcase classname="io.cucumber.testng.AbstractTestNGCucumberTests" name="runScenario" time="0.031">
    <failure type="java.lang.AssertionError" message="Environment Variable is NOT Set">
      <![CDATA[java.lang.AssertionError: Environment Variable is NOT Set
at tests.utility.Hooks.ConfigFileReader(Hooks.java:69)
at tests.utility.Hooks.initWebDriver(Hooks.java:159)
... Removed 1 stack frames]]>
    </failure>
  </testcase> <!-- runScenario -->
  <testcase classname="io.cucumber.testng.AbstractTestNGCucumberTests" name="runScenario" time="0.034">
    <failure type="java.lang.AssertionError" message="Environment Variable is NOT Set">
      <![CDATA[java.lang.AssertionError: Environment Variable is NOT Set
at tests.utility.Hooks.ConfigFileReader(Hooks.java:69)
at tests.utility.Hooks.initWebDriver(Hooks.java:159)
... Removed 1 stack frames]]>
    </failure>
  </testcase> <!-- runScenario -->
  <testcase classname="io.cucumber.testng.AbstractTestNGCucumberTests" name="runScenario" time="0.03">
    <failure type="java.lang.AssertionError" message="Environment Variable is NOT Set">
      <![CDATA[java.lang.AssertionError: Environment Variable is NOT Set
at tests.utility.Hooks.ConfigFileReader(Hooks.java:69)
at tests.utility.Hooks.initWebDriver(Hooks.java:159)
... Removed 1 stack frames]]>
    </failure>
  </testcase> <!-- runScenario -->
  <testcase classname="io.cucumber.testng.AbstractTestNGCucumberTests" name="runScenario" time="0.03">
    <failure type="java.lang.AssertionError" message="Environment Variable is NOT Set">
      <![CDATA[java.lang.AssertionError: Environment Variable is NOT Set
at tests.utility.Hooks.ConfigFileReader(Hooks.java:69)
at tests.utility.Hooks.initWebDriver(Hooks.java:159)
... Removed 1 stack frames]]>
    </failure>
  </testcase> <!-- runScenario -->
  <testcase classname="io.cucumber.testng.AbstractTestNGCucumberTests" name="runScenario" time="0.03">
    <failure type="java.lang.AssertionError" message="Environment Variable is NOT Set">
      <![CDATA[java.lang.AssertionError: Environment Variable is NOT Set
at tests.utility.Hooks.ConfigFileReader(Hooks.java:69)
at tests.utility.Hooks.initWebDriver(Hooks.java:159)
... Removed 1 stack frames]]>
    </failure>
  </testcase> <!-- runScenario -->
  <testcase classname="io.cucumber.testng.AbstractTestNGCucumberTests" name="runScenario" time="0.044">
    <failure type="java.lang.AssertionError" message="Environment Variable is NOT Set">
      <![CDATA[java.lang.AssertionError: Environment Variable is NOT Set
at tests.utility.Hooks.ConfigFileReader(Hooks.java:69)
at tests.utility.Hooks.initWebDriver(Hooks.java:159)
... Removed 1 stack frames]]>
    </failure>
  </testcase> <!-- runScenario -->
  <testcase classname="io.cucumber.testng.AbstractTestNGCucumberTests" name="runScenario" time="0.032">
    <failure type="java.lang.AssertionError" message="Environment Variable is NOT Set">
      <![CDATA[java.lang.AssertionError: Environment Variable is NOT Set
at tests.utility.Hooks.ConfigFileReader(Hooks.java:69)
at tests.utility.Hooks.initWebDriver(Hooks.java:159)
... Removed 1 stack frames]]>
    </failure>
  </testcase> <!-- runScenario -->
  <testcase classname="io.cucumber.testng.AbstractTestNGCucumberTests" name="runScenario" time="0.033">
    <failure type="java.lang.AssertionError" message="Environment Variable is NOT Set">
      <![CDATA[java.lang.AssertionError: Environment Variable is NOT Set
at tests.utility.Hooks.ConfigFileReader(Hooks.java:69)
at tests.utility.Hooks.initWebDriver(Hooks.java:159)
... Removed 1 stack frames]]>
    </failure>
  </testcase> <!-- runScenario -->
  <testcase classname="io.cucumber.testng.AbstractTestNGCucumberTests" name="runScenario" time="0.034">
    <failure type="java.lang.AssertionError" message="Environment Variable is NOT Set">
      <![CDATA[java.lang.AssertionError: Environment Variable is NOT Set
at tests.utility.Hooks.ConfigFileReader(Hooks.java:69)
at tests.utility.Hooks.initWebDriver(Hooks.java:159)
... Removed 1 stack frames]]>
    </failure>
  </testcase> <!-- runScenario -->
  <testcase classname="io.cucumber.testng.AbstractTestNGCucumberTests" name="runScenario" time="0.032">
    <failure type="java.lang.AssertionError" message="Environment Variable is NOT Set">
      <![CDATA[java.lang.AssertionError: Environment Variable is NOT Set
at tests.utility.Hooks.ConfigFileReader(Hooks.java:69)
at tests.utility.Hooks.initWebDriver(Hooks.java:159)
... Removed 1 stack frames]]>
    </failure>
  </testcase> <!-- runScenario -->
  <testcase classname="io.cucumber.testng.AbstractTestNGCucumberTests" name="runScenario" time="0.03">
    <failure type="java.lang.AssertionError" message="Environment Variable is NOT Set">
      <![CDATA[java.lang.AssertionError: Environment Variable is NOT Set
at tests.utility.Hooks.ConfigFileReader(Hooks.java:69)
at tests.utility.Hooks.initWebDriver(Hooks.java:159)
... Removed 1 stack frames]]>
    </failure>
  </testcase> <!-- runScenario -->
  <testcase classname="io.cucumber.testng.AbstractTestNGCucumberTests" name="runScenario" time="0.031">
    <failure type="java.lang.AssertionError" message="Environment Variable is NOT Set">
      <![CDATA[java.lang.AssertionError: Environment Variable is NOT Set
at tests.utility.Hooks.ConfigFileReader(Hooks.java:69)
at tests.utility.Hooks.initWebDriver(Hooks.java:159)
... Removed 1 stack frames]]>
    </failure>
  </testcase> <!-- runScenario -->
  <testcase classname="io.cucumber.testng.AbstractTestNGCucumberTests" name="runScenario" time="0.03">
    <failure type="java.lang.AssertionError" message="Environment Variable is NOT Set">
      <![CDATA[java.lang.AssertionError: Environment Variable is NOT Set
at tests.utility.Hooks.ConfigFileReader(Hooks.java:69)
at tests.utility.Hooks.initWebDriver(Hooks.java:159)
... Removed 1 stack frames]]>
    </failure>
  </testcase> <!-- runScenario -->
  <testcase classname="io.cucumber.testng.AbstractTestNGCucumberTests" name="runScenario" time="0.033">
    <failure type="java.lang.AssertionError" message="Environment Variable is NOT Set">
      <![CDATA[java.lang.AssertionError: Environment Variable is NOT Set
at tests.utility.Hooks.ConfigFileReader(Hooks.java:69)
at tests.utility.Hooks.initWebDriver(Hooks.java:159)
... Removed 1 stack frames]]>
    </failure>
  </testcase> <!-- runScenario -->
  <testcase classname="io.cucumber.testng.AbstractTestNGCucumberTests" name="runScenario" time="0.033">
    <failure type="java.lang.AssertionError" message="Environment Variable is NOT Set">
      <![CDATA[java.lang.AssertionError: Environment Variable is NOT Set
at tests.utility.Hooks.ConfigFileReader(Hooks.java:69)
at tests.utility.Hooks.initWebDriver(Hooks.java:159)
... Removed 1 stack frames]]>
    </failure>
  </testcase> <!-- runScenario -->
  <testcase classname="io.cucumber.testng.AbstractTestNGCucumberTests" name="runScenario" time="0.029">
    <failure type="java.lang.AssertionError" message="Environment Variable is NOT Set">
      <![CDATA[java.lang.AssertionError: Environment Variable is NOT Set
at tests.utility.Hooks.ConfigFileReader(Hooks.java:69)
at tests.utility.Hooks.initWebDriver(Hooks.java:159)
... Removed 1 stack frames]]>
    </failure>
  </testcase> <!-- runScenario -->
  <testcase classname="io.cucumber.testng.AbstractTestNGCucumberTests" name="runScenario" time="0.05">
    <failure type="java.lang.AssertionError" message="Environment Variable is NOT Set">
      <![CDATA[java.lang.AssertionError: Environment Variable is NOT Set
at tests.utility.Hooks.ConfigFileReader(Hooks.java:69)
at tests.utility.Hooks.initWebDriver(Hooks.java:159)
... Removed 1 stack frames]]>
    </failure>
  </testcase> <!-- runScenario -->
  <testcase classname="io.cucumber.testng.AbstractTestNGCucumberTests" name="runScenario" time="0.03">
    <failure type="java.lang.AssertionError" message="Environment Variable is NOT Set">
      <![CDATA[java.lang.AssertionError: Environment Variable is NOT Set
at tests.utility.Hooks.ConfigFileReader(Hooks.java:69)
at tests.utility.Hooks.initWebDriver(Hooks.java:159)
... Removed 1 stack frames]]>
    </failure>
  </testcase> <!-- runScenario -->
  <testcase classname="io.cucumber.testng.AbstractTestNGCucumberTests" name="runScenario" time="0.032">
    <failure type="java.lang.AssertionError" message="Environment Variable is NOT Set">
      <![CDATA[java.lang.AssertionError: Environment Variable is NOT Set
at tests.utility.Hooks.ConfigFileReader(Hooks.java:69)
[...]
at tests.utility.Hooks.ConfigFileReader(Hooks.java:69)
at tests.utility.Hooks.initWebDrivereStore(Hooks.java:148)
... Removed 1 stack frames]]>
    </failure>
  </testcase> <!-- runScenario -->
  <testcase classname="io.cucumber.testng.AbstractTestNGCucumberTests" name="runScenario" time="0.035">
    <failure type="java.lang.AssertionError" message="Environment Variable is NOT Set">
      <![CDATA[java.lang.AssertionError: Environment Variable is NOT Set
at tests.utility.Hooks.ConfigFileReader(Hooks.java:69)
at tests.utility.Hooks.initWebDrivereStore(Hooks.java:148)
... Removed 1 stack frames]]>
    </failure>
  </testcase> <!-- runScenario -->
  <testcase classname="io.cucumber.testng.AbstractTestNGCucumberTests" name="runScenario" time="0.035">
    <failure type="java.lang.AssertionError" message="Environment Variable is NOT Set">
      <![CDATA[java.lang.AssertionError: Environment Variable is NOT Set
at tests.utility.Hooks.ConfigFileReader(Hooks.java:69)
at tests.utility.Hooks.initWebDrivereStore(Hooks.java:148)
... Removed 1 stack frames]]>
    </failure>
  </testcase> <!-- runScenario -->
  <testcase classname="io.cucumber.testng.AbstractTestNGCucumberTests" name="runScenario" time="0.035">
    <failure type="java.lang.AssertionError" message="Environment Variable is NOT Set">
      <![CDATA[java.lang.AssertionError: Environment Variable is NOT Set
at tests.utility.Hooks.ConfigFileReader(Hooks.java:69)
at tests.utility.Hooks.initWebDrivereStore(Hooks.java:148)
... Removed 1 stack frames]]>
    </failure>
  </testcase> <!-- runScenario -->
  <testcase classname="io.cucumber.testng.AbstractTestNGCucumberTests" name="runScenario" time="0.035">
    <failure type="java.lang.AssertionError" message="Environment Variable is NOT Set">
      <![CDATA[java.lang.AssertionError: Environment Variable is NOT Set
at tests.utility.Hooks.ConfigFileReader(Hooks.java:69)
at tests.utility.Hooks.initWebDrivereStore(Hooks.java:148)
... Removed 1 stack frames]]>
    </failure>
  </testcase> <!-- runScenario -->
  <testcase classname="io.cucumber.testng.AbstractTestNGCucumberTests" name="runScenario" time="0.032">
    <failure type="java.lang.AssertionError" message="Environment Variable is NOT Set">
      <![CDATA[java.lang.AssertionError: Environment Variable is NOT Set
at tests.utility.Hooks.ConfigFileReader(Hooks.java:69)
at tests.utility.Hooks.initWebDrivereStore(Hooks.java:148)
... Removed 1 stack frames]]>
    </failure>
  </testcase> <!-- runScenario -->
  <testcase classname="io.cucumber.testng.AbstractTestNGCucumberTests" name="runScenario" time="0.032">
    <failure type="java.lang.AssertionError" message="Environment Variable is NOT Set">
      <![CDATA[java.lang.AssertionError: Environment Variable is NOT Set
at tests.utility.Hooks.ConfigFileReader(Hooks.java:69)
at tests.utility.Hooks.initWebDrivereStore(Hooks.java:148)
... Removed 1 stack frames]]>
    </failure>
  </testcase> <!-- runScenario -->
  <testcase classname="io.cucumber.testng.AbstractTestNGCucumberTests" name="runScenario" time="0.034">
    <failure type="java.lang.AssertionError" message="Environment Variable is NOT Set">
      <![CDATA[java.lang.AssertionError: Environment Variable is NOT Set
at tests.utility.Hooks.ConfigFileReader(Hooks.java:69)
at tests.utility.Hooks.initWebDrivereStore(Hooks.java:148)
... Removed 1 stack frames]]>
    </failure>
  </testcase> <!-- runScenario -->
  <testcase classname="io.cucumber.testng.AbstractTestNGCucumberTests" name="runScenario" time="0.033">
    <failure type="java.lang.AssertionError" message="Environment Variable is NOT Set">
      <![CDATA[java.lang.AssertionError: Environment Variable is NOT Set
at tests.utility.Hooks.ConfigFileReader(Hooks.java:69)
at tests.utility.Hooks.initWebDrivereStore(Hooks.java:148)
... Removed 1 stack frames]]>
    </failure>
  </testcase> <!-- runScenario -->
  <testcase classname="io.cucumber.testng.AbstractTestNGCucumberTests" name="runScenario" time="0.033">
    <failure type="java.lang.AssertionError" message="Environment Variable is NOT Set">
      <![CDATA[java.lang.AssertionError: Environment Variable is NOT Set
at tests.utility.Hooks.ConfigFileReader(Hooks.java:69)
at tests.utility.Hooks.initWebDrivereStore(Hooks.java:148)
... Removed 1 stack frames]]>
    </failure>
  </testcase> <!-- runScenario -->
  <testcase classname="io.cucumber.testng.AbstractTestNGCucumberTests" name="runScenario" time="0.031">
    <failure type="java.lang.AssertionError" message="Environment Variable is NOT Set">
      <![CDATA[java.lang.AssertionError: Environment Variable is NOT Set
at tests.utility.Hooks.ConfigFileReader(Hooks.java:69)
at tests.utility.Hooks.initWebDrivereStore(Hooks.java:148)
... Removed 1 stack frames]]>
    </failure>
  </testcase> <!-- runScenario -->
  <testcase classname="io.cucumber.testng.AbstractTestNGCucumberTests" name="runScenario" time="0.078">
    <failure type="java.lang.AssertionError" message="Environment Variable is NOT Set">
      <![CDATA[java.lang.AssertionError: Environment Variable is NOT Set
at tests.utility.Hooks.ConfigFileReader(Hooks.java:69)
at tests.utility.Hooks.initWebDrivereStore(Hooks.java:148)
... Removed 1 stack frames]]>
    </failure>
  </testcase> <!-- runScenario -->
  <testcase classname="io.cucumber.testng.AbstractTestNGCucumberTests" name="runScenario" time="0.048">
    <failure type="java.lang.AssertionError" message="Environment Variable is NOT Set">
      <![CDATA[java.lang.AssertionError: Environment Variable is NOT Set
at tests.utility.Hooks.ConfigFileReader(Hooks.java:69)
at tests.utility.Hooks.initWebDrivereStore(Hooks.java:148)
... Removed 1 stack frames]]>
    </failure>
  </testcase> <!-- runScenario -->
  <testcase classname="io.cucumber.testng.AbstractTestNGCucumberTests" name="runScenario" time="0.039">
    <failure type="java.lang.AssertionError" message="Environment Variable is NOT Set">
      <![CDATA[java.lang.AssertionError: Environment Variable is NOT Set
at tests.utility.Hooks.ConfigFileReader(Hooks.java:69)
at tests.utility.Hooks.initWebDrivereStore(Hooks.java:148)
... Removed 1 stack frames]]>
    </failure>
  </testcase> <!-- runScenario -->
  <testcase classname="io.cucumber.testng.AbstractTestNGCucumberTests" name="runScenario" time="0.041">
    <failure type="java.lang.AssertionError" message="Environment Variable is NOT Set">
      <![CDATA[java.lang.AssertionError: Environment Variable is NOT Set
at tests.utility.Hooks.ConfigFileReader(Hooks.java:69)
at tests.utility.Hooks.initWebDrivereStore(Hooks.java:148)
... Removed 1 stack frames]]>
    </failure>
  </testcase> <!-- runScenario -->
  <testcase classname="io.cucumber.testng.AbstractTestNGCucumberTests" name="runScenario" time="0.039">
    <failure type="java.lang.AssertionError" message="Environment Variable is NOT Set">
      <![CDATA[java.lang.AssertionError: Environment Variable is NOT Set
at tests.utility.Hooks.ConfigFileReader(Hooks.java:69)
at tests.utility.Hooks.initWebDrivereStore(Hooks.java:148)
... Removed 1 stack frames]]>
    </failure>
  </testcase> <!-- runScenario -->
  <testcase classname="io.cucumber.testng.AbstractTestNGCucumberTests" name="runScenario" time="0.041">
    <failure type="java.lang.AssertionError" message="Environment Variable is NOT Set">
      <![CDATA[java.lang.AssertionError: Environment Variable is NOT Set
at tests.utility.Hooks.ConfigFileReader(Hooks.java:69)
at tests.utility.Hooks.initWebDrivereStore(Hooks.java:148)
... Removed 1 stack frames]]>
    </failure>
  </testcase> <!-- runScenario -->
  <testcase classname="io.cucumber.testng.AbstractTestNGCucumberTests" name="runScenario" time="0.043">
    <failure type="java.lang.AssertionError" message="Environment Variable is NOT Set">
      <![CDATA[java.lang.AssertionError: Environment Variable is NOT Set
at tests.utility.Hooks.ConfigFileReader(Hooks.java:69)
at tests.utility.Hooks.initWebDrivereStore(Hooks.java:148)
... Removed 1 stack frames]]>
    </failure>
  </testcase> <!-- runScenario -->
  <testcase classname="io.cucumber.testng.AbstractTestNGCucumberTests" name="runScenario" time="0.037">
    <failure type="java.lang.AssertionError" message="Environment Variable is NOT Set">
      <![CDATA[java.lang.AssertionError: Environment Variable is NOT Set
at tests.utility.Hooks.ConfigFileReader(Hooks.java:69)
at tests.utility.Hooks.initWebDrivereStore(Hooks.java:148)
... Removed 1 stack frames]]>
    </failure>
  </testcase> <!-- runScenario -->
  <testcase classname="io.cucumber.testng.AbstractTestNGCucumberTests" name="runScenario" time="0.039">
    <failure type="java.lang.AssertionError" message="Environment Variable is NOT Set">
      <![CDATA[java.lang.AssertionError: Environment Variable is NOT Set
at tests.utility.Hooks.ConfigFileReader(Hooks.java:69)
at tests.utility.Hooks.initWebDrivereStore(Hooks.java:148)
... Removed 1 stack frames]]>
    </failure>
  </testcase> <!-- runScenario -->
  <testcase classname="io.cucumber.testng.AbstractTestNGCucumberTests" name="runScenario" time="0.038">
    <failure type="java.lang.AssertionError" message="Environment Variable is NOT Set">
      <![CDATA[java.lang.AssertionError: Environment Variable is NOT Set
at tests.utility.Hooks.ConfigFileReader(Hooks.java:69)
at tests.utility.Hooks.initWebDrivereStore(Hooks.java:148)
... Removed 1 stack frames]]>
    </failure>
  </testcase> <!-- runScenario -->
  <testcase classname="io.cucumber.testng.AbstractTestNGCucumberTests" name="runScenario" time="0.037">
    <failure type="java.lang.AssertionError" message="Environment Variable is NOT Set">
      <![CDATA[java.lang.AssertionError: Environment Variable is NOT Set
at tests.utility.Hooks.ConfigFileReader(Hooks.java:69)
at tests.utility.Hooks.initWebDrivereStore(Hooks.java:148)
... Removed 1 stack frames]]>
    </failure>
  </testcase> <!-- runScenario -->
  <testcase classname="io.cucumber.testng.AbstractTestNGCucumberTests" name="runScenario" time="0.039">
    <failure type="java.lang.AssertionError" message="Environment Variable is NOT Set">
      <![CDATA[java.lang.AssertionError: Environment Variable is NOT Set
at tests.utility.Hooks.ConfigFileReader(Hooks.java:69)
at tests.utility.Hooks.initWebDrivereStore(Hooks.java:148)
... Removed 1 stack frames]]>
    </failure>
  </testcase> <!-- runScenario -->
  <testcase classname="io.cucumber.testng.AbstractTestNGCucumberTests" name="runScenario" time="0.031">
    <failure type="java.lang.AssertionError" message="Environment Variable is NOT Set">
      <![CDATA[java.lang.AssertionError: Environment Variable is NOT Set
at tests.utility.Hooks.ConfigFileReader(Hooks.java:69)
at tests.utility.Hooks.initWebDrivereStore(Hooks.java:148)
... Removed 1 stack frames]]>
    </failure>
  </testcase> <!-- runScenario -->
  <testcase classname="io.cucumber.testng.AbstractTestNGCucumberTests" name="runScenario" time="0.03">
    <failure type="java.lang.AssertionError" message="Environment Variable is NOT Set">
      <![CDATA[java.lang.AssertionError: Environment Variable is NOT Set
at tests.utility.Hooks.ConfigFileReader(Hooks.java:69)
at tests.utility.Hooks.initWebDrivereStore(Hooks.java:148)
... Removed 1 stack frames]]>
    </failure>
  </testcase> <!-- runScenario -->
  <testcase classname="io.cucumber.testng.AbstractTestNGCucumberTests" name="runScenario" time="0.028">
    <failure type="java.lang.AssertionError" message="Environment Variable is NOT Set">
      <![CDATA[java.lang.AssertionError: Environment Variable is NOT Set
at tests.utility.Hooks.ConfigFileReader(Hooks.java:69)
at tests.utility.Hooks.initWebDrivereStore(Hooks.java:148)
... Removed 1 stack frames]]>
    </failure>
  </testcase> <!-- runScenario -->
  <testcase classname="io.cucumber.testng.AbstractTestNGCucumberTests" name="runScenario" time="0.03">
    <failure type="java.lang.AssertionError" message="Environment Variable is NOT Set">
      <![CDATA[java.lang.AssertionError: Environment Variable is NOT Set
at tests.utility.Hooks.ConfigFileReader(Hooks.java:69)
at tests.utility.Hooks.initWebDrivereStore(Hooks.java:148)
... Removed 1 stack frames]]>
    </failure>
  </testcase> <!-- runScenario -->
  <testcase classname="io.cucumber.testng.AbstractTestNGCucumberTests" name="runScenario" time="0.028">
    <failure type="java.lang.AssertionError" message="Environment Variable is NOT Set">
      <![CDATA[java.lang.AssertionError: Environment Variable is NOT Set
at tests.utility.Hooks.ConfigFileReader(Hooks.java:69)
at tests.utility.Hooks.initWebDrivereStore(Hooks.java:148)
... Removed 1 stack frames]]>
    </failure>
  </testcase> <!-- runScenario -->
  <testcase classname="io.cucumber.testng.AbstractTestNGCucumberTests" name="runScenario" time="0.029">
    <failure type="java.lang.AssertionError" message="Environment Variable is NOT Set">
      <![CDATA[java.lang.AssertionError: Environment Variable is NOT Set
at tests.utility.Hooks.ConfigFileReader(Hooks.java:69)
at tests.utility.Hooks.initWebDrivereStore(Hooks.java:148)
... Removed 1 stack frames]]>
    </failure>
  </testcase> <!-- runScenario -->
  <testcase classname="io.cucumber.testng.AbstractTestNGCucumberTests" name="runScenario" time="0.029">
    <failure type="java.lang.AssertionError" message="Environment Variable is NOT Set">
      <![CDATA[java.lang.AssertionError: Environment Variable is NOT Set
at tests.utility.Hooks.ConfigFileReader(Hooks.java:69)
at tests.utility.Hooks.initWebDrivereStore(Hooks.java:148)
... Removed 1 stack frames]]>
    </failure>
  </testcase> <!-- runScenario -->
  <testcase classname="io.cucumber.testng.AbstractTestNGCucumberTests" name="runScenario" time="0.032">
    <failure type="java.lang.AssertionError" message="Environment Variable is NOT Set">
      <![CDATA[java.lang.AssertionError: Environment Variable is NOT Set
at tests.utility.Hooks.ConfigFileReader(Hooks.java:69)
at tests.utility.Hooks.initWebDrivereStore(Hooks.java:148)
... Removed 1 stack frames]]>
    </failure>
  </testcase> <!-- runScenario -->
  <testcase classname="io.cucumber.testng.AbstractTestNGCucumberTests" name="runScenario" time="0.031">
    <failure type="java.lang.AssertionError" message="Environment Variable is NOT Set">
      <![CDATA[java.lang.AssertionError: Environment Variable is NOT Set
at tests.utility.Hooks.ConfigFileReader(Hooks.java:69)
at tests.utility.Hooks.initWebDrivereStore(Hooks.java:148)
... Removed 1 stack frames]]>
    </failure>
  </testcase> <!-- runScenario -->
  <testcase classname="io.cucumber.testng.AbstractTestNGCucumberTests" name="runScenario" time="0.03">
    <failure type="java.lang.AssertionError" message="Environment Variable is NOT Set">
      <![CDATA[java.lang.AssertionError: Environment Variable is NOT Set
at tests.utility.Hooks.ConfigFileReader(Hooks.java:69)
at tests.utility.Hooks.initWebDrivereStore(Hooks.java:148)
... Removed 1 stack frames]]>
    </failure>
  </testcase> <!-- runScenario -->
  <testcase classname="io.cucumber.testng.AbstractTestNGCucumberTests" name="runScenario" time="0.061">
    <failure type="java.lang.AssertionError" message="Environment Variable is NOT Set">
      <![CDATA[java.lang.AssertionError: Environment Variable is NOT Set
at tests.utility.Hooks.ConfigFileReader(Hooks.java:69)
at tests.utility.Hooks.initWebDrivereStore(Hooks.java:148)
... Removed 1 stack frames]]>
    </failure>
  </testcase> <!-- runScenario -->
  <testcase classname="io.cucumber.testng.AbstractTestNGCucumberTests" name="runScenario" time="0.043">
    <failure type="java.lang.AssertionError" message="Environment Variable is NOT Set">
      <![CDATA[java.lang.AssertionError: Environment Variable is NOT Set
at tests.utility.Hooks.ConfigFileReader(Hooks.java:69)
at tests.utility.Hooks.initWebDrivereStore(Hooks.java:148)
... Removed 1 stack frames]]>
    </failure>
  </testcase> <!-- runScenario -->
  <testcase classname="io.cucumber.testng.AbstractTestNGCucumberTests" name="runScenario" time="0.035">
    <failure type="java.lang.AssertionError" message="Environment Variable is NOT Set">
      <![CDATA[java.lang.AssertionError: Environment Variable is NOT Set
at tests.utility.Hooks.ConfigFileReader(Hooks.java:69)
at tests.utility.Hooks.initWebDrivereStore(Hooks.java:148)
... Removed 1 stack frames]]>
    </failure>
  </testcase> <!-- runScenario -->
  <testcase classname="io.cucumber.testng.AbstractTestNGCucumberTests" name="runScenario" time="0.034">
    <failure type="java.lang.AssertionError" message="Environment Variable is NOT Set">
      <![CDATA[java.lang.AssertionError: Environment Variable is NOT Set
at tests.utility.Hooks.ConfigFileReader(Hooks.java:69)
at tests.utility.Hooks.initWebDrivereStore(Hooks.java:148)
... Removed 1 stack frames]]>
    </failure>
  </testcase> <!-- runScenario -->
  <testcase classname="io.cucumber.testng.AbstractTestNGCucumberTests" name="runScenario" time="0.031">
    <failure type="java.lang.AssertionError" message="Environment Variable is NOT Set">
      <![CDATA[java.lang.AssertionError: Environment Variable is NOT Set
at tests.utility.Hooks.ConfigFileReader(Hooks.java:69)
at tests.utility.Hooks.initWebDrivereStore(Hooks.java:148)
... Removed 1 stack frames]]>
    </failure>
  </testcase> <!-- runScenario -->
  <testcase classname="io.cucumber.testng.AbstractTestNGCucumberTests" name="runScenario" time="0.029">
    <failure type="java.lang.AssertionError" message="Environment Variable is NOT Set">
      <![CDATA[java.lang.AssertionError: Environment Variable is NOT Set
at tests.utility.Hooks.ConfigFileReader(Hooks.java:69)
at tests.utility.Hooks.initWebDrivereStore(Hooks.java:148)
... Removed 1 stack frames]]>
    </failure>
  </testcase> <!-- runScenario -->
  <testcase classname="io.cucumber.testng.AbstractTestNGCucumberTests" name="runScenario" time="0.03">
    <failure type="java.lang.AssertionError" message="Environment Variable is NOT Set">
      <![CDATA[java.lang.AssertionError: Environment Variable is NOT Set
at tests.utility.Hooks.ConfigFileReader(Hooks.java:69)
at tests.utility.Hooks.initWebDrivereStore(Hooks.java:148)
... Removed 1 stack frames]]>
    </failure>
  </testcase> <!-- runScenario -->
  <testcase classname="io.cucumber.testng.AbstractTestNGCucumberTests" name="runScenario" time="0.033">
    <failure type="java.lang.AssertionError" message="Environment Variable is NOT Set">
      <![CDATA[java.lang.AssertionError: Environment Variable is NOT Set
at tests.utility.Hooks.ConfigFileReader(Hooks.java:69)
at tests.utility.Hooks.initWebDrivereStore(Hooks.java:148)
... Removed 1 stack frames]]>
    </failure>
  </testcase> <!-- runScenario -->
  <testcase classname="io.cucumber.testng.AbstractTestNGCucumberTests" name="runScenario" time="0.031">
    <failure type="java.lang.AssertionError" message="Environment Variable is NOT Set">
      <![CDATA[java.lang.AssertionError: Environment Variable is NOT Set
at tests.utility.Hooks.ConfigFileReader(Hooks.java:69)
at tests.utility.Hooks.initWebDrivereStore(Hooks.java:148)
... Removed 1 stack frames]]>
    </failure>
  </testcase> <!-- runScenario -->
  <testcase classname="io.cucumber.testng.AbstractTestNGCucumberTests" name="runScenario" time="0.032">
    <failure type="java.lang.AssertionError" message="Environment Variable is NOT Set">
      <![CDATA[java.lang.AssertionError: Environment Variable is NOT Set
at tests.utility.Hooks.ConfigFileReader(Hooks.java:69)
at tests.utility.Hooks.initWebDrivereStore(Hooks.java:148)
... Removed 1 stack frames]]>
    </failure>
  </testcase> <!-- runScenario -->
  <testcase classname="io.cucumber.testng.AbstractTestNGCucumberTests" name="runScenario" time="0.033">
    <failure type="java.lang.AssertionError" message="Environment Variable is NOT Set">
      <![CDATA[java.lang.AssertionError: Environment Variable is NOT Set
at tests.utility.Hooks.ConfigFileReader(Hooks.java:69)
at tests.utility.Hooks.initWebDrivereStore(Hooks.java:148)
... Removed 1 stack frames]]>
    </failure>
  </testcase> <!-- runScenario -->
</testsuite> <!-- Window -->
