<?xml version="1.0" encoding="UTF-8"?>
<testsuite name="TestSuite" time="2.122" tests="457" errors="0" skipped="0" failures="457">
  <properties>
[...]
</properties>
  <testcase name="runScenario" classname="tests.runners.RunTest" time="0.681">
    <failure message="Environment Variable is NOT Set" type="java.lang.AssertionError">java.lang.AssertionError: Environment Variable is NOT Set
	at org.testng.Assert.fail(Assert.java:110)
	at tests.utility.Hooks.ConfigFileReader(Hooks.java:69)
	at tests.utility.Hooks.initWebDriver(Hooks.java:159)
</failure>
    <system-out><![CDATA[Order Classification : FAILED
]]></system-out>
  </testcase>
  <testcase name="runScenario" classname="tests.runners.RunTest" time="0.097">
    <failure message="Environment Variable is NOT Set" type="java.lang.AssertionError">java.lang.AssertionError: Environment Variable is NOT Set
	at org.testng.Assert.fail(Assert.java:110)
	at tests.utility.Hooks.ConfigFileReader(Hooks.java:69)
	at tests.utility.Hooks.initWebDriver(Hooks.java:159)
</failure>
    <system-out><![CDATA[Checkout membership popup for Guest user : FAILED
]]></system-out>
  </testcase>
  <testcase name="runScenario" classname="tests.runners.RunTest" time="0.079">
    <failure message="Environment Variable is NOT Set" type="java.lang.AssertionError">java.lang.AssertionError: Environment Variable is NOT Set
	at org.testng.Assert.fail(Assert.java:110)
	at tests.utility.Hooks.ConfigFileReader(Hooks.java:69)
	at tests.utility.Hooks.initWebDriver(Hooks.java:159)
</failure>
    <system-out><![CDATA[Line Item : Quantity update : FAILED
]]></system-out>
  </testcase>
  <testcase name="runScenario" classname="tests.runners.RunTest" time="0.065">
    <failure message="Environment Variable is NOT Set" type="java.lang.AssertionError">java.lang.AssertionError: Environment Variable is NOT Set
	at org.testng.Assert.fail(Assert.java:110)
	at tests.utility.Hooks.ConfigFileReader(Hooks.java:69)
	at tests.utility.Hooks.initWebDriver(Hooks.java:159)
</failure>
    <system-out><![CDATA[Remove line item - click on remove button and verify that line item is removed and subtotal and minicart value is updated : FAILED
]]></system-out>
  </testcase>
  <testcase name="runScenario" classname="tests.runners.RunTest" time="0.082">
    <failure message="Environment Variable is NOT Set" type="java.lang.AssertionError">java.lang.AssertionError: Environment Variable is NOT Set
	at org.testng.Assert.fail(Assert.java:110)
	at tests.utility.Hooks.ConfigFileReader(Hooks.java:69)
	at tests.utility.Hooks.initWebDriver(Hooks.java:159)
</failure>
    <system-out><![CDATA[Override Line item Prices - with PERCENT_OFF override price methods : FAILED
]]></system-out>
  </testcase>
  <testcase name="runScenario" classname="tests.runners.RunTest" time="0.067">
    <failure message="Environment Variable is NOT Set" type="java.lang.AssertionError">java.lang.AssertionError: Environment Variable is NOT Set
	at org.testng.Assert.fail(Assert.java:110)
	at tests.utility.Hooks.ConfigFileReader(Hooks.java:69)
	at tests.utility.Hooks.initWebDriver(Hooks.java:159)
</failure>
    <system-out><![CDATA[Override Line item Prices - with AMOUNT_OFF override price methods : FAILED
]]></system-out>
  </testcase>
  <testcase name="runScenario" classname="tests.runners.RunTest" time="0.057">
    <failure message="Environment Variable is NOT Set" type="java.lang.AssertionError">java.lang.AssertionError: Environment Variable is NOT Set
	at org.testng.Assert.fail(Assert.java:110)
	at tests.utility.Hooks.ConfigFileReader(Hooks.java:69)
	at tests.utility.Hooks.initWebDriver(Hooks.java:159)
</failure>
    <system-out><![CDATA[Override Line item Prices - with AMOUNT_OVERRIDE override price methods : FAILED
]]></system-out>
  </testcase>
  <testcase name="runScenario" classname="tests.runners.RunTest" time="0.059">
    <failure message="Environment Variable is NOT Set" type="java.lang.AssertionError">java.lang.AssertionError: Environment Variable is NOT Set
	at org.testng.Assert.fail(Assert.java:110)
	at tests.utility.Hooks.ConfigFileReader(Hooks.java:69)
	at tests.utility.Hooks.initWebDriver(Hooks.java:159)
</failure>
    <system-out><![CDATA[Override Line item Prices - for all line items from cart : FAILED
]]></system-out>
  </testcase>
  <testcase name="runScenario" classname="tests.runners.RunTest" time="0.06">
    <failure message="Environment Variable is NOT Set" type="java.lang.AssertionError">java.lang.AssertionError: Environment Variable is NOT Set
	at org.testng.Assert.fail(Assert.java:110)
	at tests.utility.Hooks.ConfigFileReader(Hooks.java:69)
	at tests.utility.Hooks.initWebDriver(Hooks.java:159)
</failure>
    <system-out><![CDATA[Override Line item Prices - verify update button, verify remove button : FAILED
]]></system-out>
  </testcase>
  <testcase name="runScenario" classname="tests.runners.RunTest" time="0.067">
    <failure message="Environment Variable is NOT Set" type="java.lang.AssertionError">java.lang.AssertionError: Environment Variable is NOT Set
	at org.testng.Assert.fail(Assert.java:110)
	at tests.utility.Hooks.ConfigFileReader(Hooks.java:69)
	at tests.utility.Hooks.initWebDriver(Hooks.java:159)
</failure>
    <system-out><![CDATA[Override Line item Prices - verify remove button : FAILED
]]></system-out>
  </testcase>
  <testcase name="runScenario" classname="tests.runners.RunTest" time="0.052">
    <failure message="Environment Variable is NOT Set" type="java.lang.AssertionError">java.lang.AssertionError: Environment Variable is NOT Set
	at org.testng.Assert.fail(Assert.java:110)
	at tests.utility.Hooks.ConfigFileReader(Hooks.java:69)
	at tests.utility.Hooks.initWebDriver(Hooks.java:159)
</failure>
    <system-out><![CDATA[Shipping Override (SD, UFD) -  i can introduce only zero in unlimited furniture delivery field, verify that error should be appeared -> Value must be 0. : FAILED
]]></system-out>
  </testcase>
  <testcase name="runScenario" classname="tests.runners.RunTest" time="0.042">
    <failure message="Environment Variable is NOT Set" type="java.lang.AssertionError">java.lang.AssertionError: Environment Variable is NOT Set
	at org.testng.Assert.fail(Assert.java:110)
	at tests.utility.Hooks.ConfigFileReader(Hooks.java:69)
	at tests.utility.Hooks.initWebDriver(Hooks.java:159)
</failure>
    <system-out><![CDATA[FEMA Promotion Code Description - FEMAD : FAILED
]]></system-out>
  </testcase>
  <testcase name="runScenario" classname="tests.runners.RunTest" time="0.04">
    <failure message="Environment Variable is NOT Set" type="java.lang.AssertionError">java.lang.AssertionError: Environment Variable is NOT Set
	at org.testng.Assert.fail(Assert.java:110)
	at tests.utility.Hooks.ConfigFileReader(Hooks.java:69)
	at tests.utility.Hooks.initWebDriver(Hooks.java:159)
</failure>
    <system-out><![CDATA[Move to Project : FAILED
]]></system-out>
  </testcase>
  <testcase name="runScenario" classname="tests.runners.RunTest" time="0.043">
    <failure message="Environment Variable is NOT Set" type="java.lang.AssertionError">java.lang.AssertionError: Environment Variable is NOT Set
	at org.testng.Assert.fail(Assert.java:110)
	at tests.utility.Hooks.ConfigFileReader(Hooks.java:69)
	at tests.utility.Hooks.initWebDriver(Hooks.java:159)
</failure>
    <system-out><![CDATA[Promo codes - promo code for guest user : FAILED
]]></system-out>
  </testcase>
  <testcase name="runScenario" classname="tests.runners.RunTest" time="0.041">
    <failure message="Environment Variable is NOT Set" type="java.lang.AssertionError">java.lang.AssertionError: Environment Variable is NOT Set
	at org.testng.Assert.fail(Assert.java:110)
	at tests.utility.Hooks.ConfigFileReader(Hooks.java:69)
	at tests.utility.Hooks.initWebDriver(Hooks.java:159)
</failure>
    <system-out><![CDATA[Designed/ Sold By : FAILED
]]></system-out>
  </testcase>
  <testcase name="runScenario" classname="tests.runners.RunTest" time="0.055">
    <failure message="Environment Variable is NOT Set" type="java.lang.AssertionError">java.lang.AssertionError: Environment Variable is NOT Set
	at org.testng.Assert.fail(Assert.java:110)
	at tests.utility.Hooks.ConfigFileReader(Hooks.java:69)
	at tests.utility.Hooks.initWebDriver(Hooks.java:159)
</failure>
    <system-out><![CDATA[Promo codes - verify that total price from cart and from payment page is the same after applying promocode : FAILED
]]></system-out>
  </testcase>
  <testcase name="runScenario" classname="tests.runners.RunTest" time="0.059">
    <failure message="Environment Variable is NOT Set" type="java.lang.AssertionError">java.lang.AssertionError: Environment Variable is NOT Set
	at org.testng.Assert.fail(Assert.java:110)
	at tests.utility.Hooks.ConfigFileReader(Hooks.java:69)
	at tests.utility.Hooks.initWebDriver(Hooks.java:159)
</failure>
    <system-out><![CDATA[Promo codes - verify that total price from cart and from payment page is the same after applying promo code : FAILED
]]></system-out>
  </testcase>
  <testcase name="runScenario" classname="tests.runners.RunTest" time="0.045">
    <failure message="Environment Variable is NOT Set" type="java.lang.AssertionError">java.lang.AssertionError: Environment Variable is NOT Set
	at org.testng.Assert.fail(Assert.java:110)
	at tests.utility.Hooks.ConfigFileReader(Hooks.java:69)
	at tests.utility.Hooks.initWebDriver(Hooks.java:159)
</failure>
    <system-out><![CDATA[Promo codes - verify that promo code was removed for member client : FAILED
]]></system-out>
  </testcase>
  <testcase name="runScenario" classname="tests.runners.RunTest" time="0.045">
    <failure message="Environment Variable is NOT Set" type="java.lang.AssertionError">java.lang.AssertionError: Environment Variable is NOT Set
	at org.testng.Assert.fail(Assert.java:110)
	at tests.utility.Hooks.ConfigFileReader(Hooks.java:69)
	at tests.utility.Hooks.initWebDriver(Hooks.java:159)
</failure>
    <system-out><![CDATA[Verify mini cart count : FAILED
]]></system-out>
  </testcase>
  <testcase name="runScenario" classname="tests.runners.RunTest" time="0.047">
    <failure message="Environment Variable is NOT Set" type="java.lang.AssertionError">java.lang.AssertionError: Environment Variable is NOT Set
	at org.testng.Assert.fail(Assert.java:110)
	at tests.utility.Hooks.ConfigFileReader(Hooks.java:69)
	at tests.utility.Hooks.initWebDriver(Hooks.java:159)
</failure>
    <system-out><![CDATA[Verify Membership banner for Trade - should not be present : FAILED
]]></system-out>
  </testcase>
  <testcase name="runScenario" classname="tests.runners.RunTest" time="0.039">
    <failure message="Environment Variable is NOT Set" type="java.lang.AssertionError">java.lang.AssertionError: Environment Variable is NOT Set
	at org.testng.Assert.fail(Assert.java:110)
	at tests.utility.Hooks.ConfigFileReader(Hooks.java:69)
	at tests.utility.Hooks.initWebDriver(Hooks.java:159)
</failure>
    <system-out><![CDATA[Verify Membership banner for Unclassified - should not be present : FAILED
]]></system-out>
  </testcase>
  <testcase name="runScenario" classname="tests.runners.RunTest" time="0.043">
    <failure message="Environment Variable is NOT Set" type="java.lang.AssertionError">java.lang.AssertionError: Environment Variable is NOT Set
	at org.testng.Assert.fail(Assert.java:110)
	at tests.utility.Hooks.ConfigFileReader(Hooks.java:69)
	at tests.utility.Hooks.initWebDriver(Hooks.java:159)
</failure>
    <system-out><![CDATA[Verify Membership Pop up while checkout for Trade - should not : FAILED
]]></system-out>
  </testcase>
  <testcase name="runScenario" classname="tests.runners.RunTest" time="0.039">
    <failure message="Environment Variable is NOT Set" type="java.lang.AssertionError">java.lang.AssertionError: Environment Variable is NOT Set
	at org.testng.Assert.fail(Assert.java:110)
	at tests.utility.Hooks.ConfigFileReader(Hooks.java:69)
	at tests.utility.Hooks.initWebDriver(Hooks.java:159)
</failure>
    <system-out><![CDATA[Verify Membership Pop up while checkout for contract - should not be present : FAILED
]]></system-out>
  </testcase>
  <testcase name="runScenario" classname="tests.runners.RunTest" time="0.044">
    <failure message="Environment Variable is NOT Set" type="java.lang.AssertionError">java.lang.AssertionError: Environment Variable is NOT Set
	at org.testng.Assert.fail(Assert.java:110)
	at tests.utility.Hooks.ConfigFileReader(Hooks.java:69)
	at tests.utility.Hooks.initWebDriver(Hooks.java:159)
</failure>
    <system-out><![CDATA[Verify Trade,Contract client address page - ship to Bill to, Sold to addresses - edit addresses : FAILED
]]></system-out>
  </testcase>
  <testcase name="runScenario" classname="tests.runners.RunTest" time="0.041">
    <failure message="Environment Variable is NOT Set" type="java.lang.AssertionError">java.lang.AssertionError: Environment Variable is NOT Set
	at org.testng.Assert.fail(Assert.java:110)
	at tests.utility.Hooks.ConfigFileReader(Hooks.java:69)
	at tests.utility.Hooks.initWebDriver(Hooks.java:159)
</failure>
    <system-out><![CDATA[Verify membership prices for Membership client : FAILED
]]></system-out>
  </testcase>
  <testcase name="runScenario" classname="tests.runners.RunTest" time="0.034">
    <failure message="Environment Variable is NOT Set" type="java.lang.AssertionError">java.lang.AssertionError: Environment Variable is NOT Set
	at org.testng.Assert.fail(Assert.java:110)
	at tests.utility.Hooks.ConfigFileReader(Hooks.java:69)
	at tests.utility.Hooks.initWebDriver(Hooks.java:159)
</failure>
    <system-out><![CDATA[Verify Employee discount checkout : FAILED
]]></system-out>
  </testcase>
  <testcase name="runScenario" classname="tests.runners.RunTest" time="0.033">
    <failure message="Environment Variable is NOT Set" type="java.lang.AssertionError">java.lang.AssertionError: Environment Variable is NOT Set
	at org.testng.Assert.fail(Assert.java:110)
	at tests.utility.Hooks.ConfigFileReader(Hooks.java:69)
	at tests.utility.Hooks.initWebDriver(Hooks.java:159)
</failure>
    <system-out><![CDATA[Postpone shipment : FAILED
]]></system-out>
  </testcase>
  <testcase name="runScenario" classname="tests.runners.RunTest" time="0.035">
    <failure message="Environment Variable is NOT Set" type="java.lang.AssertionError">java.lang.AssertionError: Environment Variable is NOT Set
	at org.testng.Assert.fail(Assert.java:110)
	at tests.utility.Hooks.ConfigFileReader(Hooks.java:69)
	at tests.utility.Hooks.initWebDriver(Hooks.java:159)
</failure>
    <system-out><![CDATA[Monogram Edit / Remove / Add : FAILED
]]></system-out>
  </testcase>
  <testcase name="runScenario" classname="tests.runners.RunTest" time="0.038">
    <failure message="Environment Variable is NOT Set" type="java.lang.AssertionError">java.lang.AssertionError: Environment Variable is NOT Set
	at org.testng.Assert.fail(Assert.java:110)
	at tests.utility.Hooks.ConfigFileReader(Hooks.java:69)
	at tests.utility.Hooks.initWebDriver(Hooks.java:159)
</failure>
    <system-out><![CDATA[Gift Box Add / Remove / View : FAILED
]]></system-out>
  </testcase>
  <testcase name="runScenario" classname="tests.runners.RunTest" time="0.037">
    <failure message="Environment Variable is NOT Set" type="java.lang.AssertionError">java.lang.AssertionError: Environment Variable is NOT Set
	at org.testng.Assert.fail(Assert.java:110)
	at tests.utility.Hooks.ConfigFileReader(Hooks.java:69)
	at tests.utility.Hooks.initWebDriver(Hooks.java:159)
</failure>
    <system-out><![CDATA[Verify Member savings for a Non member user in cart - From PDP and Project : FAILED
]]></system-out>
  </testcase>
  <testcase name="runScenario" classname="tests.runners.RunTest" time="0.037">
    <failure message="Environment Variable is NOT Set" type="java.lang.AssertionError">java.lang.AssertionError: Environment Variable is NOT Set
	at org.testng.Assert.fail(Assert.java:110)
	at tests.utility.Hooks.ConfigFileReader(Hooks.java:69)
	at tests.utility.Hooks.initWebDriver(Hooks.java:159)
</failure>
    <system-out><![CDATA[Verify Trade savings for a Trade user in cart - From PDP and Project : FAILED
]]></system-out>
  </testcase>
  <testcase name="runScenario" classname="tests.runners.RunTest" time="0.036">
    <failure message="Environment Variable is NOT Set" type="java.lang.AssertionError">java.lang.AssertionError: Environment Variable is NOT Set
	at org.testng.Assert.fail(Assert.java:110)
	at tests.utility.Hooks.ConfigFileReader(Hooks.java:69)
	at tests.utility.Hooks.initWebDriver(Hooks.java:159)
</failure>
    <system-out><![CDATA[Verify address saved in address page when navigate back from order review or any page : FAILED
]]></system-out>
  </testcase>
  <testcase name="runScenario" classname="tests.runners.RunTest" time="0.038">
    <failure message="Environment Variable is NOT Set" type="java.lang.AssertionError">java.lang.AssertionError: Environment Variable is NOT Set
	at org.testng.Assert.fail(Assert.java:110)
	at tests.utility.Hooks.ConfigFileReader(Hooks.java:69)
	at tests.utility.Hooks.initWebDriver(Hooks.java:159)
</failure>
    <system-out><![CDATA[Zipcode Validation : FAILED
]]></system-out>
  </testcase>
  <testcase name="runScenario" classname="tests.runners.RunTest" time="0.031">
    <failure message="Environment Variable is NOT Set" type="java.lang.AssertionError">java.lang.AssertionError: Environment Variable is NOT Set
	at org.testng.Assert.fail(Assert.java:110)
	at tests.utility.Hooks.ConfigFileReader(Hooks.java:69)
	at tests.utility.Hooks.initWebDriver(Hooks.java:159)
</failure>
    <system-out><![CDATA[Availability, Delivery and Returns messages : FAILED
]]></system-out>
  </testcase>
  <testcase name="runScenario" classname="tests.runners.RunTest" time="0.036">
    <failure message="Environment Variable is NOT Set" type="java.lang.AssertionError">java.lang.AssertionError: Environment Variable is NOT Set
	at org.testng.Assert.fail(Assert.java:110)
	at tests.utility.Hooks.ConfigFileReader(Hooks.java:69)
	at tests.utility.Hooks.initWebDriver(Hooks.java:159)
</failure>
    <system-out><![CDATA[Verify alternate addresses for client with multiple addresses : FAILED
]]></system-out>
  </testcase>
  <testcase name="runScenario" classname="tests.runners.RunTest" time="0.043">
    <failure message="Environment Variable is NOT Set" type="java.lang.AssertionError">java.lang.AssertionError: Environment Variable is NOT Set
	at org.testng.Assert.fail(Assert.java:110)
	at tests.utility.Hooks.ConfigFileReader(Hooks.java:69)
	at tests.utility.Hooks.initWebDriver(Hooks.java:159)
</failure>
    <system-out><![CDATA[Verify client search by email : FAILED
]]></system-out>
  </testcase>
  <testcase name="runScenario" classname="tests.runners.RunTest" time="0.038">
    <failure message="Environment Variable is NOT Set" type="java.lang.AssertionError">java.lang.AssertionError: Environment Variable is NOT Set
	at org.testng.Assert.fail(Assert.java:110)
	at tests.utility.Hooks.ConfigFileReader(Hooks.java:69)
	at tests.utility.Hooks.initWebDriver(Hooks.java:159)
</failure>
    <system-out><![CDATA[Verify client search by lastName : FAILED
]]></system-out>
  </testcase>
  <testcase name="runScenario" classname="tests.runners.RunTest" time="0.03">
    <failure message="Environment Variable is NOT Set" type="java.lang.AssertionError">java.lang.AssertionError: Environment Variable is NOT Set
	at org.testng.Assert.fail(Assert.java:110)
	at tests.utility.Hooks.ConfigFileReader(Hooks.java:69)
	at tests.utility.Hooks.initWebDriver(Hooks.java:159)
</failure>
    <system-out><![CDATA[Verify client search by memberID : FAILED
]]></system-out>
  </testcase>
  <testcase name="runScenario" classname="tests.runners.RunTest" time="0.037">
    <failure message="Environment Variable is NOT Set" type="java.lang.AssertionError">java.lang.AssertionError: Environment Variable is NOT Set
	at org.testng.Assert.fail(Assert.java:110)
	at tests.utility.Hooks.ConfigFileReader(Hooks.java:69)
	at tests.utility.Hooks.initWebDriver(Hooks.java:159)
</failure>
    <system-out><![CDATA[Verify client search by businessAccountNumberTrade : FAILED
]]></system-out>
  </testcase>
  <testcase name="runScenario" classname="tests.runners.RunTest" time="0.031">
    <failure message="Environment Variable is NOT Set" type="java.lang.AssertionError">java.lang.AssertionError: Environment Variable is NOT Set
	at org.testng.Assert.fail(Assert.java:110)
	at tests.utility.Hooks.ConfigFileReader(Hooks.java:69)
	at tests.utility.Hooks.initWebDriver(Hooks.java:159)
</failure>
    <system-out><![CDATA[Verify client search by businessAccountNumberContract : FAILED
]]></system-out>
  </testcase>
  <testcase name="runScenario" classname="tests.runners.RunTest" time="0.032">
    <failure message="Environment Variable is NOT Set" type="java.lang.AssertionError">java.lang.AssertionError: Environment Variable is NOT Set
	at org.testng.Assert.fail(Assert.java:110)
	at tests.utility.Hooks.ConfigFileReader(Hooks.java:69)
	at tests.utility.Hooks.initWebDriver(Hooks.java:159)
</failure>
    <system-out><![CDATA[Verify that user is able to create new client : FAILED
]]></system-out>
  </testcase>
  <testcase name="runScenario" classname="tests.runners.RunTest" time="0.033">
    <failure message="Environment Variable is NOT Set" type="java.lang.AssertionError">java.lang.AssertionError: Environment Variable is NOT Set
	at org.testng.Assert.fail(Assert.java:110)
	at tests.utility.Hooks.ConfigFileReader(Hooks.java:69)
	at tests.utility.Hooks.initWebDriver(Hooks.java:159)
</failure>
    <system-out><![CDATA[Verify that I'm not able to select Contract Client without contract gallery : FAILED
]]></system-out>
  </testcase>
  <testcase name="runScenario" classname="tests.runners.RunTest" time="0.062">
    <failure message="Environment Variable is NOT Set" type="java.lang.AssertionError">java.lang.AssertionError: Environment Variable is NOT Set
	at org.testng.Assert.fail(Assert.java:110)
	at tests.utility.Hooks.ConfigFileReader(Hooks.java:69)
	at tests.utility.Hooks.initWebDriver(Hooks.java:159)
</failure>
    <system-out><![CDATA[Verify that user is able to buy item : FAILED
]]></system-out>
  </testcase>
  <testcase name="runScenario" classname="tests.runners.RunTest" time="0.034">
    <failure message="Environment Variable is NOT Set" type="java.lang.AssertionError">java.lang.AssertionError: Environment Variable is NOT Set
	at org.testng.Assert.fail(Assert.java:110)
	at tests.utility.Hooks.ConfigFileReader(Hooks.java:69)
	at tests.utility.Hooks.initWebDriver(Hooks.java:159)
</failure>
    <system-out><![CDATA[Verify that user is able to execute split payment using all payment methods : FAILED
]]></system-out>
  </testcase>
  <testcase name="runScenario" classname="tests.runners.RunTest" time="0.038">
    <failure message="Environment Variable is NOT Set" type="java.lang.AssertionError">java.lang.AssertionError: Environment Variable is NOT Set
	at org.testng.Assert.fail(Assert.java:110)
	at tests.utility.Hooks.ConfigFileReader(Hooks.java:69)
	at tests.utility.Hooks.initWebDriver(Hooks.java:159)
</failure>
    <system-out><![CDATA[Verify that if client is a member then redirected to carts screen : FAILED
]]></system-out>
  </testcase>
  <testcase name="runScenario" classname="tests.runners.RunTest" time="0.032">
    <failure message="Environment Variable is NOT Set" type="java.lang.AssertionError">java.lang.AssertionError: Environment Variable is NOT Set
	at org.testng.Assert.fail(Assert.java:110)
	at tests.utility.Hooks.ConfigFileReader(Hooks.java:69)
	at tests.utility.Hooks.initWebDriver(Hooks.java:159)
</failure>
    <system-out><![CDATA[Verify that if client is a non member then redirected to address screen : FAILED
]]></system-out>
  </testcase>
  <testcase name="runScenario" classname="tests.runners.RunTest" time="0.033">
    <failure message="Environment Variable is NOT Set" type="java.lang.AssertionError">java.lang.AssertionError: Environment Variable is NOT Set
	at org.testng.Assert.fail(Assert.java:110)
	at tests.utility.Hooks.ConfigFileReader(Hooks.java:69)
	at tests.utility.Hooks.initWebDriver(Hooks.java:159)
</failure>
    <system-out><![CDATA[Verify that user is able to buy item through search item by SKU id : FAILED
]]></system-out>
  </testcase>
  <testcase name="runScenario" classname="tests.runners.RunTest" time="0.034">
    <failure message="Environment Variable is NOT Set" type="java.lang.AssertionError">java.lang.AssertionError: Environment Variable is NOT Set
	at org.testng.Assert.fail(Assert.java:110)
	at tests.utility.Hooks.ConfigFileReader(Hooks.java:69)
	at tests.utility.Hooks.initWebDriver(Hooks.java:159)
</failure>
    <system-out><![CDATA[Verify that user is able to add item to project and pay : FAILED
]]></system-out>
  </testcase>
  <testcase name="runScenario" classname="tests.runners.RunTest" time="0.034">
    <failure message="Environment Variable is NOT Set" type="java.lang.AssertionError">java.lang.AssertionError: Environment Variable is NOT Set
	at org.testng.Assert.fail(Assert.java:110)
	at tests.utility.Hooks.ConfigFileReader(Hooks.java:69)
	at tests.utility.Hooks.initWebDriver(Hooks.java:159)
</failure>
    <system-out><![CDATA[Gift Card Balance Enquiry : FAILED
]]></system-out>
  </testcase>
  <testcase name="runScenario" classname="tests.runners.RunTest" time="0.037">
    <failure message="Environment Variable is NOT Set" type="java.lang.AssertionError">java.lang.AssertionError: Environment Variable is NOT Set
	at org.testng.Assert.fail(Assert.java:110)
	at tests.utility.Hooks.ConfigFileReader(Hooks.java:69)
	at tests.utility.Hooks.initWebDriver(Hooks.java:159)
</failure>
    <system-out><![CDATA[Purchase Gift Card : FAILED
]]></system-out>
  </testcase>
  <testcase name="runScenario" classname="tests.runners.RunTest" time="0.042">
    <failure message="Environment Variable is NOT Set" type="java.lang.AssertionError">java.lang.AssertionError: Environment Variable is NOT Set
	at org.testng.Assert.fail(Assert.java:110)
	at tests.utility.Hooks.ConfigFileReader(Hooks.java:69)
	at tests.utility.Hooks.initWebDriver(Hooks.java:159)
</failure>
    <system-out><![CDATA[Login as associate and Verify that home page is accessible : FAILED
]]></system-out>
  </testcase>
  <testcase name="runScenario" classname="tests.runners.RunTest" time="0.031">
    <failure message="Environment Variable is NOT Set" type="java.lang.AssertionError">java.lang.AssertionError: Environment Variable is NOT Set
	at org.testng.Assert.fail(Assert.java:110)
	at tests.utility.Hooks.ConfigFileReader(Hooks.java:69)
	at tests.utility.Hooks.initWebDriver(Hooks.java:159)
</failure>
    <system-out><![CDATA[Verify top menu navigation : FAILED
]]></system-out>
  </testcase>
  <testcase name="runScenario" classname="tests.runners.RunTest" time="0.032">
    <failure message="Environment Variable is NOT Set" type="java.lang.AssertionError">java.lang.AssertionError: Environment Variable is NOT Set
	at org.testng.Assert.fail(Assert.java:110)
	at tests.utility.Hooks.ConfigFileReader(Hooks.java:69)
	at tests.utility.Hooks.initWebDriver(Hooks.java:159)
</failure>
    <system-out><![CDATA[Verify top menu navigation : FAILED
]]></system-out>
  </testcase>
  <testcase name="runScenario" classname="tests.runners.RunTest" time="0.031">
    <failure message="Environment Variable is NOT Set" type="java.lang.AssertionError">java.lang.AssertionError: Environment Variable is NOT Set
	at org.testng.Assert.fail(Assert.java:110)
	at tests.utility.Hooks.ConfigFileReader(Hooks.java:69)
	at tests.utility.Hooks.initWebDriver(Hooks.java:159)
</failure>
    <system-out><![CDATA[Verify top menu navigation : FAILED
]]></system-out>
  </testcase>
  <testcase name="runScenario" classname="tests.runners.RunTest" time="0.036">
    <failure message="Environment Variable is NOT Set" type="java.lang.AssertionError">java.lang.AssertionError: Environment Variable is NOT Set
	at org.testng.Assert.fail(Assert.java:110)
	at tests.utility.Hooks.ConfigFileReader(Hooks.java:69)
	at tests.utility.Hooks.initWebDriver(Hooks.java:159)
</failure>
    <system-out><![CDATA[Verify top menu navigation : FAILED
]]></system-out>
  </testcase>
  <testcase name="runScenario" classname="tests.runners.RunTest" time="0.035">
    <failure message="Environment Variable is NOT Set" type="java.lang.AssertionError">java.lang.AssertionError: Environment Variable is NOT Set
	at org.testng.Assert.fail(Assert.java:110)
	at tests.utility.Hooks.ConfigFileReader(Hooks.java:69)
	at tests.utility.Hooks.initWebDriver(Hooks.java:159)
</failure>
    <system-out><![CDATA[Verify top menu navigation : FAILED
]]></system-out>
  </testcase>
  <testcase name="runScenario" classname="tests.runners.RunTest" time="0.038">
    <failure message="Environment Variable is NOT Set" type="java.lang.AssertionError">java.lang.AssertionError: Environment Variable is NOT Set
	at org.testng.Assert.fail(Assert.java:110)
	at tests.utility.Hooks.ConfigFileReader(Hooks.java:69)
	at tests.utility.Hooks.initWebDriver(Hooks.java:159)
</failure>
    <system-out><![CDATA[Verify top menu navigation : FAILED
]]></system-out>
  </testcase>
  <testcase name="runScenario" classname="tests.runners.RunTest" time="0.032">
    <failure message="Environment Variable is NOT Set" type="java.lang.AssertionError">java.lang.AssertionError: Environment Variable is NOT Set
	at org.testng.Assert.fail(Assert.java:110)
	at tests.utility.Hooks.ConfigFileReader(Hooks.java:69)
	at tests.utility.Hooks.initWebDriver(Hooks.java:159)
</failure>
    <system-out><![CDATA[Verify top menu navigation : FAILED
]]></system-out>
  </testcase>
  <testcase name="runScenario" classname="tests.runners.RunTest" time="0.037">
    <failure message="Environment Variable is NOT Set" type="java.lang.AssertionError">java.lang.AssertionError: Environment Variable is NOT Set
	at org.testng.Assert.fail(Assert.java:110)
	at tests.utility.Hooks.ConfigFileReader(Hooks.java:69)
	at tests.utility.Hooks.initWebDriver(Hooks.java:159)
</failure>
    <system-out><![CDATA[Verify top menu navigation : FAILED
]]></system-out>
  </testcase>
  <testcase name="runScenario" classname="tests.runners.RunTest" time="0.038">
    <failure message="Environment Variable is NOT Set" type="java.lang.AssertionError">java.lang.AssertionError: Environment Variable is NOT Set
	at org.testng.Assert.fail(Assert.java:110)
	at tests.utility.Hooks.ConfigFileReader(Hooks.java:69)
	at tests.utility.Hooks.initWebDriver(Hooks.java:159)
</failure>
    <system-out><![CDATA[Verify top menu navigation : FAILED
]]></system-out>
  </testcase>
  <testcase name="runScenario" classname="tests.runners.RunTest" time="0.034">
    <failure message="Environment Variable is NOT Set" type="java.lang.AssertionError">java.lang.AssertionError: Environment Variable is NOT Set
	at org.testng.Assert.fail(Assert.java:110)
	at tests.utility.Hooks.ConfigFileReader(Hooks.java:69)
	at tests.utility.Hooks.initWebDriver(Hooks.java:159)
</failure>
    <system-out><![CDATA[Verify the logo on "RH" brand : FAILED
]]></system-out>
  </testcase>
  <testcase name="runScenario" classname="tests.runners.RunTest" time="0.034">
    <failure message="Environment Variable is NOT Set" type="java.lang.AssertionError">java.lang.AssertionError: Environment Variable is NOT Set
	at org.testng.Assert.fail(Assert.java:110)
	at tests.utility.Hooks.ConfigFileReader(Hooks.java:69)
	at tests.utility.Hooks.initWebDriver(Hooks.java:159)
</failure>
    <system-out><![CDATA[Verify the logo on "RH CONTEMPORARY" brand : FAILED
]]></system-out>
  </testcase>
  <testcase name="runScenario" classname="tests.runners.RunTest" time="0.031">
    <failure message="Environment Variable is NOT Set" type="java.lang.AssertionError">java.lang.AssertionError: Environment Variable is NOT Set
	at org.testng.Assert.fail(Assert.java:110)
	at tests.utility.Hooks.ConfigFileReader(Hooks.java:69)
	at tests.utility.Hooks.initWebDriver(Hooks.java:159)
</failure>
    <system-out><![CDATA[Verify the logo on "RH INTERIORS" brand : FAILED
]]></system-out>
  </testcase>
  <testcase name="runScenario" classname="tests.runners.RunTest" time="0.031">
    <failure message="Environment Variable is NOT Set" type="java.lang.AssertionError">java.lang.AssertionError: Environment Variable is NOT Set
	at org.testng.Assert.fail(Assert.java:110)
	at tests.utility.Hooks.ConfigFileReader(Hooks.java:69)
	at tests.utility.Hooks.initWebDriver(Hooks.java:159)
</failure>
    <system-out><![CDATA[Verify the logo on "RH MODERN" brand : FAILED
]]></system-out>
  </testcase>
  <testcase name="runScenario" classname="tests.runners.RunTest" time="0.038">
    <failure message="Environment Variable is NOT Set" type="java.lang.AssertionError">java.lang.AssertionError: Environment Variable is NOT Set
	at org.testng.Assert.fail(Assert.java:110)
	at tests.utility.Hooks.ConfigFileReader(Hooks.java:69)
	at tests.utility.Hooks.initWebDriver(Hooks.java:159)
</failure>
    <system-out><![CDATA[Verify the logo on "RH OUTDOOR" brand : FAILED
]]></system-out>
  </testcase>
  <testcase name="runScenario" classname="tests.runners.RunTest" time="0.032">
    <failure message="Environment Variable is NOT Set" type="java.lang.AssertionError">java.lang.AssertionError: Environment Variable is NOT Set
	at org.testng.Assert.fail(Assert.java:110)
	at tests.utility.Hooks.ConfigFileReader(Hooks.java:69)
	at tests.utility.Hooks.initWebDriver(Hooks.java:159)
</failure>
    <system-out><![CDATA[Verify the logo on "RH BEACH HOUSE" brand : FAILED
]]></system-out>
  </testcase>
  <testcase name="runScenario" classname="tests.runners.RunTest" time="0.032">
    <failure message="Environment Variable is NOT Set" type="java.lang.AssertionError">java.lang.AssertionError: Environment Variable is NOT Set
	at org.testng.Assert.fail(Assert.java:110)
	at tests.utility.Hooks.ConfigFileReader(Hooks.java:69)
	at tests.utility.Hooks.initWebDriver(Hooks.java:159)
</failure>
    <system-out><![CDATA[Verify the logo on "RH SKI HOUSE" brand : FAILED
]]></system-out>
  </testcase>
  <testcase name="runScenario" classname="tests.runners.RunTest" time="0.035">
    <failure message="Environment Variable is NOT Set" type="java.lang.AssertionError">java.lang.AssertionError: Environment Variable is NOT Set
	at org.testng.Assert.fail(Assert.java:110)
	at tests.utility.Hooks.ConfigFileReader(Hooks.java:69)
	at tests.utility.Hooks.initWebDriver(Hooks.java:159)
</failure>
    <system-out><![CDATA[Verify the logo on "RH BABY & CHILD" brand : FAILED
]]></system-out>
  </testcase>
  <testcase name="runScenario" classname="tests.runners.RunTest" time="0.033">
    <failure message="Environment Variable is NOT Set" type="java.lang.AssertionError">java.lang.AssertionError: Environment Variable is NOT Set
	at org.testng.Assert.fail(Assert.java:110)
	at tests.utility.Hooks.ConfigFileReader(Hooks.java:69)
	at tests.utility.Hooks.initWebDriver(Hooks.java:159)
</failure>
    <system-out><![CDATA[Verify the logo on "RH TEEN" brand : FAILED
]]></system-out>
  </testcase>
  <testcase name="runScenario" classname="tests.runners.RunTest" time="0.029">
    <failure message="Environment Variable is NOT Set" type="java.lang.AssertionError">java.lang.AssertionError: Environment Variable is NOT Set
	at org.testng.Assert.fail(Assert.java:110)
	at tests.utility.Hooks.ConfigFileReader(Hooks.java:69)
	at tests.utility.Hooks.initWebDriver(Hooks.java:159)
</failure>
    <system-out><![CDATA[Verify brand dropdown : FAILED
]]></system-out>
  </testcase>
  <testcase name="runScenario" classname="tests.runners.RunTest" time="0.03">
    <failure message="Environment Variable is NOT Set" type="java.lang.AssertionError">java.lang.AssertionError: Environment Variable is NOT Set
	at org.testng.Assert.fail(Assert.java:110)
	at tests.utility.Hooks.ConfigFileReader(Hooks.java:69)
	at tests.utility.Hooks.initWebDriver(Hooks.java:159)
</failure>
    <system-out><![CDATA[Verify brand dropdown : FAILED
]]></system-out>
  </testcase>
  <testcase name="runScenario" classname="tests.runners.RunTest" time="0.038">
    <failure message="Environment Variable is NOT Set" type="java.lang.AssertionError">java.lang.AssertionError: Environment Variable is NOT Set
	at org.testng.Assert.fail(Assert.java:110)
	at tests.utility.Hooks.ConfigFileReader(Hooks.java:69)
	at tests.utility.Hooks.initWebDriver(Hooks.java:159)
</failure>
    <system-out><![CDATA[Verify brand dropdown : FAILED
]]></system-out>
  </testcase>
  <testcase name="runScenario" classname="tests.runners.RunTest" time="0.029">
    <failure message="Environment Variable is NOT Set" type="java.lang.AssertionError">java.lang.AssertionError: Environment Variable is NOT Set
	at org.testng.Assert.fail(Assert.java:110)
	at tests.utility.Hooks.ConfigFileReader(Hooks.java:69)
	at tests.utility.Hooks.initWebDriver(Hooks.java:159)
</failure>
    <system-out><![CDATA[Verify brand dropdown : FAILED
]]></system-out>
  </testcase>
  <testcase name="runScenario" classname="tests.runners.RunTest" time="0.031">
    <failure message="Environment Variable is NOT Set" type="java.lang.AssertionError">java.lang.AssertionError: Environment Variable is NOT Set
	at org.testng.Assert.fail(Assert.java:110)
	at tests.utility.Hooks.ConfigFileReader(Hooks.java:69)
	at tests.utility.Hooks.initWebDriver(Hooks.java:159)
</failure>
    <system-out><![CDATA[Verify brand dropdown : FAILED
]]></system-out>
  </testcase>
  <testcase name="runScenario" classname="tests.runners.RunTest" time="0.034">
    <failure message="Environment Variable is NOT Set" type="java.lang.AssertionError">java.lang.AssertionError: Environment Variable is NOT Set
	at org.testng.Assert.fail(Assert.java:110)
	at tests.utility.Hooks.ConfigFileReader(Hooks.java:69)
	at tests.utility.Hooks.initWebDriver(Hooks.java:159)
</failure>
    <system-out><![CDATA[Verify brand dropdown : FAILED
]]></system-out>
  </testcase>
  <testcase name="runScenario" classname="tests.runners.RunTest" time="0.035">
    <failure message="Environment Variable is NOT Set" type="java.lang.AssertionError">java.lang.AssertionError: Environment Variable is NOT Set
	at org.testng.Assert.fail(Assert.java:110)
	at tests.utility.Hooks.ConfigFileReader(Hooks.java:69)
	at tests.utility.Hooks.initWebDriver(Hooks.java:159)
</failure>
    <system-out><![CDATA[Verify brand dropdown : FAILED
]]></system-out>
  </testcase>
  <testcase name="runScenario" classname="tests.runners.RunTest" time="0.03">
    <failure message="Environment Variable is NOT Set" type="java.lang.AssertionError">java.lang.AssertionError: Environment Variable is NOT Set
	at org.testng.Assert.fail(Assert.java:110)
	at tests.utility.Hooks.ConfigFileReader(Hooks.java:69)
	at tests.utility.Hooks.initWebDriver(Hooks.java:159)
</failure>
    <system-out><![CDATA[Verify brand dropdown : FAILED
]]></system-out>
  </testcase>
  <testcase name="runScenario" classname="tests.runners.RunTest" time="0.031">
    <failure message="Environment Variable is NOT Set" type="java.lang.AssertionError">java.lang.AssertionError: Environment Variable is NOT Set
	at org.testng.Assert.fail(Assert.java:110)
	at tests.utility.Hooks.ConfigFileReader(Hooks.java:69)
	at tests.utility.Hooks.initWebDriver(Hooks.java:159)
</failure>
    <system-out><![CDATA[Verify brand dropdown : FAILED
]]></system-out>
  </testcase>
  <testcase name="runScenario" classname="tests.runners.RunTest" time="0.033">
    <failure message="Environment Variable is NOT Set" type="java.lang.AssertionError">java.lang.AssertionError: Environment Variable is NOT Set
	at org.testng.Assert.fail(Assert.java:110)
	at tests.utility.Hooks.ConfigFileReader(Hooks.java:69)
	at tests.utility.Hooks.initWebDriver(Hooks.java:159)
</failure>
    <system-out><![CDATA[Footer links : FAILED
]]></system-out>
  </testcase>
  <testcase name="runScenario" classname="tests.runners.RunTest" time="0.039">
    <failure message="Environment Variable is NOT Set" type="java.lang.AssertionError">java.lang.AssertionError: Environment Variable is NOT Set
	at org.testng.Assert.fail(Assert.java:110)
	at tests.utility.Hooks.ConfigFileReader(Hooks.java:69)
	at tests.utility.Hooks.initWebDriver(Hooks.java:159)
</failure>
    <system-out><![CDATA[Footer links : FAILED
]]></system-out>
  </testcase>
  <testcase name="runScenario" classname="tests.runners.RunTest" time="0.03">
    <failure message="Environment Variable is NOT Set" type="java.lang.AssertionError">java.lang.AssertionError: Environment Variable is NOT Set
	at org.testng.Assert.fail(Assert.java:110)
	at tests.utility.Hooks.ConfigFileReader(Hooks.java:69)
	at tests.utility.Hooks.initWebDriver(Hooks.java:159)
</failure>
    <system-out><![CDATA[Footer links : FAILED
]]></system-out>
  </testcase>
  <testcase name="runScenario" classname="tests.runners.RunTest" time="0.036">
    <failure message="Environment Variable is NOT Set" type="java.lang.AssertionError">java.lang.AssertionError: Environment Variable is NOT Set
	at org.testng.Assert.fail(Assert.java:110)
	at tests.utility.Hooks.ConfigFileReader(Hooks.java:69)
	at tests.utility.Hooks.initWebDriver(Hooks.java:159)
</failure>
    <system-out><![CDATA[Footer links : FAILED
]]></system-out>
  </testcase>
  <testcase name="runScenario" classname="tests.runners.RunTest" time="0.037">
    <failure message="Environment Variable is NOT Set" type="java.lang.AssertionError">java.lang.AssertionError: Environment Variable is NOT Set
	at org.testng.Assert.fail(Assert.java:110)
	at tests.utility.Hooks.ConfigFileReader(Hooks.java:69)
	at tests.utility.Hooks.initWebDriver(Hooks.java:159)
</failure>
    <system-out><![CDATA[Verify homepage content : FAILED
]]></system-out>
  </testcase>
  <testcase name="runScenario" classname="tests.runners.RunTest" time="0.03">
    <failure message="Environment Variable is NOT Set" type="java.lang.AssertionError">java.lang.AssertionError: Environment Variable is NOT Set
	at org.testng.Assert.fail(Assert.java:110)
	at tests.utility.Hooks.ConfigFileReader(Hooks.java:69)
	at tests.utility.Hooks.initWebDriver(Hooks.java:159)
</failure>
    <system-out><![CDATA[Change store number in concierge from dashboard : FAILED
]]></system-out>
  </testcase>
  <testcase name="runScenario" classname="tests.runners.RunTest" time="0.031">
    <failure message="Environment Variable is NOT Set" type="java.lang.AssertionError">java.lang.AssertionError: Environment Variable is NOT Set
	at org.testng.Assert.fail(Assert.java:110)
	at tests.utility.Hooks.ConfigFileReader(Hooks.java:69)
	at tests.utility.Hooks.initWebDriver(Hooks.java:159)
</failure>
    <system-out><![CDATA[Verify that all galleries are present in list : FAILED
]]></system-out>
  </testcase>
  <testcase name="runScenario" classname="tests.runners.RunTest" time="0.032">
    <failure message="Environment Variable is NOT Set" type="java.lang.AssertionError">java.lang.AssertionError: Environment Variable is NOT Set
	at org.testng.Assert.fail(Assert.java:110)
	at tests.utility.Hooks.ConfigFileReader(Hooks.java:69)
	at tests.utility.Hooks.initWebDriver(Hooks.java:159)
</failure>
    <system-out><![CDATA[Order history search is accessible from the dashboard : FAILED
]]></system-out>
  </testcase>
  <testcase name="runScenario" classname="tests.runners.RunTest" time="0.039">
    <failure message="Environment Variable is NOT Set" type="java.lang.AssertionError">java.lang.AssertionError: Environment Variable is NOT Set
	at org.testng.Assert.fail(Assert.java:110)
	at tests.utility.Hooks.ConfigFileReader(Hooks.java:69)
	at tests.utility.Hooks.initWebDriver(Hooks.java:159)
</failure>
    <system-out><![CDATA[Verify order history search returns a list of users - notexist : FAILED
]]></system-out>
  </testcase>
  <testcase name="runScenario" classname="tests.runners.RunTest" time="0.035">
    <failure message="Environment Variable is NOT Set" type="java.lang.AssertionError">java.lang.AssertionError: Environment Variable is NOT Set
	at org.testng.Assert.fail(Assert.java:110)
	at tests.utility.Hooks.ConfigFileReader(Hooks.java:69)
	at tests.utility.Hooks.initWebDriver(Hooks.java:159)
</failure>
    <system-out><![CDATA[Verify order history search returns a list of users - test : FAILED
]]></system-out>
  </testcase>
  <testcase name="runScenario" classname="tests.runners.RunTest" time="0.042">
    <failure message="Environment Variable is NOT Set" type="java.lang.AssertionError">java.lang.AssertionError: Environment Variable is NOT Set
	at org.testng.Assert.fail(Assert.java:110)
	at tests.utility.Hooks.ConfigFileReader(Hooks.java:69)
	at tests.utility.Hooks.initWebDriver(Hooks.java:159)
</failure>
    <system-out><![CDATA[Verify UI elements from order history page : FAILED
]]></system-out>
  </testcase>
  <testcase name="runScenario" classname="tests.runners.RunTest" time="0.037">
    <failure message="Environment Variable is NOT Set" type="java.lang.AssertionError">java.lang.AssertionError: Environment Variable is NOT Set
	at org.testng.Assert.fail(Assert.java:110)
	at tests.utility.Hooks.ConfigFileReader(Hooks.java:69)
	at tests.utility.Hooks.initWebDriver(Hooks.java:159)
</failure>
    <system-out><![CDATA[Verify that customer lookup is displayed after that I click on back to search results button : FAILED
]]></system-out>
  </testcase>
  <testcase name="runScenario" classname="tests.runners.RunTest" time="0.031">
    <failure message="Environment Variable is NOT Set" type="java.lang.AssertionError">java.lang.AssertionError: Environment Variable is NOT Set
	at org.testng.Assert.fail(Assert.java:110)
	at tests.utility.Hooks.ConfigFileReader(Hooks.java:69)
	at tests.utility.Hooks.initWebDriver(Hooks.java:159)
</failure>
    <system-out><![CDATA[Verify that if I click on order item I'll redirected to wismo : FAILED
]]></system-out>
  </testcase>
  <testcase name="runScenario" classname="tests.runners.RunTest" time="0.037">
    <failure message="Environment Variable is NOT Set" type="java.lang.AssertionError">java.lang.AssertionError: Environment Variable is NOT Set
	at org.testng.Assert.fail(Assert.java:110)
	at tests.utility.Hooks.ConfigFileReader(Hooks.java:69)
	at tests.utility.Hooks.initWebDriver(Hooks.java:159)
</failure>
    <system-out><![CDATA[Verify that if I click on order item I'm able to check order details : FAILED
]]></system-out>
  </testcase>
  <testcase name="runScenario" classname="tests.runners.RunTest" time="0.033">
    <failure message="Environment Variable is NOT Set" type="java.lang.AssertionError">java.lang.AssertionError: Environment Variable is NOT Set
	at org.testng.Assert.fail(Assert.java:110)
	at tests.utility.Hooks.ConfigFileReader(Hooks.java:69)
	at tests.utility.Hooks.initWebDriver(Hooks.java:159)
</failure>
    <system-out><![CDATA[Verify order lookup search for inProcess order : FAILED
]]></system-out>
  </testcase>
  <testcase name="runScenario" classname="tests.runners.RunTest" time="0.034">
    <failure message="Environment Variable is NOT Set" type="java.lang.AssertionError">java.lang.AssertionError: Environment Variable is NOT Set
	at org.testng.Assert.fail(Assert.java:110)
	at tests.utility.Hooks.ConfigFileReader(Hooks.java:69)
	at tests.utility.Hooks.initWebDriver(Hooks.java:159)
</failure>
    <system-out><![CDATA[Verify order lookup search for open order : FAILED
]]></system-out>
  </testcase>
  <testcase name="runScenario" classname="tests.runners.RunTest" time="0.036">
    <failure message="Environment Variable is NOT Set" type="java.lang.AssertionError">java.lang.AssertionError: Environment Variable is NOT Set
	at org.testng.Assert.fail(Assert.java:110)
	at tests.utility.Hooks.ConfigFileReader(Hooks.java:69)
	at tests.utility.Hooks.initWebDriver(Hooks.java:159)
</failure>
    <system-out><![CDATA[Verify order lookup search for notExisting order : FAILED
]]></system-out>
  </testcase>
  <testcase name="runScenario" classname="tests.runners.RunTest" time="0.034">
    <failure message="Environment Variable is NOT Set" type="java.lang.AssertionError">java.lang.AssertionError: Environment Variable is NOT Set
	at org.testng.Assert.fail(Assert.java:110)
	at tests.utility.Hooks.ConfigFileReader(Hooks.java:69)
	at tests.utility.Hooks.initWebDriver(Hooks.java:159)
</failure>
    <system-out><![CDATA[concierge - Order replacement - Visa payment : FAILED
]]></system-out>
  </testcase>
  <testcase name="runScenario" classname="tests.runners.RunTest" time="0.125">
    <failure message="Environment Variable is NOT Set" type="java.lang.AssertionError">java.lang.AssertionError: Environment Variable is NOT Set
	at org.testng.Assert.fail(Assert.java:110)
	at tests.utility.Hooks.ConfigFileReader(Hooks.java:69)
	at tests.utility.Hooks.initWebDriver(Hooks.java:159)
</failure>
    <system-out><![CDATA[concierge - Order replacement - Mastercard payment : FAILED
]]></system-out>
  </testcase>
  <testcase name="runScenario" classname="tests.runners.RunTest" time="0.035">
    <failure message="Environment Variable is NOT Set" type="java.lang.AssertionError">java.lang.AssertionError: Environment Variable is NOT Set
	at org.testng.Assert.fail(Assert.java:110)
	at tests.utility.Hooks.ConfigFileReader(Hooks.java:69)
	at tests.utility.Hooks.initWebDriver(Hooks.java:159)
</failure>
    <system-out><![CDATA[concierge - Order replacement - AMEX payment : FAILED
]]></system-out>
  </testcase>
  <testcase name="runScenario" classname="tests.runners.RunTest" time="0.031">
    <failure message="Environment Variable is NOT Set" type="java.lang.AssertionError">java.lang.AssertionError: Environment Variable is NOT Set
	at org.testng.Assert.fail(Assert.java:110)
	at tests.utility.Hooks.ConfigFileReader(Hooks.java:69)
	at tests.utility.Hooks.initWebDriver(Hooks.java:159)
</failure>
    <system-out><![CDATA[concierge - Order replacement - Discovery payment : FAILED
]]></system-out>
  </testcase>
  <testcase name="runScenario" classname="tests.runners.RunTest" time="0.031">
    <failure message="Environment Variable is NOT Set" type="java.lang.AssertionError">java.lang.AssertionError: Environment Variable is NOT Set
	at org.testng.Assert.fail(Assert.java:110)
	at tests.utility.Hooks.ConfigFileReader(Hooks.java:69)
	at tests.utility.Hooks.initWebDriver(Hooks.java:159)
</failure>
    <system-out><![CDATA[concierge - Order replacement - POS payment : FAILED
]]></system-out>
  </testcase>
  <testcase name="runScenario" classname="tests.runners.RunTest" time="0.033">
    <failure message="Environment Variable is NOT Set" type="java.lang.AssertionError">java.lang.AssertionError: Environment Variable is NOT Set
	at org.testng.Assert.fail(Assert.java:110)
	at tests.utility.Hooks.ConfigFileReader(Hooks.java:69)
	at tests.utility.Hooks.initWebDriver(Hooks.java:159)
</failure>
    <system-out><![CDATA[Edit Shipping Address : FAILED
]]></system-out>
  </testcase>
  <testcase name="runScenario" classname="tests.runners.RunTest" time="0.032">
    <failure message="Environment Variable is NOT Set" type="java.lang.AssertionError">java.lang.AssertionError: Environment Variable is NOT Set
	at org.testng.Assert.fail(Assert.java:110)
	at tests.utility.Hooks.ConfigFileReader(Hooks.java:69)
	at tests.utility.Hooks.initWebDriver(Hooks.java:159)
</failure>
    <system-out><![CDATA[Edit Billing Address : FAILED
]]></system-out>
  </testcase>
  <testcase name="runScenario" classname="tests.runners.RunTest" time="0.035">
    <failure message="Environment Variable is NOT Set" type="java.lang.AssertionError">java.lang.AssertionError: Environment Variable is NOT Set
	at org.testng.Assert.fail(Assert.java:110)
	at tests.utility.Hooks.ConfigFileReader(Hooks.java:69)
	at tests.utility.Hooks.initWebDriver(Hooks.java:159)
</failure>
    <system-out><![CDATA[Edit payment : FAILED
]]></system-out>
  </testcase>
  <testcase name="runScenario" classname="tests.runners.RunTest" time="0.032">
    <failure message="Environment Variable is NOT Set" type="java.lang.AssertionError">java.lang.AssertionError: Environment Variable is NOT Set
	at org.testng.Assert.fail(Assert.java:110)
	at tests.utility.Hooks.ConfigFileReader(Hooks.java:69)
	at tests.utility.Hooks.initWebDriver(Hooks.java:159)
</failure>
    <system-out><![CDATA[Verify the payment details and Order estimate summary : FAILED
]]></system-out>
  </testcase>
  <testcase name="runScenario" classname="tests.runners.RunTest" time="0.035">
    <failure message="Environment Variable is NOT Set" type="java.lang.AssertionError">java.lang.AssertionError: Environment Variable is NOT Set
	at org.testng.Assert.fail(Assert.java:110)
	at tests.utility.Hooks.ConfigFileReader(Hooks.java:69)
	at tests.utility.Hooks.initWebDriver(Hooks.java:159)
</failure>
    <system-out><![CDATA[SPO ORDER & TERMS REVIEW SIGNATURE CAPTURE : FAILED
]]></system-out>
  </testcase>
  <testcase name="runScenario" classname="tests.runners.RunTest" time="0.043">
    <failure message="Environment Variable is NOT Set" type="java.lang.AssertionError">java.lang.AssertionError: Environment Variable is NOT Set
	at org.testng.Assert.fail(Assert.java:110)
	at tests.utility.Hooks.ConfigFileReader(Hooks.java:69)
	at tests.utility.Hooks.initWebDriver(Hooks.java:159)
</failure>
    <system-out><![CDATA[Verify all the line items on the order review page : FAILED
]]></system-out>
  </testcase>
  <testcase name="runScenario" classname="tests.runners.RunTest" time="0.033">
    <failure message="Environment Variable is NOT Set" type="java.lang.AssertionError">java.lang.AssertionError: Environment Variable is NOT Set
	at org.testng.Assert.fail(Assert.java:110)
	at tests.utility.Hooks.ConfigFileReader(Hooks.java:69)
	at tests.utility.Hooks.initWebDriver(Hooks.java:159)
</failure>
    <system-out><![CDATA[Monogram : FAILED
]]></system-out>
  </testcase>
  <testcase name="runScenario" classname="tests.runners.RunTest" time="0.032">
    <failure message="Environment Variable is NOT Set" type="java.lang.AssertionError">java.lang.AssertionError: Environment Variable is NOT Set
	at org.testng.Assert.fail(Assert.java:110)
	at tests.utility.Hooks.ConfigFileReader(Hooks.java:69)
	at tests.utility.Hooks.initWebDriver(Hooks.java:159)
</failure>
    <system-out><![CDATA[In stock : FAILED
]]></system-out>
  </testcase>
  <testcase name="runScenario" classname="tests.runners.RunTest" time="0.034">
    <failure message="Environment Variable is NOT Set" type="java.lang.AssertionError">java.lang.AssertionError: Environment Variable is NOT Set
	at org.testng.Assert.fail(Assert.java:110)
	at tests.utility.Hooks.ConfigFileReader(Hooks.java:69)
	at tests.utility.Hooks.initWebDriver(Hooks.java:159)
</failure>
    <system-out><![CDATA[On Sale : FAILED
]]></system-out>
  </testcase>
  <testcase name="runScenario" classname="tests.runners.RunTest" time="0.03">
    <failure message="Environment Variable is NOT Set" type="java.lang.AssertionError">java.lang.AssertionError: Environment Variable is NOT Set
	at org.testng.Assert.fail(Assert.java:110)
	at tests.utility.Hooks.ConfigFileReader(Hooks.java:69)
	at tests.utility.Hooks.initWebDriver(Hooks.java:159)
</failure>
    <system-out><![CDATA[Custom rugs : FAILED
]]></system-out>
  </testcase>
  <testcase name="runScenario" classname="tests.runners.RunTest" time="0.031">
    <failure message="Environment Variable is NOT Set" type="java.lang.AssertionError">java.lang.AssertionError: Environment Variable is NOT Set
	at org.testng.Assert.fail(Assert.java:110)
	at tests.utility.Hooks.ConfigFileReader(Hooks.java:69)
	at tests.utility.Hooks.initWebDriver(Hooks.java:159)
</failure>
    <system-out><![CDATA[Custom Jewelry : FAILED
]]></system-out>
  </testcase>
  <testcase name="runScenario" classname="tests.runners.RunTest" time="0.034">
    <failure message="Environment Variable is NOT Set" type="java.lang.AssertionError">java.lang.AssertionError: Environment Variable is NOT Set
	at org.testng.Assert.fail(Assert.java:110)
	at tests.utility.Hooks.ConfigFileReader(Hooks.java:69)
	at tests.utility.Hooks.initWebDriver(Hooks.java:159)
</failure>
    <system-out><![CDATA[Custom Windows : FAILED
]]></system-out>
  </testcase>
  <testcase name="runScenario" classname="tests.runners.RunTest" time="0.033">
    <failure message="Environment Variable is NOT Set" type="java.lang.AssertionError">java.lang.AssertionError: Environment Variable is NOT Set
	at org.testng.Assert.fail(Assert.java:110)
	at tests.utility.Hooks.ConfigFileReader(Hooks.java:69)
	at tests.utility.Hooks.initWebDriver(Hooks.java:159)
</failure>
    <system-out><![CDATA[YAML carousel : FAILED
]]></system-out>
  </testcase>
  <testcase name="runScenario" classname="tests.runners.RunTest" time="0.03">
    <failure message="Environment Variable is NOT Set" type="java.lang.AssertionError">java.lang.AssertionError: Environment Variable is NOT Set
	at org.testng.Assert.fail(Assert.java:110)
	at tests.utility.Hooks.ConfigFileReader(Hooks.java:69)
	at tests.utility.Hooks.initWebDriver(Hooks.java:159)
</failure>
    <system-out><![CDATA[Mattress Recycling Fee : FAILED
]]></system-out>
  </testcase>
  <testcase name="runScenario" classname="tests.runners.RunTest" time="0.041">
    <failure message="Environment Variable is NOT Set" type="java.lang.AssertionError">java.lang.AssertionError: Environment Variable is NOT Set
	at org.testng.Assert.fail(Assert.java:110)
	at tests.utility.Hooks.ConfigFileReader(Hooks.java:69)
	at tests.utility.Hooks.initWebDriver(Hooks.java:159)
</failure>
    <system-out><![CDATA[Replacement Items : FAILED
]]></system-out>
  </testcase>
  <testcase name="runScenario" classname="tests.runners.RunTest" time="0.03">
    <failure message="Environment Variable is NOT Set" type="java.lang.AssertionError">java.lang.AssertionError: Environment Variable is NOT Set
	at org.testng.Assert.fail(Assert.java:110)
	at tests.utility.Hooks.ConfigFileReader(Hooks.java:69)
	at tests.utility.Hooks.initWebDriver(Hooks.java:159)
</failure>
    <system-out><![CDATA[Colorization : FAILED
]]></system-out>
  </testcase>
  <testcase name="runScenario" classname="tests.runners.RunTest" time="0.033">
    <failure message="Environment Variable is NOT Set" type="java.lang.AssertionError">java.lang.AssertionError: Environment Variable is NOT Set
	at org.testng.Assert.fail(Assert.java:110)
	at tests.utility.Hooks.ConfigFileReader(Hooks.java:69)
	at tests.utility.Hooks.initWebDriver(Hooks.java:159)
</failure>
    <system-out><![CDATA[Availability, Delivery and Returns messaging for SO : FAILED
]]></system-out>
  </testcase>
  <testcase name="runScenario" classname="tests.runners.RunTest" time="0.033">
    <failure message="Environment Variable is NOT Set" type="java.lang.AssertionError">java.lang.AssertionError: Environment Variable is NOT Set
	at org.testng.Assert.fail(Assert.java:110)
	at tests.utility.Hooks.ConfigFileReader(Hooks.java:69)
	at tests.utility.Hooks.initWebDriver(Hooks.java:159)
</failure>
    <system-out><![CDATA[Availability, Delivery and Returns messaging for BO : FAILED
]]></system-out>
  </testcase>
  <testcase name="runScenario" classname="tests.runners.RunTest" time="0.034">
    <failure message="Environment Variable is NOT Set" type="java.lang.AssertionError">java.lang.AssertionError: Environment Variable is NOT Set
	at org.testng.Assert.fail(Assert.java:110)
	at tests.utility.Hooks.ConfigFileReader(Hooks.java:69)
	at tests.utility.Hooks.initWebDriver(Hooks.java:159)
</failure>
    <system-out><![CDATA[ATC SPO - add to cart : FAILED
]]></system-out>
  </testcase>
  <testcase name="runScenario" classname="tests.runners.RunTest" time="0.037">
    <failure message="Environment Variable is NOT Set" type="java.lang.AssertionError">java.lang.AssertionError: Environment Variable is NOT Set
	at org.testng.Assert.fail(Assert.java:110)
	at tests.utility.Hooks.ConfigFileReader(Hooks.java:69)
	at tests.utility.Hooks.initWebDriver(Hooks.java:159)
</failure>
    <system-out><![CDATA[ATC BO - add to cart : FAILED
]]></system-out>
  </testcase>
  <testcase name="runScenario" classname="tests.runners.RunTest" time="0.032">
    <failure message="Environment Variable is NOT Set" type="java.lang.AssertionError">java.lang.AssertionError: Environment Variable is NOT Set
	at org.testng.Assert.fail(Assert.java:110)
	at tests.utility.Hooks.ConfigFileReader(Hooks.java:69)
	at tests.utility.Hooks.initWebDriver(Hooks.java:159)
</failure>
    <system-out><![CDATA[Pricing - verify that price on PDP is the same as price from Cart page : FAILED
]]></system-out>
  </testcase>
  <testcase name="runScenario" classname="tests.runners.RunTest" time="0.033">
    <failure message="Environment Variable is NOT Set" type="java.lang.AssertionError">java.lang.AssertionError: Environment Variable is NOT Set
	at org.testng.Assert.fail(Assert.java:110)
	at tests.utility.Hooks.ConfigFileReader(Hooks.java:69)
	at tests.utility.Hooks.initWebDriver(Hooks.java:159)
</failure>
    <system-out><![CDATA[SLP (Swatch Landing Page) : FAILED
]]></system-out>
  </testcase>
  <testcase name="runScenario" classname="tests.runners.RunTest" time="0.036">
    <failure message="Environment Variable is NOT Set" type="java.lang.AssertionError">java.lang.AssertionError: Environment Variable is NOT Set
	at org.testng.Assert.fail(Assert.java:110)
	at tests.utility.Hooks.ConfigFileReader(Hooks.java:69)
	at tests.utility.Hooks.initWebDriver(Hooks.java:159)
</failure>
    <system-out><![CDATA[Major CCs : FAILED
]]></system-out>
  </testcase>
  <testcase name="runScenario" classname="tests.runners.RunTest" time="0.035">
    <failure message="Environment Variable is NOT Set" type="java.lang.AssertionError">java.lang.AssertionError: Environment Variable is NOT Set
	at org.testng.Assert.fail(Assert.java:110)
	at tests.utility.Hooks.ConfigFileReader(Hooks.java:69)
	at tests.utility.Hooks.initWebDriver(Hooks.java:159)
</failure>
    <system-out><![CDATA[Major CCs : FAILED
]]></system-out>
  </testcase>
  <testcase name="runScenario" classname="tests.runners.RunTest" time="0.052">
    <failure message="Environment Variable is NOT Set" type="java.lang.AssertionError">java.lang.AssertionError: Environment Variable is NOT Set
	at org.testng.Assert.fail(Assert.java:110)
	at tests.utility.Hooks.ConfigFileReader(Hooks.java:69)
	at tests.utility.Hooks.initWebDriver(Hooks.java:159)
</failure>
    <system-out><![CDATA[Major CCs : FAILED
]]></system-out>
  </testcase>
  <testcase name="runScenario" classname="tests.runners.RunTest" time="0.041">
    <failure message="Environment Variable is NOT Set" type="java.lang.AssertionError">java.lang.AssertionError: Environment Variable is NOT Set
	at org.testng.Assert.fail(Assert.java:110)
	at tests.utility.Hooks.ConfigFileReader(Hooks.java:69)
	at tests.utility.Hooks.initWebDriver(Hooks.java:159)
</failure>
    <system-out><![CDATA[Major CCs : FAILED
]]></system-out>
  </testcase>
  <testcase name="runScenario" classname="tests.runners.RunTest" time="0.039">
    <failure message="Environment Variable is NOT Set" type="java.lang.AssertionError">java.lang.AssertionError: Environment Variable is NOT Set
	at org.testng.Assert.fail(Assert.java:110)
	at tests.utility.Hooks.ConfigFileReader(Hooks.java:69)
	at tests.utility.Hooks.initWebDriver(Hooks.java:159)
</failure>
    <system-out><![CDATA[GC/ Balance check : FAILED
]]></system-out>
  </testcase>
  <testcase name="runScenario" classname="tests.runners.RunTest" time="0.036">
    <failure message="Environment Variable is NOT Set" type="java.lang.AssertionError">java.lang.AssertionError: Environment Variable is NOT Set
	at org.testng.Assert.fail(Assert.java:110)
	at tests.utility.Hooks.ConfigFileReader(Hooks.java:69)
	at tests.utility.Hooks.initWebDriver(Hooks.java:159)
</failure>
    <system-out><![CDATA[Verify the Complete Billing address : FAILED
]]></system-out>
  </testcase>
  <testcase name="runScenario" classname="tests.runners.RunTest" time="0.037">
    <failure message="Environment Variable is NOT Set" type="java.lang.AssertionError">java.lang.AssertionError: Environment Variable is NOT Set
	at org.testng.Assert.fail(Assert.java:110)
	at tests.utility.Hooks.ConfigFileReader(Hooks.java:69)
	at tests.utility.Hooks.initWebDriver(Hooks.java:159)
</failure>
    <system-out><![CDATA[Verify the subtotal, shipping fee, taxes based on postal code : FAILED
]]></system-out>
  </testcase>
  <testcase name="runScenario" classname="tests.runners.RunTest" time="0.03">
    <failure message="Environment Variable is NOT Set" type="java.lang.AssertionError">java.lang.AssertionError: Environment Variable is NOT Set
	at org.testng.Assert.fail(Assert.java:110)
	at tests.utility.Hooks.ConfigFileReader(Hooks.java:69)
	at tests.utility.Hooks.initWebDriver(Hooks.java:159)
</failure>
    <system-out><![CDATA[Verify member savings in payment page : FAILED
]]></system-out>
  </testcase>
  <testcase name="runScenario" classname="tests.runners.RunTest" time="0.034">
    <failure message="Environment Variable is NOT Set" type="java.lang.AssertionError">java.lang.AssertionError: Environment Variable is NOT Set
	at org.testng.Assert.fail(Assert.java:110)
	at tests.utility.Hooks.ConfigFileReader(Hooks.java:69)
	at tests.utility.Hooks.initWebDriver(Hooks.java:159)
</failure>
    <system-out><![CDATA[Verify trade savings in payment page : FAILED
]]></system-out>
  </testcase>
  <testcase name="runScenario" classname="tests.runners.RunTest" time="0.036">
    <failure message="Environment Variable is NOT Set" type="java.lang.AssertionError">java.lang.AssertionError: Environment Variable is NOT Set
	at org.testng.Assert.fail(Assert.java:110)
	at tests.utility.Hooks.ConfigFileReader(Hooks.java:69)
	at tests.utility.Hooks.initWebDriver(Hooks.java:159)
</failure>
    <system-out><![CDATA[Edit Address : FAILED
]]></system-out>
  </testcase>
  <testcase name="runScenario" classname="tests.runners.RunTest" time="0.042">
    <failure message="Environment Variable is NOT Set" type="java.lang.AssertionError">java.lang.AssertionError: Environment Variable is NOT Set
	at org.testng.Assert.fail(Assert.java:110)
	at tests.utility.Hooks.ConfigFileReader(Hooks.java:69)
	at tests.utility.Hooks.initWebDriver(Hooks.java:159)
</failure>
    <system-out><![CDATA[Availability, Delivery and Returns messaging for Instock, BO, SPO, SPO Instock Items : FAILED
]]></system-out>
  </testcase>
  <testcase name="runScenario" classname="tests.runners.RunTest" time="0.034">
    <failure message="Environment Variable is NOT Set" type="java.lang.AssertionError">java.lang.AssertionError: Environment Variable is NOT Set
	at org.testng.Assert.fail(Assert.java:110)
	at tests.utility.Hooks.ConfigFileReader(Hooks.java:69)
	at tests.utility.Hooks.initWebDriver(Hooks.java:159)
</failure>
    <system-out><![CDATA[Availability, Delivery and Returns messaging for Instock, BO, SPO, SPO Instock Items : FAILED
]]></system-out>
  </testcase>
  <testcase name="runScenario" classname="tests.runners.RunTest" time="0.033">
    <failure message="Environment Variable is NOT Set" type="java.lang.AssertionError">java.lang.AssertionError: Environment Variable is NOT Set
	at org.testng.Assert.fail(Assert.java:110)
	at tests.utility.Hooks.ConfigFileReader(Hooks.java:69)
	at tests.utility.Hooks.initWebDriver(Hooks.java:159)
</failure>
    <system-out><![CDATA[Verify the Projects load for a logged in associate : FAILED
]]></system-out>
  </testcase>
  <testcase name="runScenario" classname="tests.runners.RunTest" time="0.033">
    <failure message="Environment Variable is NOT Set" type="java.lang.AssertionError">java.lang.AssertionError: Environment Variable is NOT Set
	at org.testng.Assert.fail(Assert.java:110)
	at tests.utility.Hooks.ConfigFileReader(Hooks.java:69)
	at tests.utility.Hooks.initWebDriver(Hooks.java:159)
</failure>
    <system-out><![CDATA[Verify that user is able to find project by projectName : FAILED
]]></system-out>
  </testcase>
  <testcase name="runScenario" classname="tests.runners.RunTest" time="0.047">
    <failure message="Environment Variable is NOT Set" type="java.lang.AssertionError">java.lang.AssertionError: Environment Variable is NOT Set
	at org.testng.Assert.fail(Assert.java:110)
	at tests.utility.Hooks.ConfigFileReader(Hooks.java:69)
	at tests.utility.Hooks.initWebDriver(Hooks.java:159)
</failure>
    <system-out><![CDATA[Verify that user is able to find project by projectID : FAILED
]]></system-out>
  </testcase>
  <testcase name="runScenario" classname="tests.runners.RunTest" time="0.035">
    <failure message="Environment Variable is NOT Set" type="java.lang.AssertionError">java.lang.AssertionError: Environment Variable is NOT Set
	at org.testng.Assert.fail(Assert.java:110)
	at tests.utility.Hooks.ConfigFileReader(Hooks.java:69)
	at tests.utility.Hooks.initWebDriver(Hooks.java:159)
</failure>
    <system-out><![CDATA[Verify that user is able to find project by createdBy : FAILED
]]></system-out>
  </testcase>
  <testcase name="runScenario" classname="tests.runners.RunTest" time="0.032">
    <failure message="Environment Variable is NOT Set" type="java.lang.AssertionError">java.lang.AssertionError: Environment Variable is NOT Set
	at org.testng.Assert.fail(Assert.java:110)
	at tests.utility.Hooks.ConfigFileReader(Hooks.java:69)
	at tests.utility.Hooks.initWebDriver(Hooks.java:159)
</failure>
    <system-out><![CDATA[Verify that user is able to find project by editedBy : FAILED
]]></system-out>
  </testcase>
  <testcase name="runScenario" classname="tests.runners.RunTest" time="0.032">
    <failure message="Environment Variable is NOT Set" type="java.lang.AssertionError">java.lang.AssertionError: Environment Variable is NOT Set
	at org.testng.Assert.fail(Assert.java:110)
	at tests.utility.Hooks.ConfigFileReader(Hooks.java:69)
	at tests.utility.Hooks.initWebDriver(Hooks.java:159)
</failure>
    <system-out><![CDATA[Verify that user is able to find project by pricing type - regular : FAILED
]]></system-out>
  </testcase>
  <testcase name="runScenario" classname="tests.runners.RunTest" time="0.03">
    <failure message="Environment Variable is NOT Set" type="java.lang.AssertionError">java.lang.AssertionError: Environment Variable is NOT Set
	at org.testng.Assert.fail(Assert.java:110)
	at tests.utility.Hooks.ConfigFileReader(Hooks.java:69)
	at tests.utility.Hooks.initWebDriver(Hooks.java:159)
</failure>
    <system-out><![CDATA[Verify that user is able to find project by pricing type - member : FAILED
]]></system-out>
  </testcase>
  <testcase name="runScenario" classname="tests.runners.RunTest" time="0.03">
    <failure message="Environment Variable is NOT Set" type="java.lang.AssertionError">java.lang.AssertionError: Environment Variable is NOT Set
	at org.testng.Assert.fail(Assert.java:110)
	at tests.utility.Hooks.ConfigFileReader(Hooks.java:69)
	at tests.utility.Hooks.initWebDriver(Hooks.java:159)
</failure>
    <system-out><![CDATA[Verify that user is able to find project by pricing type - trade : FAILED
]]></system-out>
  </testcase>
  <testcase name="runScenario" classname="tests.runners.RunTest" time="0.031">
    <failure message="Environment Variable is NOT Set" type="java.lang.AssertionError">java.lang.AssertionError: Environment Variable is NOT Set
	at org.testng.Assert.fail(Assert.java:110)
	at tests.utility.Hooks.ConfigFileReader(Hooks.java:69)
	at tests.utility.Hooks.initWebDriver(Hooks.java:159)
</failure>
    <system-out><![CDATA[Verify that user is able to create project for client - member : FAILED
]]></system-out>
  </testcase>
  <testcase name="runScenario" classname="tests.runners.RunTest" time="0.032">
    <failure message="Environment Variable is NOT Set" type="java.lang.AssertionError">java.lang.AssertionError: Environment Variable is NOT Set
	at org.testng.Assert.fail(Assert.java:110)
	at tests.utility.Hooks.ConfigFileReader(Hooks.java:69)
	at tests.utility.Hooks.initWebDriver(Hooks.java:159)
</failure>
    <system-out><![CDATA[Verify that user is able to create project for client - nonmember : FAILED
]]></system-out>
  </testcase>
  <testcase name="runScenario" classname="tests.runners.RunTest" time="0.035">
    <failure message="Environment Variable is NOT Set" type="java.lang.AssertionError">java.lang.AssertionError: Environment Variable is NOT Set
	at org.testng.Assert.fail(Assert.java:110)
	at tests.utility.Hooks.ConfigFileReader(Hooks.java:69)
	at tests.utility.Hooks.initWebDriver(Hooks.java:159)
</failure>
    <system-out><![CDATA[Verify that user is able to create project for client - trade : FAILED
]]></system-out>
  </testcase>
  <testcase name="runScenario" classname="tests.runners.RunTest" time="0.031">
    <failure message="Environment Variable is NOT Set" type="java.lang.AssertionError">java.lang.AssertionError: Environment Variable is NOT Set
	at org.testng.Assert.fail(Assert.java:110)
	at tests.utility.Hooks.ConfigFileReader(Hooks.java:69)
	at tests.utility.Hooks.initWebDriver(Hooks.java:159)
</failure>
    <system-out><![CDATA[Verify that user is able to create project for client - unclassifiedBusiness : FAILED
]]></system-out>
  </testcase>
  <testcase name="runScenario" classname="tests.runners.RunTest" time="0.031">
    <failure message="Environment Variable is NOT Set" type="java.lang.AssertionError">java.lang.AssertionError: Environment Variable is NOT Set
	at org.testng.Assert.fail(Assert.java:110)
	at tests.utility.Hooks.ConfigFileReader(Hooks.java:69)
	at tests.utility.Hooks.initWebDriver(Hooks.java:159)
</failure>
    <system-out><![CDATA[Verify project settings are available : FAILED
]]></system-out>
  </testcase>
  <testcase name="runScenario" classname="tests.runners.RunTest" time="0.03">
    <failure message="Environment Variable is NOT Set" type="java.lang.AssertionError">java.lang.AssertionError: Environment Variable is NOT Set
	at org.testng.Assert.fail(Assert.java:110)
	at tests.utility.Hooks.ConfigFileReader(Hooks.java:69)
	at tests.utility.Hooks.initWebDriver(Hooks.java:159)
</failure>
    <system-out><![CDATA[Verify project list moodboard : FAILED
]]></system-out>
  </testcase>
  <testcase name="runScenario" classname="tests.runners.RunTest" time="0.044">
    <failure message="Environment Variable is NOT Set" type="java.lang.AssertionError">java.lang.AssertionError: Environment Variable is NOT Set
	at org.testng.Assert.fail(Assert.java:110)
	at tests.utility.Hooks.ConfigFileReader(Hooks.java:69)
	at tests.utility.Hooks.initWebDriver(Hooks.java:159)
</failure>
    <system-out><![CDATA[Verify that user is able to add new space and edit : FAILED
]]></system-out>
  </testcase>
  <testcase name="runScenario" classname="tests.runners.RunTest" time="0.033">
    <failure message="Environment Variable is NOT Set" type="java.lang.AssertionError">java.lang.AssertionError: Environment Variable is NOT Set
	at org.testng.Assert.fail(Assert.java:110)
	at tests.utility.Hooks.ConfigFileReader(Hooks.java:69)
	at tests.utility.Hooks.initWebDriver(Hooks.java:159)
</failure>
    <system-out><![CDATA[Verify that user is able to create new opportunity and add items : FAILED
]]></system-out>
  </testcase>
  <testcase name="runScenario" classname="tests.runners.RunTest" time="0.033">
    <failure message="Environment Variable is NOT Set" type="java.lang.AssertionError">java.lang.AssertionError: Environment Variable is NOT Set
	at org.testng.Assert.fail(Assert.java:110)
	at tests.utility.Hooks.ConfigFileReader(Hooks.java:69)
	at tests.utility.Hooks.initWebDriver(Hooks.java:159)
</failure>
    <system-out><![CDATA[Verify email estimation - send to client verify the email address received and sent for client : FAILED
]]></system-out>
  </testcase>
  <testcase name="runScenario" classname="tests.runners.RunTest" time="0.033">
    <failure message="Environment Variable is NOT Set" type="java.lang.AssertionError">java.lang.AssertionError: Environment Variable is NOT Set
	at org.testng.Assert.fail(Assert.java:110)
	at tests.utility.Hooks.ConfigFileReader(Hooks.java:69)
	at tests.utility.Hooks.initWebDriver(Hooks.java:159)
</failure>
    <system-out><![CDATA[Verify email estimation - send to client verify the email address received and sent for additional : FAILED
]]></system-out>
  </testcase>
  <testcase name="runScenario" classname="tests.runners.RunTest" time="0.033">
    <failure message="Environment Variable is NOT Set" type="java.lang.AssertionError">java.lang.AssertionError: Environment Variable is NOT Set
	at org.testng.Assert.fail(Assert.java:110)
	at tests.utility.Hooks.ConfigFileReader(Hooks.java:69)
	at tests.utility.Hooks.initWebDriver(Hooks.java:159)
</failure>
    <system-out><![CDATA[Verify email estimation - send to bcc verify the email address received and sent : FAILED
]]></system-out>
  </testcase>
  <testcase name="runScenario" classname="tests.runners.RunTest" time="0.03">
    <failure message="Environment Variable is NOT Set" type="java.lang.AssertionError">java.lang.AssertionError: Environment Variable is NOT Set
	at org.testng.Assert.fail(Assert.java:110)
	at tests.utility.Hooks.ConfigFileReader(Hooks.java:69)
	at tests.utility.Hooks.initWebDriver(Hooks.java:159)
</failure>
    <system-out><![CDATA[Verify the Project list and switching between the projects -CART/PDP : FAILED
]]></system-out>
  </testcase>
  <testcase name="runScenario" classname="tests.runners.RunTest" time="0.031">
    <failure message="Environment Variable is NOT Set" type="java.lang.AssertionError">java.lang.AssertionError: Environment Variable is NOT Set
	at org.testng.Assert.fail(Assert.java:110)
	at tests.utility.Hooks.ConfigFileReader(Hooks.java:69)
	at tests.utility.Hooks.initWebDriver(Hooks.java:159)
</failure>
    <system-out><![CDATA[Verify the Opportunities list and switching between the opportunities -CART/PDP : FAILED
]]></system-out>
  </testcase>
  <testcase name="runScenario" classname="tests.runners.RunTest" time="0.031">
    <failure message="Environment Variable is NOT Set" type="java.lang.AssertionError">java.lang.AssertionError: Environment Variable is NOT Set
	at org.testng.Assert.fail(Assert.java:110)
	at tests.utility.Hooks.ConfigFileReader(Hooks.java:69)
	at tests.utility.Hooks.initWebDriver(Hooks.java:159)
</failure>
    <system-out><![CDATA[Verify the Spaces list and switching between the Spaces -CART/PDP : FAILED
]]></system-out>
  </testcase>
  <testcase name="runScenario" classname="tests.runners.RunTest" time="0.033">
    <failure message="Environment Variable is NOT Set" type="java.lang.AssertionError">java.lang.AssertionError: Environment Variable is NOT Set
	at org.testng.Assert.fail(Assert.java:110)
	at tests.utility.Hooks.ConfigFileReader(Hooks.java:69)
	at tests.utility.Hooks.initWebDriver(Hooks.java:159)
</failure>
    <system-out><![CDATA[Verify that user is able to update item option : FAILED
]]></system-out>
  </testcase>
  <testcase name="runScenario" classname="tests.runners.RunTest" time="0.033">
    <failure message="Environment Variable is NOT Set" type="java.lang.AssertionError">java.lang.AssertionError: Environment Variable is NOT Set
	at org.testng.Assert.fail(Assert.java:110)
	at tests.utility.Hooks.ConfigFileReader(Hooks.java:69)
	at tests.utility.Hooks.initWebDriver(Hooks.java:159)
</failure>
    <system-out><![CDATA[Verify that user is able to update item quantity : FAILED
]]></system-out>
  </testcase>
  <testcase name="runScenario" classname="tests.runners.RunTest" time="0.03">
    <failure message="Environment Variable is NOT Set" type="java.lang.AssertionError">java.lang.AssertionError: Environment Variable is NOT Set
	at org.testng.Assert.fail(Assert.java:110)
	at tests.utility.Hooks.ConfigFileReader(Hooks.java:69)
	at tests.utility.Hooks.initWebDriver(Hooks.java:159)
</failure>
    <system-out><![CDATA[Verify that user is able to remove items from project : FAILED
]]></system-out>
  </testcase>
  <testcase name="runScenario" classname="tests.runners.RunTest" time="0.051">
    <failure message="Environment Variable is NOT Set" type="java.lang.AssertionError">java.lang.AssertionError: Environment Variable is NOT Set
	at org.testng.Assert.fail(Assert.java:110)
	at tests.utility.Hooks.ConfigFileReader(Hooks.java:69)
	at tests.utility.Hooks.initWebDriver(Hooks.java:159)
</failure>
    <system-out><![CDATA[Verify price override for item from project : FAILED
]]></system-out>
[...]
	at io.cucumber.testng.TestNGCucumberRunner.finish(TestNGCucumberRunner.java:126)
	at io.cucumber.testng.AbstractTestNGCucumberTests.tearDownClass(AbstractTestNGCucumberTests.java:53)
	at java.base/jdk.internal.reflect.NativeMethodAccessorImpl.invoke0(Native Method)
	at java.base/jdk.internal.reflect.NativeMethodAccessorImpl.invoke(NativeMethodAccessorImpl.java:78)
	at java.base/jdk.internal.reflect.DelegatingMethodAccessorImpl.invoke(DelegatingMethodAccessorImpl.java:43)
	at java.base/java.lang.reflect.Method.invoke(Method.java:567)
	at org.testng.internal.invokers.MethodInvocationHelper.invokeMethod(MethodInvocationHelper.java:135)
	at org.testng.internal.invokers.MethodInvocationHelper.invokeMethodConsideringTimeout(MethodInvocationHelper.java:65)
	at org.testng.internal.invokers.ConfigInvoker.invokeConfigurationMethod(ConfigInvoker.java:381)
	at org.testng.internal.invokers.ConfigInvoker.invokeConfigurations(ConfigInvoker.java:319)
	at org.testng.internal.invokers.TestMethodWorker.invokeAfterClassMethods(TestMethodWorker.java:220)
	at org.testng.internal.invokers.TestMethodWorker.run(TestMethodWorker.java:130)
	at java.base/java.util.ArrayList.forEach(ArrayList.java:1511)
	at org.testng.TestRunner.privateRun(TestRunner.java:808)
	at org.testng.TestRunner.run(TestRunner.java:603)
	at org.testng.SuiteRunner.runTest(SuiteRunner.java:429)
	at org.testng.SuiteRunner.runSequentially(SuiteRunner.java:423)
	at org.testng.SuiteRunner.privateRun(SuiteRunner.java:383)
	at org.testng.SuiteRunner.run(SuiteRunner.java:326)
	at org.testng.SuiteRunnerWorker.runSuite(SuiteRunnerWorker.java:52)
	at org.testng.SuiteRunnerWorker.run(SuiteRunnerWorker.java:95)
	at org.testng.TestNG.runSuitesSequentially(TestNG.java:1249)
	at org.testng.TestNG.runSuitesLocally(TestNG.java:1169)
	at org.testng.TestNG.runSuites(TestNG.java:1092)
	at org.testng.TestNG.run(TestNG.java:1060)
	at org.apache.maven.surefire.testng.TestNGExecutor.run(TestNGExecutor.java:295)
	at org.apache.maven.surefire.testng.TestNGXmlTestSuite.execute(TestNGXmlTestSuite.java:84)
	at org.apache.maven.surefire.testng.TestNGProvider.invoke(TestNGProvider.java:90)
	at org.apache.maven.surefire.booter.ForkedBooter.invokeProviderInSameClassLoader(ForkedBooter.java:203)
	at org.apache.maven.surefire.booter.ForkedBooter.runSuitesInProcess(ForkedBooter.java:155)
	at org.apache.maven.surefire.booter.ForkedBooter.main(ForkedBooter.java:103)
Caused by: javax.net.ssl.SSLHandshakeException: PKIX path building failed: sun.security.provider.certpath.SunCertPathBuilderException: unable to find valid certification path to requested target
	at java.base/sun.security.ssl.Alert.createSSLException(Alert.java:131)
	at java.base/sun.security.ssl.TransportContext.fatal(TransportContext.java:369)
	at java.base/sun.security.ssl.TransportContext.fatal(TransportContext.java:312)
	at java.base/sun.security.ssl.TransportContext.fatal(TransportContext.java:307)
	at java.base/sun.security.ssl.CertificateMessage$T13CertificateConsumer.checkServerCerts(CertificateMessage.java:1357)
	at java.base/sun.security.ssl.CertificateMessage$T13CertificateConsumer.onConsumeCertificate(CertificateMessage.java:1232)
	at java.base/sun.security.ssl.CertificateMessage$T13CertificateConsumer.consume(CertificateMessage.java:1175)
	at java.base/sun.security.ssl.SSLHandshake.consume(SSLHandshake.java:396)
	at java.base/sun.security.ssl.HandshakeContext.dispatch(HandshakeContext.java:480)
	at java.base/sun.security.ssl.HandshakeContext.dispatch(HandshakeContext.java:458)
	at java.base/sun.security.ssl.TransportContext.dispatch(TransportContext.java:199)
	at java.base/sun.security.ssl.SSLTransport.decode(SSLTransport.java:172)
	at java.base/sun.security.ssl.SSLSocketImpl.decode(SSLSocketImpl.java:1506)
	at java.base/sun.security.ssl.SSLSocketImpl.readHandshakeRecord(SSLSocketImpl.java:1416)
	at java.base/sun.security.ssl.SSLSocketImpl.startHandshake(SSLSocketImpl.java:451)
	at java.base/sun.security.ssl.SSLSocketImpl.startHandshake(SSLSocketImpl.java:422)
	at java.base/sun.net.www.protocol.https.HttpsClient.afterConnect(HttpsClient.java:574)
	at java.base/sun.net.www.protocol.https.AbstractDelegateHttpsURLConnection.connect(AbstractDelegateHttpsURLConnection.java:183)
	at java.base/sun.net.www.protocol.http.HttpURLConnection.getInputStream0(HttpURLConnection.java:1653)
	at java.base/sun.net.www.protocol.http.HttpURLConnection.getInputStream(HttpURLConnection.java:1577)
	at java.base/sun.net.www.protocol.http.HttpURLConnection.getHeaderFields(HttpURLConnection.java:3229)
	at java.base/sun.net.www.protocol.https.HttpsURLConnectionImpl.getHeaderFields(HttpsURLConnectionImpl.java:253)
	at io.cucumber.core.plugin.UrlOutputStream.getResponseBody(UrlOutputStream.java:110)
	at io.cucumber.core.plugin.UrlOutputStream.sendRequest(UrlOutputStream.java:83)
	at io.cucumber.core.plugin.UrlOutputStream.close(UrlOutputStream.java:63)
	at java.base/sun.nio.cs.StreamEncoder.implClose(StreamEncoder.java:353)
	at java.base/sun.nio.cs.StreamEncoder.close(StreamEncoder.java:168)
	at java.base/java.io.OutputStreamWriter.close(OutputStreamWriter.java:252)
	at io.cucumber.core.plugin.MessageFormatter.writeMessage(MessageFormatter.java:33)
	at io.cucumber.core.eventbus.AbstractEventPublisher.send(AbstractEventPublisher.java:51)
	at io.cucumber.core.eventbus.AbstractEventBus.send(AbstractEventBus.java:12)
	at io.cucumber.core.runtime.CucumberExecutionContext.emitTestRunFinished(CucumberExecutionContext.java:102)
	at io.cucumber.core.runtime.CucumberExecutionContext.finishTestRun(CucumberExecutionContext.java:74)
	at io.cucumber.testng.TestNGCucumberRunner.finish(TestNGCucumberRunner.java:126)
	at io.cucumber.testng.AbstractTestNGCucumberTests.tearDownClass(AbstractTestNGCucumberTests.java:53)
	at java.base/jdk.internal.reflect.NativeMethodAccessorImpl.invoke0(Native Method)
	at java.base/jdk.internal.reflect.NativeMethodAccessorImpl.invoke(NativeMethodAccessorImpl.java:78)
	at java.base/jdk.internal.reflect.DelegatingMethodAccessorImpl.invoke(DelegatingMethodAccessorImpl.java:43)
	at java.base/java.lang.reflect.Method.invoke(Method.java:567)
	at org.testng.internal.invokers.MethodInvocationHelper.invokeMethod(MethodInvocationHelper.java:135)
	at org.testng.internal.invokers.MethodInvocationHelper.invokeMethodConsideringTimeout(MethodInvocationHelper.java:65)
	at org.testng.internal.invokers.ConfigInvoker.invokeConfigurationMethod(ConfigInvoker.java:381)
	at org.testng.internal.invokers.ConfigInvoker.invokeConfigurations(ConfigInvoker.java:319)
	at org.testng.internal.invokers.TestMethodWorker.invokeAfterClassMethods(TestMethodWorker.java:220)
	at org.testng.internal.invokers.TestMethodWorker.run(TestMethodWorker.java:130)
	at java.base/java.util.ArrayList.forEach(ArrayList.java:1511)
	at org.testng.TestRunner.privateRun(TestRunner.java:808)
	at org.testng.TestRunner.run(TestRunner.java:603)
	at org.testng.SuiteRunner.runTest(SuiteRunner.java:429)
	at org.testng.SuiteRunner.runSequentially(SuiteRunner.java:423)
	at org.testng.SuiteRunner.privateRun(SuiteRunner.java:383)
	at org.testng.SuiteRunner.run(SuiteRunner.java:326)
	at org.testng.SuiteRunnerWorker.runSuite(SuiteRunnerWorker.java:52)
	at org.testng.SuiteRunnerWorker.run(SuiteRunnerWorker.java:95)
	at org.testng.TestNG.runSuitesSequentially(TestNG.java:1249)
	at org.testng.TestNG.runSuitesLocally(TestNG.java:1169)
	at org.testng.TestNG.runSuites(TestNG.java:1092)
	at org.testng.TestNG.run(TestNG.java:1060)
	at org.apache.maven.surefire.testng.TestNGExecutor.run(TestNGExecutor.java:295)
	at org.apache.maven.surefire.testng.TestNGXmlTestSuite.execute(TestNGXmlTestSuite.java:84)
	at org.apache.maven.surefire.testng.TestNGProvider.invoke(TestNGProvider.java:90)
	at org.apache.maven.surefire.booter.ForkedBooter.invokeProviderInSameClassLoader(ForkedBooter.java:203)
	at org.apache.maven.surefire.booter.ForkedBooter.runSuitesInProcess(ForkedBooter.java:155)
	at org.apache.maven.surefire.booter.ForkedBooter.main(ForkedBooter.java:103)
Caused by: sun.security.validator.ValidatorException: PKIX path building failed: sun.security.provider.certpath.SunCertPathBuilderException: unable to find valid certification path to requested target
	at java.base/sun.security.validator.PKIXValidator.doBuild(PKIXValidator.java:439)
	at java.base/sun.security.validator.PKIXValidator.engineValidate(PKIXValidator.java:306)
	at java.base/sun.security.validator.Validator.validate(Validator.java:264)
	at java.base/sun.security.ssl.X509TrustManagerImpl.checkTrusted(X509TrustManagerImpl.java:231)
	at java.base/sun.security.ssl.X509TrustManagerImpl.checkServerTrusted(X509TrustManagerImpl.java:132)
	at java.base/sun.security.ssl.CertificateMessage$T13CertificateConsumer.checkServerCerts(CertificateMessage.java:1341)
	at java.base/sun.security.ssl.CertificateMessage$T13CertificateConsumer.onConsumeCertificate(CertificateMessage.java:1232)
	at java.base/sun.security.ssl.CertificateMessage$T13CertificateConsumer.consume(CertificateMessage.java:1175)
	at java.base/sun.security.ssl.SSLHandshake.consume(SSLHandshake.java:396)
	at java.base/sun.security.ssl.HandshakeContext.dispatch(HandshakeContext.java:480)
	at java.base/sun.security.ssl.HandshakeContext.dispatch(HandshakeContext.java:458)
	at java.base/sun.security.ssl.TransportContext.dispatch(TransportContext.java:199)
	at java.base/sun.security.ssl.SSLTransport.decode(SSLTransport.java:172)
	at java.base/sun.security.ssl.SSLSocketImpl.decode(SSLSocketImpl.java:1506)
	at java.base/sun.security.ssl.SSLSocketImpl.readHandshakeRecord(SSLSocketImpl.java:1416)
	at java.base/sun.security.ssl.SSLSocketImpl.startHandshake(SSLSocketImpl.java:451)
	at java.base/sun.security.ssl.SSLSocketImpl.startHandshake(SSLSocketImpl.java:422)
	at java.base/sun.net.www.protocol.https.HttpsClient.afterConnect(HttpsClient.java:574)
	at java.base/sun.net.www.protocol.https.AbstractDelegateHttpsURLConnection.connect(AbstractDelegateHttpsURLConnection.java:183)
	at java.base/sun.net.www.protocol.http.HttpURLConnection.getInputStream0(HttpURLConnection.java:1653)
	at java.base/sun.net.www.protocol.http.HttpURLConnection.getInputStream(HttpURLConnection.java:1577)
	at java.base/sun.net.www.protocol.http.HttpURLConnection.getHeaderFields(HttpURLConnection.java:3229)
	at java.base/sun.net.www.protocol.https.HttpsURLConnectionImpl.getHeaderFields(HttpsURLConnectionImpl.java:253)
	at io.cucumber.core.plugin.UrlOutputStream.getResponseBody(UrlOutputStream.java:110)
	at io.cucumber.core.plugin.UrlOutputStream.sendRequest(UrlOutputStream.java:83)
	at io.cucumber.core.plugin.UrlOutputStream.close(UrlOutputStream.java:63)
	at java.base/sun.nio.cs.StreamEncoder.implClose(StreamEncoder.java:353)
	at java.base/sun.nio.cs.StreamEncoder.close(StreamEncoder.java:168)
	at java.base/java.io.OutputStreamWriter.close(OutputStreamWriter.java:252)
	at io.cucumber.core.plugin.MessageFormatter.writeMessage(MessageFormatter.java:33)
	at io.cucumber.core.eventbus.AbstractEventPublisher.send(AbstractEventPublisher.java:51)
	at io.cucumber.core.eventbus.AbstractEventBus.send(AbstractEventBus.java:12)
	at io.cucumber.core.runtime.CucumberExecutionContext.emitTestRunFinished(CucumberExecutionContext.java:102)
	at io.cucumber.core.runtime.CucumberExecutionContext.finishTestRun(CucumberExecutionContext.java:74)
	at io.cucumber.testng.TestNGCucumberRunner.finish(TestNGCucumberRunner.java:126)
	at io.cucumber.testng.AbstractTestNGCucumberTests.tearDownClass(AbstractTestNGCucumberTests.java:53)
	at java.base/jdk.internal.reflect.NativeMethodAccessorImpl.invoke0(Native Method)
	at java.base/jdk.internal.reflect.NativeMethodAccessorImpl.invoke(NativeMethodAccessorImpl.java:78)
	at java.base/jdk.internal.reflect.DelegatingMethodAccessorImpl.invoke(DelegatingMethodAccessorImpl.java:43)
	at java.base/java.lang.reflect.Method.invoke(Method.java:567)
	at org.testng.internal.invokers.MethodInvocationHelper.invokeMethod(MethodInvocationHelper.java:135)
	at org.testng.internal.invokers.MethodInvocationHelper.invokeMethodConsideringTimeout(MethodInvocationHelper.java:65)
	at org.testng.internal.invokers.ConfigInvoker.invokeConfigurationMethod(ConfigInvoker.java:381)
	at org.testng.internal.invokers.ConfigInvoker.invokeConfigurations(ConfigInvoker.java:319)
	at org.testng.internal.invokers.TestMethodWorker.invokeAfterClassMethods(TestMethodWorker.java:220)
	at org.testng.internal.invokers.TestMethodWorker.run(TestMethodWorker.java:130)
	at java.base/java.util.ArrayList.forEach(ArrayList.java:1511)
	at org.testng.TestRunner.privateRun(TestRunner.java:808)
	at org.testng.TestRunner.run(TestRunner.java:603)
	at org.testng.SuiteRunner.runTest(SuiteRunner.java:429)
	at org.testng.SuiteRunner.runSequentially(SuiteRunner.java:423)
	at org.testng.SuiteRunner.privateRun(SuiteRunner.java:383)
	at org.testng.SuiteRunner.run(SuiteRunner.java:326)
	at org.testng.SuiteRunnerWorker.runSuite(SuiteRunnerWorker.java:52)
	at org.testng.SuiteRunnerWorker.run(SuiteRunnerWorker.java:95)
	at org.testng.TestNG.runSuitesSequentially(TestNG.java:1249)
	at org.testng.TestNG.runSuitesLocally(TestNG.java:1169)
	at org.testng.TestNG.runSuites(TestNG.java:1092)
	at org.testng.TestNG.run(TestNG.java:1060)
	at org.apache.maven.surefire.testng.TestNGExecutor.run(TestNGExecutor.java:295)
	at org.apache.maven.surefire.testng.TestNGXmlTestSuite.execute(TestNGXmlTestSuite.java:84)
	at org.apache.maven.surefire.testng.TestNGProvider.invoke(TestNGProvider.java:90)
	at org.apache.maven.surefire.booter.ForkedBooter.invokeProviderInSameClassLoader(ForkedBooter.java:203)
	at org.apache.maven.surefire.booter.ForkedBooter.runSuitesInProcess(ForkedBooter.java:155)
	at org.apache.maven.surefire.booter.ForkedBooter.main(ForkedBooter.java:103)
Caused by: sun.security.provider.certpath.SunCertPathBuilderException: unable to find valid certification path to requested target
	at java.base/sun.security.provider.certpath.SunCertPathBuilder.build(SunCertPathBuilder.java:141)
	at java.base/sun.security.provider.certpath.SunCertPathBuilder.engineBuild(SunCertPathBuilder.java:126)
	at java.base/java.security.cert.CertPathBuilder.build(CertPathBuilder.java:297)
	at java.base/sun.security.validator.PKIXValidator.doBuild(PKIXValidator.java:434)
	at java.base/sun.security.validator.PKIXValidator.engineValidate(PKIXValidator.java:306)
	at java.base/sun.security.validator.Validator.validate(Validator.java:264)
	at java.base/sun.security.ssl.X509TrustManagerImpl.checkTrusted(X509TrustManagerImpl.java:231)
	at java.base/sun.security.ssl.X509TrustManagerImpl.checkServerTrusted(X509TrustManagerImpl.java:132)
	at java.base/sun.security.ssl.CertificateMessage$T13CertificateConsumer.checkServerCerts(CertificateMessage.java:1341)
	at java.base/sun.security.ssl.CertificateMessage$T13CertificateConsumer.onConsumeCertificate(CertificateMessage.java:1232)
	at java.base/sun.security.ssl.CertificateMessage$T13CertificateConsumer.consume(CertificateMessage.java:1175)
	at java.base/sun.security.ssl.SSLHandshake.consume(SSLHandshake.java:396)
	at java.base/sun.security.ssl.HandshakeContext.dispatch(HandshakeContext.java:480)
	at java.base/sun.security.ssl.HandshakeContext.dispatch(HandshakeContext.java:458)
	at java.base/sun.security.ssl.TransportContext.dispatch(TransportContext.java:199)
	at java.base/sun.security.ssl.SSLTransport.decode(SSLTransport.java:172)
	at java.base/sun.security.ssl.SSLSocketImpl.decode(SSLSocketImpl.java:1506)
	at java.base/sun.security.ssl.SSLSocketImpl.readHandshakeRecord(SSLSocketImpl.java:1416)
	at java.base/sun.security.ssl.SSLSocketImpl.startHandshake(SSLSocketImpl.java:451)
	at java.base/sun.security.ssl.SSLSocketImpl.startHandshake(SSLSocketImpl.java:422)
	at java.base/sun.net.www.protocol.https.HttpsClient.afterConnect(HttpsClient.java:574)
	at java.base/sun.net.www.protocol.https.AbstractDelegateHttpsURLConnection.connect(AbstractDelegateHttpsURLConnection.java:183)
	at java.base/sun.net.www.protocol.http.HttpURLConnection.getInputStream0(HttpURLConnection.java:1653)
	at java.base/sun.net.www.protocol.http.HttpURLConnection.getInputStream(HttpURLConnection.java:1577)
	at java.base/sun.net.www.protocol.http.HttpURLConnection.getHeaderFields(HttpURLConnection.java:3229)
	at java.base/sun.net.www.protocol.https.HttpsURLConnectionImpl.getHeaderFields(HttpsURLConnectionImpl.java:253)
	at io.cucumber.core.plugin.UrlOutputStream.getResponseBody(UrlOutputStream.java:110)
	at io.cucumber.core.plugin.UrlOutputStream.sendRequest(UrlOutputStream.java:83)
	at io.cucumber.core.plugin.UrlOutputStream.close(UrlOutputStream.java:63)
	at java.base/sun.nio.cs.StreamEncoder.implClose(StreamEncoder.java:353)
	at java.base/sun.nio.cs.StreamEncoder.close(StreamEncoder.java:168)
	at java.base/java.io.OutputStreamWriter.close(OutputStreamWriter.java:252)
	at io.cucumber.core.plugin.MessageFormatter.writeMessage(MessageFormatter.java:33)
	at io.cucumber.core.eventbus.AbstractEventPublisher.send(AbstractEventPublisher.java:51)
	at io.cucumber.core.eventbus.AbstractEventBus.send(AbstractEventBus.java:12)
	at io.cucumber.core.runtime.CucumberExecutionContext.emitTestRunFinished(CucumberExecutionContext.java:102)
	at io.cucumber.core.runtime.CucumberExecutionContext.finishTestRun(CucumberExecutionContext.java:74)
	at io.cucumber.testng.TestNGCucumberRunner.finish(TestNGCucumberRunner.java:126)
	at io.cucumber.testng.AbstractTestNGCucumberTests.tearDownClass(AbstractTestNGCucumberTests.java:53)
	at java.base/jdk.internal.reflect.NativeMethodAccessorImpl.invoke0(Native Method)
	at java.base/jdk.internal.reflect.NativeMethodAccessorImpl.invoke(NativeMethodAccessorImpl.java:78)
	at java.base/jdk.internal.reflect.DelegatingMethodAccessorImpl.invoke(DelegatingMethodAccessorImpl.java:43)
	at java.base/java.lang.reflect.Method.invoke(Method.java:567)
	at org.testng.internal.invokers.MethodInvocationHelper.invokeMethod(MethodInvocationHelper.java:135)
	at org.testng.internal.invokers.MethodInvocationHelper.invokeMethodConsideringTimeout(MethodInvocationHelper.java:65)
	at org.testng.internal.invokers.ConfigInvoker.invokeConfigurationMethod(ConfigInvoker.java:381)
	at org.testng.internal.invokers.ConfigInvoker.invokeConfigurations(ConfigInvoker.java:319)
	at org.testng.internal.invokers.TestMethodWorker.invokeAfterClassMethods(TestMethodWorker.java:220)
	at org.testng.internal.invokers.TestMethodWorker.run(TestMethodWorker.java:130)
	at java.base/java.util.ArrayList.forEach(ArrayList.java:1511)
	at org.testng.TestRunner.privateRun(TestRunner.java:808)
	at org.testng.TestRunner.run(TestRunner.java:603)
	at org.testng.SuiteRunner.runTest(SuiteRunner.java:429)
	at org.testng.SuiteRunner.runSequentially(SuiteRunner.java:423)
	at org.testng.SuiteRunner.privateRun(SuiteRunner.java:383)
	at org.testng.SuiteRunner.run(SuiteRunner.java:326)
	at org.testng.SuiteRunnerWorker.runSuite(SuiteRunnerWorker.java:52)
	at org.testng.SuiteRunnerWorker.run(SuiteRunnerWorker.java:95)
	at org.testng.TestNG.runSuitesSequentially(TestNG.java:1249)
	at org.testng.TestNG.runSuitesLocally(TestNG.java:1169)
	at org.testng.TestNG.runSuites(TestNG.java:1092)
	at org.testng.TestNG.run(TestNG.java:1060)
	at org.apache.maven.surefire.testng.TestNGExecutor.run(TestNGExecutor.java:295)
	at org.apache.maven.surefire.testng.TestNGXmlTestSuite.execute(TestNGXmlTestSuite.java:84)
	at org.apache.maven.surefire.testng.TestNGProvider.invoke(TestNGProvider.java:90)
	at org.apache.maven.surefire.booter.ForkedBooter.invokeProviderInSameClassLoader(ForkedBooter.java:203)
	at org.apache.maven.surefire.booter.ForkedBooter.runSuitesInProcess(ForkedBooter.java:155)
	at org.apache.maven.surefire.booter.ForkedBooter.main(ForkedBooter.java:103)
</failure>
    <system-out><![CDATA[[]]]></system-out>
    <system-err><![CDATA[log4j:WARN No appenders could be found for logger (freemarker.cache).
log4j:WARN Please initialize the log4j system properly.
log4j:WARN See http://logging.apache.org/log4j/1.2/faq.html#noconfig for more info.
]]></system-err>
  </testcase>
</testsuite>