<?xml version="1.0" encoding="UTF-8"?>
<testng-results ignored="0" total="456" passed="0" failed="456" skipped="0">
  <reporter-output>
  </reporter-output>
  <suite started-at="2023-04-07T03:24:13 PDT" name="Regression" finished-at="2023-04-07T03:24:32 PDT" duration-ms="19515">
    <groups>
      <group name="cucumber">
        <method signature="AbstractTestNGCucumberTests.runScenario(io.cucumber.testng.PickleWrapper,io.cucumber.testng.FeatureWrapper)[pri:0, instance:tests.runners.RunTest@14a2f921]" name="runScenario" class="io.cucumber.testng.AbstractTestNGCucumberTests"/>
      </group> <!-- cucumber -->
    </groups>
    <test started-at="2023-04-07T03:24:13 PDT" name="Window" finished-at="2023-04-07T03:24:32 PDT" duration-ms="19515">
      <class name="tests.runners.RunTest">
        <test-method is-config="true" signature="setUpClass()[pri:0, instance:tests.runners.RunTest@14a2f921]" started-at="2023-04-07T03:24:13 PDT" name="setUpClass" finished-at="2023-04-07T03:24:14 PDT" duration-ms="1143" status="PASS">
          <reporter-output>
          </reporter-output>
        </test-method> <!-- setUpClass -->
        <test-method signature="runScenario(io.cucumber.testng.PickleWrapper,io.cucumber.testng.FeatureWrapper)[pri:0, instance:tests.runners.RunTest@14a2f921]" started-at="2023-04-07T03:24:14 PDT" name="runScenario" description="Runs Cucumber Scenarios" data-provider="scenarios" finished-at="2023-04-07T03:24:15 PDT" duration-ms="677" status="FAIL">
          <params>
            <param index="0">
              <value>
                <![CDATA["Order Classification"]]>
              </value>
            </param>
            <param index="1">
              <value>
                <![CDATA["Optional[Concierge Cart Page]"]]>
              </value>
            </param>
          </params>
          <exception class="java.lang.AssertionError">
            <message>
              <![CDATA[Environment Variable is NOT Set]]>
            </message>
            <full-stacktrace>
              <![CDATA[java.lang.AssertionError: Environment Variable is NOT Set
at org.testng.Assert.fail(Assert.java:110)
at tests.utility.Hooks.ConfigFileReader(Hooks.java:69)
at tests.utility.Hooks.initWebDriver(Hooks.java:159)
]]>
            </full-stacktrace>
          </exception> <!-- java.lang.AssertionError -->
          <reporter-output>
          </reporter-output>
        </test-method> <!-- runScenario -->
        <test-method signature="runScenario(io.cucumber.testng.PickleWrapper,io.cucumber.testng.FeatureWrapper)[pri:0, instance:tests.runners.RunTest@14a2f921]" started-at="2023-04-07T03:24:15 PDT" name="runScenario" description="Runs Cucumber Scenarios" data-provider="scenarios" finished-at="2023-04-07T03:24:15 PDT" duration-ms="97" status="FAIL">
          <params>
            <param index="0">
              <value>
                <![CDATA["Checkout membership popup for Guest user"]]>
              </value>
            </param>
            <param index="1">
              <value>
                <![CDATA["Optional[Concierge Cart Page]"]]>
              </value>
            </param>
          </params>
          <exception class="java.lang.AssertionError">
            <message>
              <![CDATA[Environment Variable is NOT Set]]>
            </message>
            <full-stacktrace>
              <![CDATA[java.lang.AssertionError: Environment Variable is NOT Set
at org.testng.Assert.fail(Assert.java:110)
at tests.utility.Hooks.ConfigFileReader(Hooks.java:69)
at tests.utility.Hooks.initWebDriver(Hooks.java:159)
]]>
            </full-stacktrace>
          </exception> <!-- java.lang.AssertionError -->
          <reporter-output>
          </reporter-output>
        </test-method> <!-- runScenario -->
        <test-method signature="runScenario(io.cucumber.testng.PickleWrapper,io.cucumber.testng.FeatureWrapper)[pri:0, instance:tests.runners.RunTest@14a2f921]" started-at="2023-04-07T03:24:15 PDT" name="runScenario" description="Runs Cucumber Scenarios" data-provider="scenarios" finished-at="2023-04-07T03:24:15 PDT" duration-ms="78" status="FAIL">
          <params>
            <param index="0">
              <value>
                <![CDATA["Line Item : Quantity update"]]>
              </value>
            </param>
            <param index="1">
              <value>
                <![CDATA["Optional[Concierge Cart Page]"]]>
              </value>
            </param>
          </params>
          <exception class="java.lang.AssertionError">
            <message>
              <![CDATA[Environment Variable is NOT Set]]>
            </message>
            <full-stacktrace>
              <![CDATA[java.lang.AssertionError: Environment Variable is NOT Set
at org.testng.Assert.fail(Assert.java:110)
at tests.utility.Hooks.ConfigFileReader(Hooks.java:69)
at tests.utility.Hooks.initWebDriver(Hooks.java:159)
]]>
            </full-stacktrace>
          </exception> <!-- java.lang.AssertionError -->
          <reporter-output>
          </reporter-output>
        </test-method> <!-- runScenario -->
        <test-method signature="runScenario(io.cucumber.testng.PickleWrapper,io.cucumber.testng.FeatureWrapper)[pri:0, instance:tests.runners.RunTest@14a2f921]" started-at="2023-04-07T03:24:15 PDT" name="runScenario" description="Runs Cucumber Scenarios" data-provider="scenarios" finished-at="2023-04-07T03:24:15 PDT" duration-ms="65" status="FAIL">
          <params>
            <param index="0">
              <value>
                <![CDATA["Remove line item - click on remove button and verify that line item is removed and subtotal and minicart value is updated"]]>
              </value>
            </param>
            <param index="1">
              <value>
                <![CDATA["Optional[Concierge Cart Page]"]]>
              </value>
            </param>
          </params>
          <exception class="java.lang.AssertionError">
            <message>
              <![CDATA[Environment Variable is NOT Set]]>
            </message>
            <full-stacktrace>
              <![CDATA[java.lang.AssertionError: Environment Variable is NOT Set
at org.testng.Assert.fail(Assert.java:110)
at tests.utility.Hooks.ConfigFileReader(Hooks.java:69)
at tests.utility.Hooks.initWebDriver(Hooks.java:159)
]]>
            </full-stacktrace>
          </exception> <!-- java.lang.AssertionError -->
          <reporter-output>
          </reporter-output>
        </test-method> <!-- runScenario -->
        <test-method signature="runScenario(io.cucumber.testng.PickleWrapper,io.cucumber.testng.FeatureWrapper)[pri:0, instance:tests.runners.RunTest@14a2f921]" started-at="2023-04-07T03:24:15 PDT" name="runScenario" description="Runs Cucumber Scenarios" data-provider="scenarios" finished-at="2023-04-07T03:24:15 PDT" duration-ms="82" status="FAIL">
          <params>
            <param index="0">
              <value>
                <![CDATA["Override Line item Prices - with PERCENT_OFF override price methods"]]>
              </value>
            </param>
            <param index="1">
              <value>
                <![CDATA["Optional[Concierge Cart Page]"]]>
              </value>
            </param>
          </params>
          <exception class="java.lang.AssertionError">
            <message>
              <![CDATA[Environment Variable is NOT Set]]>
            </message>
            <full-stacktrace>
              <![CDATA[java.lang.AssertionError: Environment Variable is NOT Set
at org.testng.Assert.fail(Assert.java:110)
at tests.utility.Hooks.ConfigFileReader(Hooks.java:69)
at tests.utility.Hooks.initWebDriver(Hooks.java:159)
]]>
            </full-stacktrace>
          </exception> <!-- java.lang.AssertionError -->
          <reporter-output>
          </reporter-output>
        </test-method> <!-- runScenario -->
        <test-method signature="runScenario(io.cucumber.testng.PickleWrapper,io.cucumber.testng.FeatureWrapper)[pri:0, instance:tests.runners.RunTest@14a2f921]" started-at="2023-04-07T03:24:15 PDT" name="runScenario" description="Runs Cucumber Scenarios" data-provider="scenarios" finished-at="2023-04-07T03:24:15 PDT" duration-ms="66" status="FAIL">
          <params>
            <param index="0">
              <value>
                <![CDATA["Override Line item Prices - with AMOUNT_OFF override price methods"]]>
              </value>
            </param>
            <param index="1">
              <value>
                <![CDATA["Optional[Concierge Cart Page]"]]>
              </value>
            </param>
          </params>
          <exception class="java.lang.AssertionError">
            <message>
              <![CDATA[Environment Variable is NOT Set]]>
            </message>
            <full-stacktrace>
              <![CDATA[java.lang.AssertionError: Environment Variable is NOT Set
at org.testng.Assert.fail(Assert.java:110)
at tests.utility.Hooks.ConfigFileReader(Hooks.java:69)
at tests.utility.Hooks.initWebDriver(Hooks.java:159)
]]>
            </full-stacktrace>
          </exception> <!-- java.lang.AssertionError -->
          <reporter-output>
          </reporter-output>
        </test-method> <!-- runScenario -->
        <test-method signature="runScenario(io.cucumber.testng.PickleWrapper,io.cucumber.testng.FeatureWrapper)[pri:0, instance:tests.runners.RunTest@14a2f921]" started-at="2023-04-07T03:24:15 PDT" name="runScenario" description="Runs Cucumber Scenarios" data-provider="scenarios" finished-at="2023-04-07T03:24:15 PDT" duration-ms="57" status="FAIL">
          <params>
            <param index="0">
              <value>
                <![CDATA["Override Line item Prices - with AMOUNT_OVERRIDE override price methods"]]>
              </value>
            </param>
            <param index="1">
              <value>
                <![CDATA["Optional[Concierge Cart Page]"]]>
              </value>
            </param>
          </params>
          <exception class="java.lang.AssertionError">
            <message>
              <![CDATA[Environment Variable is NOT Set]]>
            </message>
            <full-stacktrace>
              <![CDATA[java.lang.AssertionError: Environment Variable is NOT Set
at org.testng.Assert.fail(Assert.java:110)
at tests.utility.Hooks.ConfigFileReader(Hooks.java:69)
at tests.utility.Hooks.initWebDriver(Hooks.java:159)
]]>
            </full-stacktrace>
          </exception> <!-- java.lang.AssertionError -->
          <reporter-output>
          </reporter-output>
        </test-method> <!-- runScenario -->
        <test-method signature="runScenario(io.cucumber.testng.PickleWrapper,io.cucumber.testng.FeatureWrapper)[pri:0, instance:tests.runners.RunTest@14a2f921]" started-at="2023-04-07T03:24:15 PDT" name="runScenario" description="Runs Cucumber Scenarios" data-provider="scenarios" finished-at="2023-04-07T03:24:15 PDT" duration-ms="58" status="FAIL">
          <params>
            <param index="0">
              <value>
                <![CDATA["Override Line item Prices - for all line items from cart"]]>
              </value>
            </param>
            <param index="1">
              <value>
                <![CDATA["Optional[Concierge Cart Page]"]]>
              </value>
            </param>
          </params>
          <exception class="java.lang.AssertionError">
            <message>
              <![CDATA[Environment Variable is NOT Set]]>
            </message>
            <full-stacktrace>
              <![CDATA[java.lang.AssertionError: Environment Variable is NOT Set
at org.testng.Assert.fail(Assert.java:110)
at tests.utility.Hooks.ConfigFileReader(Hooks.java:69)
at tests.utility.Hooks.initWebDriver(Hooks.java:159)
]]>
            </full-stacktrace>
          </exception> <!-- java.lang.AssertionError -->
          <reporter-output>
          </reporter-output>
        </test-method> <!-- runScenario -->
        <test-method signature="runScenario(io.cucumber.testng.PickleWrapper,io.cucumber.testng.FeatureWrapper)[pri:0, instance:tests.runners.RunTest@14a2f921]" started-at="2023-04-07T03:24:15 PDT" name="runScenario" description="Runs Cucumber Scenarios" data-provider="scenarios" finished-at="2023-04-07T03:24:15 PDT" duration-ms="60" status="FAIL">
          <params>
            <param index="0">
              <value>
                <![CDATA["Override Line item Prices - verify update button, verify remove button"]]>
              </value>
            </param>
            <param index="1">
              <value>
                <![CDATA["Optional[Concierge Cart Page]"]]>
              </value>
            </param>
          </params>
          <exception class="java.lang.AssertionError">
            <message>
              <![CDATA[Environment Variable is NOT Set]]>
            </message>
            <full-stacktrace>
              <![CDATA[java.lang.AssertionError: Environment Variable is NOT Set
at org.testng.Assert.fail(Assert.java:110)
at tests.utility.Hooks.ConfigFileReader(Hooks.java:69)
at tests.utility.Hooks.initWebDriver(Hooks.java:159)
]]>
            </full-stacktrace>
          </exception> <!-- java.lang.AssertionError -->
          <reporter-output>
          </reporter-output>
        </test-method> <!-- runScenario -->
        <test-method signature="runScenario(io.cucumber.testng.PickleWrapper,io.cucumber.testng.FeatureWrapper)[pri:0, instance:tests.runners.RunTest@14a2f921]" started-at="2023-04-07T03:24:15 PDT" name="runScenario" description="Runs Cucumber Scenarios" data-provider="scenarios" finished-at="2023-04-07T03:24:15 PDT" duration-ms="66" status="FAIL">
          <params>
            <param index="0">
              <value>
                <![CDATA["Override Line item Prices - verify remove button"]]>
              </value>
            </param>
            <param index="1">
              <value>
                <![CDATA["Optional[Concierge Cart Page]"]]>
              </value>
            </param>
          </params>
          <exception class="java.lang.AssertionError">
            <message>
              <![CDATA[Environment Variable is NOT Set]]>
            </message>
            <full-stacktrace>
              <![CDATA[java.lang.AssertionError: Environment Variable is NOT Set
at org.testng.Assert.fail(Assert.java:110)
at tests.utility.Hooks.ConfigFileReader(Hooks.java:69)
at tests.utility.Hooks.initWebDriver(Hooks.java:159)
]]>
            </full-stacktrace>
          </exception> <!-- java.lang.AssertionError -->
          <reporter-output>
          </reporter-output>
        </test-method> <!-- runScenario -->
        <test-method signature="runScenario(io.cucumber.testng.PickleWrapper,io.cucumber.testng.FeatureWrapper)[pri:0, instance:tests.runners.RunTest@14a2f921]" started-at="2023-04-07T03:24:15 PDT" name="runScenario" description="Runs Cucumber Scenarios" data-provider="scenarios" finished-at="2023-04-07T03:24:15 PDT" duration-ms="52" status="FAIL">
          <params>
            <param index="0">
              <value>
                <![CDATA["Shipping Override (SD, UFD) -  i can introduce only zero in unlimited furniture delivery field, verify that error should be appeared -> Value must be 0."]]>
              </value>
            </param>
            <param index="1">
              <value>
                <![CDATA["Optional[Concierge Cart Page]"]]>
              </value>
            </param>
          </params>
          <exception class="java.lang.AssertionError">
            <message>
              <![CDATA[Environment Variable is NOT Set]]>
            </message>
            <full-stacktrace>
              <![CDATA[java.lang.AssertionError: Environment Variable is NOT Set
at org.testng.Assert.fail(Assert.java:110)
at tests.utility.Hooks.ConfigFileReader(Hooks.java:69)
at tests.utility.Hooks.initWebDriver(Hooks.java:159)
]]>
            </full-stacktrace>
          </exception> <!-- java.lang.AssertionError -->
          <reporter-output>
          </reporter-output>
        </test-method> <!-- runScenario -->
        <test-method signature="runScenario(io.cucumber.testng.PickleWrapper,io.cucumber.testng.FeatureWrapper)[pri:0, instance:tests.runners.RunTest@14a2f921]" started-at="2023-04-07T03:24:15 PDT" name="runScenario" description="Runs Cucumber Scenarios" data-provider="scenarios" finished-at="2023-04-07T03:24:15 PDT" duration-ms="42" status="FAIL">
          <params>
            <param index="0">
              <value>
                <![CDATA["FEMA Promotion Code Description - FEMAD"]]>
              </value>
            </param>
            <param index="1">
              <value>
                <![CDATA["Optional[Concierge Cart Page]"]]>
              </value>
            </param>
          </params>
          <exception class="java.lang.AssertionError">
            <message>
              <![CDATA[Environment Variable is NOT Set]]>
            </message>
            <full-stacktrace>
              <![CDATA[java.lang.AssertionError: Environment Variable is NOT Set
at org.testng.Assert.fail(Assert.java:110)
at tests.utility.Hooks.ConfigFileReader(Hooks.java:69)
at tests.utility.Hooks.initWebDriver(Hooks.java:159)
]]>
            </full-stacktrace>
          </exception> <!-- java.lang.AssertionError -->
          <reporter-output>
          </reporter-output>
        </test-method> <!-- runScenario -->
        <test-method signature="runScenario(io.cucumber.testng.PickleWrapper,io.cucumber.testng.FeatureWrapper)[pri:0, instance:tests.runners.RunTest@14a2f921]" started-at="2023-04-07T03:24:15 PDT" name="runScenario" description="Runs Cucumber Scenarios" data-provider="scenarios" finished-at="2023-04-07T03:24:15 PDT" duration-ms="39" status="FAIL">
          <params>
            <param index="0">
              <value>
                <![CDATA["Move to Project"]]>
              </value>
            </param>
            <param index="1">
              <value>
                <![CDATA["Optional[Concierge Cart Page]"]]>
              </value>
            </param>
          </params>
          <exception class="java.lang.AssertionError">
            <message>
              <![CDATA[Environment Variable is NOT Set]]>
            </message>
            <full-stacktrace>
              <![CDATA[java.lang.AssertionError: Environment Variable is NOT Set
at org.testng.Assert.fail(Assert.java:110)
at tests.utility.Hooks.ConfigFileReader(Hooks.java:69)
at tests.utility.Hooks.initWebDriver(Hooks.java:159)
]]>
            </full-stacktrace>
          </exception> <!-- java.lang.AssertionError -->
          <reporter-output>
          </reporter-output>
        </test-method> <!-- runScenario -->
        <test-method signature="runScenario(io.cucumber.testng.PickleWrapper,io.cucumber.testng.FeatureWrapper)[pri:0, instance:tests.runners.RunTest@14a2f921]" started-at="2023-04-07T03:24:15 PDT" name="runScenario" description="Runs Cucumber Scenarios" data-provider="scenarios" finished-at="2023-04-07T03:24:15 PDT" duration-ms="43" status="FAIL">
          <params>
            <param index="0">
              <value>
                <![CDATA["Promo codes - promo code for guest user"]]>
              </value>
            </param>
            <param index="1">
              <value>
                <![CDATA["Optional[Concierge Cart Page]"]]>
              </value>
            </param>
          </params>
          <exception class="java.lang.AssertionError">
            <message>
              <![CDATA[Environment Variable is NOT Set]]>
            </message>
            <full-stacktrace>
              <![CDATA[java.lang.AssertionError: Environment Variable is NOT Set
at org.testng.Assert.fail(Assert.java:110)
at tests.utility.Hooks.ConfigFileReader(Hooks.java:69)
at tests.utility.Hooks.initWebDriver(Hooks.java:159)
]]>
            </full-stacktrace>
          </exception> <!-- java.lang.AssertionError -->
          <reporter-output>
          </reporter-output>
        </test-method> <!-- runScenario -->
        <test-method signature="runScenario(io.cucumber.testng.PickleWrapper,io.cucumber.testng.FeatureWrapper)[pri:0, instance:tests.runners.RunTest@14a2f921]" started-at="2023-04-07T03:24:15 PDT" name="runScenario" description="Runs Cucumber Scenarios" data-provider="scenarios" finished-at="2023-04-07T03:24:16 PDT" duration-ms="41" status="FAIL">
          <params>
            <param index="0">
              <value>
                <![CDATA["Designed/ Sold By"]]>
              </value>
            </param>
            <param index="1">
              <value>
                <![CDATA["Optional[Concierge Cart Page]"]]>
              </value>
            </param>
          </params>
          <exception class="java.lang.AssertionError">
            <message>
              <![CDATA[Environment Variable is NOT Set]]>
            </message>
            <full-stacktrace>
              <![CDATA[java.lang.AssertionError: Environment Variable is NOT Set
at org.testng.Assert.fail(Assert.java:110)
at tests.utility.Hooks.ConfigFileReader(Hooks.java:69)
at tests.utility.Hooks.initWebDriver(Hooks.java:159)
]]>
            </full-stacktrace>
          </exception> <!-- java.lang.AssertionError -->
          <reporter-output>
          </reporter-output>
        </test-method> <!-- runScenario -->
        <test-method signature="runScenario(io.cucumber.testng.PickleWrapper,io.cucumber.testng.FeatureWrapper)[pri:0, instance:tests.runners.RunTest@14a2f921]" started-at="2023-04-07T03:24:16 PDT" name="runScenario" description="Runs Cucumber Scenarios" data-provider="scenarios" finished-at="2023-04-07T03:24:16 PDT" duration-ms="56" status="FAIL">
          <params>
            <param index="0">
              <value>
                <![CDATA["Promo codes - verify that total price from cart and from payment page is the same after applying promocode"]]>
              </value>
            </param>
            <param index="1">
              <value>
                <![CDATA["Optional[Concierge Cart Page]"]]>
              </value>
            </param>
          </params>
          <exception class="java.lang.AssertionError">
            <message>
              <![CDATA[Environment Variable is NOT Set]]>
            </message>
            <full-stacktrace>
              <![CDATA[java.lang.AssertionError: Environment Variable is NOT Set
at org.testng.Assert.fail(Assert.java:110)
at tests.utility.Hooks.ConfigFileReader(Hooks.java:69)
at tests.utility.Hooks.initWebDriver(Hooks.java:159)
]]>
            </full-stacktrace>
          </exception> <!-- java.lang.AssertionError -->
          <reporter-output>
          </reporter-output>
        </test-method> <!-- runScenario -->
        <test-method signature="runScenario(io.cucumber.testng.PickleWrapper,io.cucumber.testng.FeatureWrapper)[pri:0, instance:tests.runners.RunTest@14a2f921]" started-at="2023-04-07T03:24:16 PDT" name="runScenario" description="Runs Cucumber Scenarios" data-provider="scenarios" finished-at="2023-04-07T03:24:16 PDT" duration-ms="60" status="FAIL">
          <params>
            <param index="0">
              <value>
                <![CDATA["Promo codes - verify that total price from cart and from payment page is the same after applying promo code"]]>
              </value>
            </param>
            <param index="1">
              <value>
                <![CDATA["Optional[Concierge Cart Page]"]]>
              </value>
            </param>
          </params>
          <exception class="java.lang.AssertionError">
            <message>
              <![CDATA[Environment Variable is NOT Set]]>
            </message>
            <full-stacktrace>
              <![CDATA[java.lang.AssertionError: Environment Variable is NOT Set
at org.testng.Assert.fail(Assert.java:110)
at tests.utility.Hooks.ConfigFileReader(Hooks.java:69)
at tests.utility.Hooks.initWebDriver(Hooks.java:159)
]]>
            </full-stacktrace>
          </exception> <!-- java.lang.AssertionError -->
          <reporter-output>
          </reporter-output>
        </test-method> <!-- runScenario -->
        <test-method signature="runScenario(io.cucumber.testng.PickleWrapper,io.cucumber.testng.FeatureWrapper)[pri:0, instance:tests.runners.RunTest@14a2f921]" started-at="2023-04-07T03:24:16 PDT" name="runScenario" description="Runs Cucumber Scenarios" data-provider="scenarios" finished-at="2023-04-07T03:24:16 PDT" duration-ms="45" status="FAIL">
          <params>
            <param index="0">
              <value>
                <![CDATA["Promo codes - verify that promo code was removed for member client"]]>
              </value>
            </param>
            <param index="1">
              <value>
                <![CDATA["Optional[Concierge Cart Page]"]]>
              </value>
            </param>
          </params>
          <exception class="java.lang.AssertionError">
            <message>
              <![CDATA[Environment Variable is NOT Set]]>
            </message>
            <full-stacktrace>
              <![CDATA[java.lang.AssertionError: Environment Variable is NOT Set
at org.testng.Assert.fail(Assert.java:110)
at tests.utility.Hooks.ConfigFileReader(Hooks.java:69)
at tests.utility.Hooks.initWebDriver(Hooks.java:159)
]]>
            </full-stacktrace>
          </exception> <!-- java.lang.AssertionError -->
          <reporter-output>
          </reporter-output>
        </test-method> <!-- runScenario -->
        <test-method signature="runScenario(io.cucumber.testng.PickleWrapper,io.cucumber.testng.FeatureWrapper)[pri:0, instance:tests.runners.RunTest@14a2f921]" started-at="2023-04-07T03:24:16 PDT" name="runScenario" description="Runs Cucumber Scenarios" data-provider="scenarios" finished-at="2023-04-07T03:24:16 PDT" duration-ms="44" status="FAIL">
          <params>
            <param index="0">
              <value>
                <![CDATA["Verify mini cart count"]]>
              </value>
            </param>
            <param index="1">
              <value>
                <![CDATA["Optional[Concierge Cart Page]"]]>
              </value>
            </param>
          </params>
          <exception class="java.lang.AssertionError">
            <message>
              <![CDATA[Environment Variable is NOT Set]]>
            </message>
            <full-stacktrace>
              <![CDATA[java.lang.AssertionError: Environment Variable is NOT Set
at org.testng.Assert.fail(Assert.java:110)
at tests.utility.Hooks.ConfigFileReader(Hooks.java:69)
at tests.utility.Hooks.initWebDriver(Hooks.java:159)
]]>
            </full-stacktrace>
          </exception> <!-- java.lang.AssertionError -->
          <reporter-output>
          </reporter-output>
        </test-method> <!-- runScenario -->
        <test-method signature="runScenario(io.cucumber.testng.PickleWrapper,io.cucumber.testng.FeatureWrapper)[pri:0, instance:tests.runners.RunTest@14a2f921]" started-at="2023-04-07T03:24:16 PDT" name="runScenario" description="Runs Cucumber Scenarios" data-provider="scenarios" finished-at="2023-04-07T03:24:16 PDT" duration-ms="45" status="FAIL">
          <params>
            <param index="0">
              <value>
                <![CDATA["Verify Membership banner for Trade - should not be present"]]>
              </value>
            </param>
            <param index="1">
              <value>
                <![CDATA["Optional[Concierge Cart Page]"]]>
              </value>
            </param>
          </params>
          <exception class="java.lang.AssertionError">
            <message>
              <![CDATA[Environment Variable is NOT Set]]>
            </message>
            <full-stacktrace>
              <![CDATA[java.lang.AssertionError: Environment Variable is NOT Set
at org.testng.Assert.fail(Assert.java:110)
at tests.utility.Hooks.ConfigFileReader(Hooks.java:69)
at tests.utility.Hooks.initWebDriver(Hooks.java:159)
]]>
            </full-stacktrace>
          </exception> <!-- java.lang.AssertionError -->
          <reporter-output>
          </reporter-output>
        </test-method> <!-- runScenario -->
        <test-method signature="runScenario(io.cucumber.testng.PickleWrapper,io.cucumber.testng.FeatureWrapper)[pri:0, instance:tests.runners.RunTest@14a2f921]" started-at="2023-04-07T03:24:16 PDT" name="runScenario" description="Runs Cucumber Scenarios" data-provider="scenarios" finished-at="2023-04-07T03:24:16 PDT" duration-ms="41" status="FAIL">
          <params>
            <param index="0">
              <value>
                <![CDATA["Verify Membership banner for Unclassified - should not be present"]]>
              </value>
            </param>
            <param index="1">
              <value>
                <![CDATA["Optional[Concierge Cart Page]"]]>
              </value>
            </param>
          </params>
          <exception class="java.lang.AssertionError">
            <message>
              <![CDATA[Environment Variable is NOT Set]]>
            </message>
            <full-stacktrace>
              <![CDATA[java.lang.AssertionError: Environment Variable is NOT Set
at org.testng.Assert.fail(Assert.java:110)
at tests.utility.Hooks.ConfigFileReader(Hooks.java:69)
at tests.utility.Hooks.initWebDriver(Hooks.java:159)
]]>
            </full-stacktrace>
          </exception> <!-- java.lang.AssertionError -->
          <reporter-output>
          </reporter-output>
        </test-method> <!-- runScenario -->
        <test-method signature="runScenario(io.cucumber.testng.PickleWrapper,io.cucumber.testng.FeatureWrapper)[pri:0, instance:tests.runners.RunTest@14a2f921]" started-at="2023-04-07T03:24:16 PDT" name="runScenario" description="Runs Cucumber Scenarios" data-provider="scenarios" finished-at="2023-04-07T03:24:16 PDT" duration-ms="42" status="FAIL">
          <params>
            <param index="0">
              <value>
                <![CDATA["Verify Membership Pop up while checkout for Trade - should not"]]>
              </value>
            </param>
            <param index="1">
              <value>
                <![CDATA["Optional[Concierge Cart Page]"]]>
              </value>
            </param>
          </params>
          <exception class="java.lang.AssertionError">
            <message>
              <![CDATA[Environment Variable is NOT Set]]>
            </message>
            <full-stacktrace>
              <![CDATA[java.lang.AssertionError: Environment Variable is NOT Set
at org.testng.Assert.fail(Assert.java:110)
at tests.utility.Hooks.ConfigFileReader(Hooks.java:69)
at tests.utility.Hooks.initWebDriver(Hooks.java:159)
]]>
            </full-stacktrace>
          </exception> <!-- java.lang.AssertionError -->
          <reporter-output>
          </reporter-output>
        </test-method> <!-- runScenario -->
        <test-method signature="runScenario(io.cucumber.testng.PickleWrapper,io.cucumber.testng.FeatureWrapper)[pri:0, instance:tests.runners.RunTest@14a2f921]" started-at="2023-04-07T03:24:16 PDT" name="runScenario" description="Runs Cucumber Scenarios" data-provider="scenarios" finished-at="2023-04-07T03:24:16 PDT" duration-ms="40" status="FAIL">
          <params>
            <param index="0">
              <value>
                <![CDATA["Verify Membership Pop up while checkout for contract - should not be present"]]>
              </value>
            </param>
            <param index="1">
              <value>
                <![CDATA["Optional[Concierge Cart Page]"]]>
              </value>
            </param>
          </params>
          <exception class="java.lang.AssertionError">
            <message>
              <![CDATA[Environment Variable is NOT Set]]>
            </message>
            <full-stacktrace>
              <![CDATA[java.lang.AssertionError: Environment Variable is NOT Set
at org.testng.Assert.fail(Assert.java:110)
at tests.utility.Hooks.ConfigFileReader(Hooks.java:69)
at tests.utility.Hooks.initWebDriver(Hooks.java:159)
]]>
            </full-stacktrace>
          </exception> <!-- java.lang.AssertionError -->
          <reporter-output>
          </reporter-output>
        </test-method> <!-- runScenario -->
        <test-method signature="runScenario(io.cucumber.testng.PickleWrapper,io.cucumber.testng.FeatureWrapper)[pri:0, instance:tests.runners.RunTest@14a2f921]" started-at="2023-04-07T03:24:16 PDT" name="runScenario" description="Runs Cucumber Scenarios" data-provider="scenarios" finished-at="2023-04-07T03:24:16 PDT" duration-ms="43" status="FAIL">
          <params>
            <param index="0">
              <value>
                <![CDATA["Verify Trade,Contract client address page - ship to Bill to, Sold to addresses - edit addresses"]]>
              </value>
            </param>
            <param index="1">
              <value>
                <![CDATA["Optional[Concierge Cart Page]"]]>
              </value>
            </param>
          </params>
          <exception class="java.lang.AssertionError">
            <message>
              <![CDATA[Environment Variable is NOT Set]]>
            </message>
            <full-stacktrace>
              <![CDATA[java.lang.AssertionError: Environment Variable is NOT Set
at org.testng.Assert.fail(Assert.java:110)
at tests.utility.Hooks.ConfigFileReader(Hooks.java:69)
at tests.utility.Hooks.initWebDriver(Hooks.java:159)
]]>
            </full-stacktrace>
          </exception> <!-- java.lang.AssertionError -->
          <reporter-output>
          </reporter-output>
        </test-method> <!-- runScenario -->
        <test-method signature="runScenario(io.cucumber.testng.PickleWrapper,io.cucumber.testng.FeatureWrapper)[pri:0, instance:tests.runners.RunTest@14a2f921]" started-at="2023-04-07T03:24:16 PDT" name="runScenario" description="Runs Cucumber Scenarios" data-provider="scenarios" finished-at="2023-04-07T03:24:16 PDT" duration-ms="41" status="FAIL">
          <params>
            <param index="0">
              <value>
                <![CDATA["Verify membership prices for Membership client"]]>
              </value>
            </param>
            <param index="1">
              <value>
                <![CDATA["Optional[Concierge Cart Page]"]]>
              </value>
            </param>
          </params>
          <exception class="java.lang.AssertionError">
            <message>
              <![CDATA[Environment Variable is NOT Set]]>
            </message>
            <full-stacktrace>
              <![CDATA[java.lang.AssertionError: Environment Variable is NOT Set
at org.testng.Assert.fail(Assert.java:110)
at tests.utility.Hooks.ConfigFileReader(Hooks.java:69)
at tests.utility.Hooks.initWebDriver(Hooks.java:159)
]]>
            </full-stacktrace>
          </exception> <!-- java.lang.AssertionError -->
          <reporter-output>
          </reporter-output>
        </test-method> <!-- runScenario -->
        <test-method signature="runScenario(io.cucumber.testng.PickleWrapper,io.cucumber.testng.FeatureWrapper)[pri:0, instance:tests.runners.RunTest@14a2f921]" started-at="2023-04-07T03:24:16 PDT" name="runScenario" description="Runs Cucumber Scenarios" data-provider="scenarios" finished-at="2023-04-07T03:24:16 PDT" duration-ms="34" status="FAIL">
          <params>
            <param index="0">
              <value>
                <![CDATA["Verify Employee discount checkout"]]>
              </value>
            </param>
            <param index="1">
              <value>
                <![CDATA["Optional[Concierge Cart Page]"]]>
              </value>
            </param>
          </params>
          <exception class="java.lang.AssertionError">
            <message>
              <![CDATA[Environment Variable is NOT Set]]>
            </message>
            <full-stacktrace>
              <![CDATA[java.lang.AssertionError: Environment Variable is NOT Set
at org.testng.Assert.fail(Assert.java:110)
at tests.utility.Hooks.ConfigFileReader(Hooks.java:69)
at tests.utility.Hooks.initWebDriver(Hooks.java:159)
]]>
            </full-stacktrace>
          </exception> <!-- java.lang.AssertionError -->
          <reporter-output>
          </reporter-output>
        </test-method> <!-- runScenario -->
        <test-method signature="runScenario(io.cucumber.testng.PickleWrapper,io.cucumber.testng.FeatureWrapper)[pri:0, instance:tests.runners.RunTest@14a2f921]" started-at="2023-04-07T03:24:16 PDT" name="runScenario" description="Runs Cucumber Scenarios" data-provider="scenarios" finished-at="2023-04-07T03:24:16 PDT" duration-ms="34" status="FAIL">
          <params>
            <param index="0">
              <value>
                <![CDATA["Postpone shipment"]]>
              </value>
            </param>
            <param index="1">
              <value>
                <![CDATA["Optional[Concierge Cart Page]"]]>
              </value>
            </param>
          </params>
          <exception class="java.lang.AssertionError">
            <message>
              <![CDATA[Environment Variable is NOT Set]]>
            </message>
            <full-stacktrace>
              <![CDATA[java.lang.AssertionError: Environment Variable is NOT Set
at org.testng.Assert.fail(Assert.java:110)
at tests.utility.Hooks.ConfigFileReader(Hooks.java:69)
at tests.utility.Hooks.initWebDriver(Hooks.java:159)
]]>
            </full-stacktrace>
          </exception> <!-- java.lang.AssertionError -->
          <reporter-output>
          </reporter-output>
        </test-method> <!-- runScenario -->
        <test-method signature="runScenario(io.cucumber.testng.PickleWrapper,io.cucumber.testng.FeatureWrapper)[pri:0, instance:tests.runners.RunTest@14a2f921]" started-at="2023-04-07T03:24:16 PDT" name="runScenario" description="Runs Cucumber Scenarios" data-provider="scenarios" finished-at="2023-04-07T03:24:16 PDT" duration-ms="34" status="FAIL">
          <params>
            <param index="0">
              <value>
                <![CDATA["Monogram Edit / Remove / Add"]]>
              </value>
            </param>
            <param index="1">
              <value>
                <![CDATA["Optional[Concierge Cart Page]"]]>
              </value>
            </param>
          </params>
          <exception class="java.lang.AssertionError">
            <message>
              <![CDATA[Environment Variable is NOT Set]]>
            </message>
            <full-stacktrace>
              <![CDATA[java.lang.AssertionError: Environment Variable is NOT Set
at org.testng.Assert.fail(Assert.java:110)
at tests.utility.Hooks.ConfigFileReader(Hooks.java:69)
at tests.utility.Hooks.initWebDriver(Hooks.java:159)
]]>
            </full-stacktrace>
          </exception> <!-- java.lang.AssertionError -->
          <reporter-output>
          </reporter-output>
        </test-method> <!-- runScenario -->
        <test-method signature="runScenario(io.cucumber.testng.PickleWrapper,io.cucumber.testng.FeatureWrapper)[pri:0, instance:tests.runners.RunTest@14a2f921]" started-at="2023-04-07T03:24:16 PDT" name="runScenario" description="Runs Cucumber Scenarios" data-provider="scenarios" finished-at="2023-04-07T03:24:16 PDT" duration-ms="38" status="FAIL">
          <params>
            <param index="0">
              <value>
                <![CDATA["Gift Box Add / Remove / View"]]>
              </value>
            </param>
            <param index="1">
              <value>
                <![CDATA["Optional[Concierge Cart Page]"]]>
              </value>
            </param>
          </params>
          <exception class="java.lang.AssertionError">
            <message>
              <![CDATA[Environment Variable is NOT Set]]>
            </message>
            <full-stacktrace>
              <![CDATA[java.lang.AssertionError: Environment Variable is NOT Set
at org.testng.Assert.fail(Assert.java:110)
at tests.utility.Hooks.ConfigFileReader(Hooks.java:69)
at tests.utility.Hooks.initWebDriver(Hooks.java:159)
]]>
            </full-stacktrace>
          </exception> <!-- java.lang.AssertionError -->
          <reporter-output>
          </reporter-output>
        </test-method> <!-- runScenario -->
        <test-method signature="runScenario(io.cucumber.testng.PickleWrapper,io.cucumber.testng.FeatureWrapper)[pri:0, instance:tests.runners.RunTest@14a2f921]" started-at="2023-04-07T03:24:16 PDT" name="runScenario" description="Runs Cucumber Scenarios" data-provider="scenarios" finished-at="2023-04-07T03:24:16 PDT" duration-ms="37" status="FAIL">
          <params>
            <param index="0">
              <value>
                <![CDATA["Verify Member savings for a Non member user in cart - From PDP and Project"]]>
              </value>
            </param>
            <param index="1">
              <value>
                <![CDATA["Optional[Concierge Cart Page]"]]>
              </value>
            </param>
          </params>
          <exception class="java.lang.AssertionError">
            <message>
              <![CDATA[Environment Variable is NOT Set]]>
            </message>
            <full-stacktrace>
              <![CDATA[java.lang.AssertionError: Environment Variable is NOT Set
at org.testng.Assert.fail(Assert.java:110)
at tests.utility.Hooks.ConfigFileReader(Hooks.java:69)
at tests.utility.Hooks.initWebDriver(Hooks.java:159)
]]>
            </full-stacktrace>
          </exception> <!-- java.lang.AssertionError -->
          <reporter-output>
          </reporter-output>
        </test-method> <!-- runScenario -->
        <test-method signature="runScenario(io.cucumber.testng.PickleWrapper,io.cucumber.testng.FeatureWrapper)[pri:0, instance:tests.runners.RunTest@14a2f921]" started-at="2023-04-07T03:24:16 PDT" name="runScenario" description="Runs Cucumber Scenarios" data-provider="scenarios" finished-at="2023-04-07T03:24:16 PDT" duration-ms="37" status="FAIL">
          <params>
            <param index="0">
              <value>
                <![CDATA["Verify Trade savings for a Trade user in cart - From PDP and Project"]]>
              </value>
            </param>
            <param index="1">
              <value>
                <![CDATA["Optional[Concierge Cart Page]"]]>
              </value>
            </param>
          </params>
          <exception class="java.lang.AssertionError">
            <message>
              <![CDATA[Environment Variable is NOT Set]]>
            </message>
            <full-stacktrace>
              <![CDATA[java.lang.AssertionError: Environment Variable is NOT Set
at org.testng.Assert.fail(Assert.java:110)
at tests.utility.Hooks.ConfigFileReader(Hooks.java:69)
at tests.utility.Hooks.initWebDriver(Hooks.java:159)
]]>
            </full-stacktrace>
          </exception> <!-- java.lang.AssertionError -->
          <reporter-output>
          </reporter-output>
        </test-method> <!-- runScenario -->
        <test-method signature="runScenario(io.cucumber.testng.PickleWrapper,io.cucumber.testng.FeatureWrapper)[pri:0, instance:tests.runners.RunTest@14a2f921]" started-at="2023-04-07T03:24:16 PDT" name="runScenario" description="Runs Cucumber Scenarios" data-provider="scenarios" finished-at="2023-04-07T03:24:16 PDT" duration-ms="36" status="FAIL">
          <params>
            <param index="0">
              <value>
                <![CDATA["Verify address saved in address page when navigate back from order review or any page"]]>
              </value>
            </param>
            <param index="1">
              <value>
                <![CDATA["Optional[Concierge Cart Page]"]]>
              </value>
            </param>
          </params>
          <exception class="java.lang.AssertionError">
            <message>
              <![CDATA[Environment Variable is NOT Set]]>
            </message>
            <full-stacktrace>
              <![CDATA[java.lang.AssertionError: Environment Variable is NOT Set
at org.testng.Assert.fail(Assert.java:110)
at tests.utility.Hooks.ConfigFileReader(Hooks.java:69)
at tests.utility.Hooks.initWebDriver(Hooks.java:159)
]]>
            </full-stacktrace>
          </exception> <!-- java.lang.AssertionError -->
          <reporter-output>
          </reporter-output>
        </test-method> <!-- runScenario -->
        <test-method signature="runScenario(io.cucumber.testng.PickleWrapper,io.cucumber.testng.FeatureWrapper)[pri:0, instance:tests.runners.RunTest@14a2f921]" started-at="2023-04-07T03:24:16 PDT" name="runScenario" description="Runs Cucumber Scenarios" data-provider="scenarios" finished-at="2023-04-07T03:24:16 PDT" duration-ms="37" status="FAIL">
          <params>
            <param index="0">
              <value>
                <![CDATA["Zipcode Validation"]]>
              </value>
            </param>
            <param index="1">
              <value>
                <![CDATA["Optional[Concierge Cart Page]"]]>
              </value>
            </param>
          </params>
          <exception class="java.lang.AssertionError">
            <message>
              <![CDATA[Environment Variable is NOT Set]]>
            </message>
            <full-stacktrace>
              <![CDATA[java.lang.AssertionError: Environment Variable is NOT Set
at org.testng.Assert.fail(Assert.java:110)
at tests.utility.Hooks.ConfigFileReader(Hooks.java:69)
at tests.utility.Hooks.initWebDriver(Hooks.java:159)
]]>
            </full-stacktrace>
          </exception> <!-- java.lang.AssertionError -->
          <reporter-output>
          </reporter-output>
        </test-method> <!-- runScenario -->
        <test-method signature="runScenario(io.cucumber.testng.PickleWrapper,io.cucumber.testng.FeatureWrapper)[pri:0, instance:tests.runners.RunTest@14a2f921]" started-at="2023-04-07T03:24:16 PDT" name="runScenario" description="Runs Cucumber Scenarios" data-provider="scenarios" finished-at="2023-04-07T03:24:16 PDT" duration-ms="31" status="FAIL">
          <params>
            <param index="0">
              <value>
                <![CDATA["Availability, Delivery and Returns messages"]]>
              </value>
            </param>
            <param index="1">
              <value>
                <![CDATA["Optional[Concierge Cart Page]"]]>
              </value>
            </param>
          </params>
          <exception class="java.lang.AssertionError">
            <message>
              <![CDATA[Environment Variable is NOT Set]]>
            </message>
            <full-stacktrace>
              <![CDATA[java.lang.AssertionError: Environment Variable is NOT Set
at org.testng.Assert.fail(Assert.java:110)
at tests.utility.Hooks.ConfigFileReader(Hooks.java:69)
at tests.utility.Hooks.initWebDriver(Hooks.java:159)
]]>
            </full-stacktrace>
          </exception> <!-- java.lang.AssertionError -->
          <reporter-output>
          </reporter-output>
        </test-method> <!-- runScenario -->
        <test-method signature="runScenario(io.cucumber.testng.PickleWrapper,io.cucumber.testng.FeatureWrapper)[pri:0, instance:tests.runners.RunTest@14a2f921]" started-at="2023-04-07T03:24:16 PDT" name="runScenario" description="Runs Cucumber Scenarios" data-provider="scenarios" finished-at="2023-04-07T03:24:16 PDT" duration-ms="36" status="FAIL">
          <params>
            <param index="0">
              <value>
                <![CDATA["Verify alternate addresses for client with multiple addresses"]]>
              </value>
            </param>
            <param index="1">
              <value>
                <![CDATA["Optional[Concierge Cart Page]"]]>
              </value>
            </param>
          </params>
          <exception class="java.lang.AssertionError">
            <message>
              <![CDATA[Environment Variable is NOT Set]]>
            </message>
            <full-stacktrace>
              <![CDATA[java.lang.AssertionError: Environment Variable is NOT Set
at org.testng.Assert.fail(Assert.java:110)
at tests.utility.Hooks.ConfigFileReader(Hooks.java:69)
at tests.utility.Hooks.initWebDriver(Hooks.java:159)
]]>
            </full-stacktrace>
          </exception> <!-- java.lang.AssertionError -->
          <reporter-output>
          </reporter-output>
        </test-method> <!-- runScenario -->
        <test-method signature="runScenario(io.cucumber.testng.PickleWrapper,io.cucumber.testng.FeatureWrapper)[pri:0, instance:tests.runners.RunTest@14a2f921]" started-at="2023-04-07T03:24:16 PDT" name="runScenario" description="Runs Cucumber Scenarios" data-provider="scenarios" finished-at="2023-04-07T03:24:16 PDT" duration-ms="43" status="FAIL">
          <params>
            <param index="0">
              <value>
                <![CDATA["Verify client search by email"]]>
              </value>
            </param>
            <param index="1">
              <value>
                <![CDATA["Optional[Client]"]]>
              </value>
            </param>
          </params>
          <exception class="java.lang.AssertionError">
            <message>
              <![CDATA[Environment Variable is NOT Set]]>
            </message>
            <full-stacktrace>
              <![CDATA[java.lang.AssertionError: Environment Variable is NOT Set
at org.testng.Assert.fail(Assert.java:110)
at tests.utility.Hooks.ConfigFileReader(Hooks.java:69)
at tests.utility.Hooks.initWebDriver(Hooks.java:159)
]]>
            </full-stacktrace>
          </exception> <!-- java.lang.AssertionError -->
          <reporter-output>
          </reporter-output>
        </test-method> <!-- runScenario -->
        <test-method signature="runScenario(io.cucumber.testng.PickleWrapper,io.cucumber.testng.FeatureWrapper)[pri:0, instance:tests.runners.RunTest@14a2f921]" started-at="2023-04-07T03:24:16 PDT" name="runScenario" description="Runs Cucumber Scenarios" data-provider="scenarios" finished-at="2023-04-07T03:24:16 PDT" duration-ms="38" status="FAIL">
          <params>
            <param index="0">
              <value>
                <![CDATA["Verify client search by lastName"]]>
              </value>
            </param>
            <param index="1">
              <value>
                <![CDATA["Optional[Client]"]]>
              </value>
            </param>
          </params>
          <exception class="java.lang.AssertionError">
            <message>
              <![CDATA[Environment Variable is NOT Set]]>
            </message>
            <full-stacktrace>
              <![CDATA[java.lang.AssertionError: Environment Variable is NOT Set
at org.testng.Assert.fail(Assert.java:110)
at tests.utility.Hooks.ConfigFileReader(Hooks.java:69)
at tests.utility.Hooks.initWebDriver(Hooks.java:159)
]]>
            </full-stacktrace>
          </exception> <!-- java.lang.AssertionError -->
          <reporter-output>
          </reporter-output>
        </test-method> <!-- runScenario -->
        <test-method signature="runScenario(io.cucumber.testng.PickleWrapper,io.cucumber.testng.FeatureWrapper)[pri:0, instance:tests.runners.RunTest@14a2f921]" started-at="2023-04-07T03:24:16 PDT" name="runScenario" description="Runs Cucumber Scenarios" data-provider="scenarios" finished-at="2023-04-07T03:24:16 PDT" duration-ms="31" status="FAIL">
          <params>
            <param index="0">
              <value>
                <![CDATA["Verify client search by memberID"]]>
              </value>
            </param>
            <param index="1">
              <value>
                <![CDATA["Optional[Client]"]]>
              </value>
            </param>
          </params>
          <exception class="java.lang.AssertionError">
            <message>
              <![CDATA[Environment Variable is NOT Set]]>
            </message>
            <full-stacktrace>
              <![CDATA[java.lang.AssertionError: Environment Variable is NOT Set
at org.testng.Assert.fail(Assert.java:110)
at tests.utility.Hooks.ConfigFileReader(Hooks.java:69)
at tests.utility.Hooks.initWebDriver(Hooks.java:159)
]]>
            </full-stacktrace>
          </exception> <!-- java.lang.AssertionError -->
          <reporter-output>
          </reporter-output>
        </test-method> <!-- runScenario -->
        <test-method signature="runScenario(io.cucumber.testng.PickleWrapper,io.cucumber.testng.FeatureWrapper)[pri:0, instance:tests.runners.RunTest@14a2f921]" started-at="2023-04-07T03:24:16 PDT" name="runScenario" description="Runs Cucumber Scenarios" data-provider="scenarios" finished-at="2023-04-07T03:24:16 PDT" duration-ms="37" status="FAIL">
          <params>
            <param index="0">
              <value>
                <![CDATA["Verify client search by businessAccountNumberTrade"]]>
              </value>
            </param>
            <param index="1">
              <value>
                <![CDATA["Optional[Client]"]]>
              </value>
            </param>
          </params>
          <exception class="java.lang.AssertionError">
            <message>
              <![CDATA[Environment Variable is NOT Set]]>
            </message>
            <full-stacktrace>
              <![CDATA[java.lang.AssertionError: Environment Variable is NOT Set
at org.testng.Assert.fail(Assert.java:110)
at tests.utility.Hooks.ConfigFileReader(Hooks.java:69)
at tests.utility.Hooks.initWebDriver(Hooks.java:159)
]]>
            </full-stacktrace>
          </exception> <!-- java.lang.AssertionError -->
          <reporter-output>
          </reporter-output>
        </test-method> <!-- runScenario -->
        <test-method signature="runScenario(io.cucumber.testng.PickleWrapper,io.cucumber.testng.FeatureWrapper)[pri:0, instance:tests.runners.RunTest@14a2f921]" started-at="2023-04-07T03:24:16 PDT" name="runScenario" description="Runs Cucumber Scenarios" data-provider="scenarios" finished-at="2023-04-07T03:24:17 PDT" duration-ms="31" status="FAIL">
          <params>
            <param index="0">
              <value>
                <![CDATA["Verify client search by businessAccountNumberContract"]]>
              </value>
            </param>
            <param index="1">
              <value>
                <![CDATA["Optional[Client]"]]>
              </value>
            </param>
          </params>
          <exception class="java.lang.AssertionError">
            <message>
              <![CDATA[Environment Variable is NOT Set]]>
            </message>
            <full-stacktrace>
              <![CDATA[java.lang.AssertionError: Environment Variable is NOT Set
at org.testng.Assert.fail(Assert.java:110)
at tests.utility.Hooks.ConfigFileReader(Hooks.java:69)
at tests.utility.Hooks.initWebDriver(Hooks.java:159)
]]>
            </full-stacktrace>
          </exception> <!-- java.lang.AssertionError -->
          <reporter-output>
          </reporter-output>
        </test-method> <!-- runScenario -->
        <test-method signature="runScenario(io.cucumber.testng.PickleWrapper,io.cucumber.testng.FeatureWrapper)[pri:0, instance:tests.runners.RunTest@14a2f921]" started-at="2023-04-07T03:24:17 PDT" name="runScenario" description="Runs Cucumber Scenarios" data-provider="scenarios" finished-at="2023-04-07T03:24:17 PDT" duration-ms="31" status="FAIL">
          <params>
            <param index="0">
              <value>
                <![CDATA["Verify that user is able to create new client"]]>
              </value>
            </param>
            <param index="1">
              <value>
                <![CDATA["Optional[Client]"]]>
              </value>
            </param>
          </params>
          <exception class="java.lang.AssertionError">
            <message>
              <![CDATA[Environment Variable is NOT Set]]>
            </message>
            <full-stacktrace>
              <![CDATA[java.lang.AssertionError: Environment Variable is NOT Set
at org.testng.Assert.fail(Assert.java:110)
at tests.utility.Hooks.ConfigFileReader(Hooks.java:69)
at tests.utility.Hooks.initWebDriver(Hooks.java:159)
]]>
            </full-stacktrace>
          </exception> <!-- java.lang.AssertionError -->
          <reporter-output>
          </reporter-output>
        </test-method> <!-- runScenario -->
        <test-method signature="runScenario(io.cucumber.testng.PickleWrapper,io.cucumber.testng.FeatureWrapper)[pri:0, instance:tests.runners.RunTest@14a2f921]" started-at="2023-04-07T03:24:17 PDT" name="runScenario" description="Runs Cucumber Scenarios" data-provider="scenarios" finished-at="2023-04-07T03:24:17 PDT" duration-ms="33" status="FAIL">
          <params>
            <param index="0">
              <value>
                <![CDATA["Verify that I'm not able to select Contract Client without contract gallery"]]>
              </value>
            </param>
            <param index="1">
              <value>
                <![CDATA["Optional[Concierge Contract]"]]>
              </value>
            </param>
          </params>
          <exception class="java.lang.AssertionError">
            <message>
              <![CDATA[Environment Variable is NOT Set]]>
            </message>
            <full-stacktrace>
              <![CDATA[java.lang.AssertionError: Environment Variable is NOT Set
at org.testng.Assert.fail(Assert.java:110)
at tests.utility.Hooks.ConfigFileReader(Hooks.java:69)
at tests.utility.Hooks.initWebDriver(Hooks.java:159)
]]>
            </full-stacktrace>
          </exception> <!-- java.lang.AssertionError -->
          <reporter-output>
          </reporter-output>
        </test-method> <!-- runScenario -->
        <test-method signature="runScenario(io.cucumber.testng.PickleWrapper,io.cucumber.testng.FeatureWrapper)[pri:0, instance:tests.runners.RunTest@14a2f921]" started-at="2023-04-07T03:24:17 PDT" name="runScenario" description="Runs Cucumber Scenarios" data-provider="scenarios" finished-at="2023-04-07T03:24:17 PDT" duration-ms="62" status="FAIL">
          <params>
            <param index="0">
              <value>
                <![CDATA["Verify that user is able to buy item"]]>
              </value>
            </param>
            <param index="1">
              <value>
                <![CDATA["Optional[Concierge E2E flow]"]]>
              </value>
            </param>
          </params>
          <exception class="java.lang.AssertionError">
            <message>
              <![CDATA[Environment Variable is NOT Set]]>
            </message>
            <full-stacktrace>
              <![CDATA[java.lang.AssertionError: Environment Variable is NOT Set
at org.testng.Assert.fail(Assert.java:110)
at tests.utility.Hooks.ConfigFileReader(Hooks.java:69)
at tests.utility.Hooks.initWebDriver(Hooks.java:159)
]]>
            </full-stacktrace>
          </exception> <!-- java.lang.AssertionError -->
          <reporter-output>
          </reporter-output>
        </test-method> <!-- runScenario -->
        <test-method signature="runScenario(io.cucumber.testng.PickleWrapper,io.cucumber.testng.FeatureWrapper)[pri:0, instance:tests.runners.RunTest@14a2f921]" started-at="2023-04-07T03:24:17 PDT" name="runScenario" description="Runs Cucumber Scenarios" data-provider="scenarios" finished-at="2023-04-07T03:24:17 PDT" duration-ms="33" status="FAIL">
          <params>
            <param index="0">
              <value>
                <![CDATA["Verify that user is able to execute split payment using all payment methods"]]>
              </value>
            </param>
            <param index="1">
              <value>
                <![CDATA["Optional[Concierge E2E flow]"]]>
              </value>
            </param>
          </params>
          <exception class="java.lang.AssertionError">
            <message>
              <![CDATA[Environment Variable is NOT Set]]>
            </message>
            <full-stacktrace>
              <![CDATA[java.lang.AssertionError: Environment Variable is NOT Set
at org.testng.Assert.fail(Assert.java:110)
at tests.utility.Hooks.ConfigFileReader(Hooks.java:69)
at tests.utility.Hooks.initWebDriver(Hooks.java:159)
]]>
            </full-stacktrace>
          </exception> <!-- java.lang.AssertionError -->
          <reporter-output>
          </reporter-output>
        </test-method> <!-- runScenario -->
        <test-method signature="runScenario(io.cucumber.testng.PickleWrapper,io.cucumber.testng.FeatureWrapper)[pri:0, instance:tests.runners.RunTest@14a2f921]" started-at="2023-04-07T03:24:17 PDT" name="runScenario" description="Runs Cucumber Scenarios" data-provider="scenarios" finished-at="2023-04-07T03:24:17 PDT" duration-ms="37" status="FAIL">
          <params>
            <param index="0">
              <value>
                <![CDATA["Verify that if client is a member then redirected to carts screen"]]>
              </value>
            </param>
            <param index="1">
              <value>
                <![CDATA["Optional[Concierge E2E flow]"]]>
              </value>
            </param>
          </params>
          <exception class="java.lang.AssertionError">
            <message>
              <![CDATA[Environment Variable is NOT Set]]>
            </message>
            <full-stacktrace>
              <![CDATA[java.lang.AssertionError: Environment Variable is NOT Set
at org.testng.Assert.fail(Assert.java:110)
at tests.utility.Hooks.ConfigFileReader(Hooks.java:69)
at tests.utility.Hooks.initWebDriver(Hooks.java:159)
]]>
            </full-stacktrace>
          </exception> <!-- java.lang.AssertionError -->
          <reporter-output>
          </reporter-output>
        </test-method> <!-- runScenario -->
        <test-method signature="runScenario(io.cucumber.testng.PickleWrapper,io.cucumber.testng.FeatureWrapper)[pri:0, instance:tests.runners.RunTest@14a2f921]" started-at="2023-04-07T03:24:17 PDT" name="runScenario" description="Runs Cucumber Scenarios" data-provider="scenarios" finished-at="2023-04-07T03:24:17 PDT" duration-ms="32" status="FAIL">
          <params>
            <param index="0">
              <value>
                <![CDATA["Verify that if client is a non member then redirected to address screen"]]>
              </value>
            </param>
            <param index="1">
              <value>
                <![CDATA["Optional[Concierge E2E flow]"]]>
              </value>
            </param>
          </params>
          <exception class="java.lang.AssertionError">
            <message>
              <![CDATA[Environment Variable is NOT Set]]>
            </message>
            <full-stacktrace>
              <![CDATA[java.lang.AssertionError: Environment Variable is NOT Set
at org.testng.Assert.fail(Assert.java:110)
at tests.utility.Hooks.ConfigFileReader(Hooks.java:69)
at tests.utility.Hooks.initWebDriver(Hooks.java:159)
]]>
            </full-stacktrace>
          </exception> <!-- java.lang.AssertionError -->
          <reporter-output>
          </reporter-output>
        </test-method> <!-- runScenario -->
        <test-method signature="runScenario(io.cucumber.testng.PickleWrapper,io.cucumber.testng.FeatureWrapper)[pri:0, instance:tests.runners.RunTest@14a2f921]" started-at="2023-04-07T03:24:17 PDT" name="runScenario" description="Runs Cucumber Scenarios" data-provider="scenarios" finished-at="2023-04-07T03:24:17 PDT" duration-ms="32" status="FAIL">
          <params>
            <param index="0">
              <value>
                <![CDATA["Verify that user is able to buy item through search item by SKU id"]]>
              </value>
            </param>
            <param index="1">
              <value>
                <![CDATA["Optional[Concierge E2E flow]"]]>
              </value>
            </param>
          </params>
          <exception class="java.lang.AssertionError">
            <message>
              <![CDATA[Environment Variable is NOT Set]]>
            </message>
            <full-stacktrace>
              <![CDATA[java.lang.AssertionError: Environment Variable is NOT Set
at org.testng.Assert.fail(Assert.java:110)
at tests.utility.Hooks.ConfigFileReader(Hooks.java:69)
at tests.utility.Hooks.initWebDriver(Hooks.java:159)
]]>
            </full-stacktrace>
          </exception> <!-- java.lang.AssertionError -->
          <reporter-output>
          </reporter-output>
        </test-method> <!-- runScenario -->
        <test-method signature="runScenario(io.cucumber.testng.PickleWrapper,io.cucumber.testng.FeatureWrapper)[pri:0, instance:tests.runners.RunTest@14a2f921]" started-at="2023-04-07T03:24:17 PDT" name="runScenario" description="Runs Cucumber Scenarios" data-provider="scenarios" finished-at="2023-04-07T03:24:17 PDT" duration-ms="34" status="FAIL">
          <params>
            <param index="0">
              <value>
                <![CDATA["Verify that user is able to add item to project and pay"]]>
              </value>
            </param>
            <param index="1">
              <value>
                <![CDATA["Optional[Concierge E2E flow]"]]>
              </value>
            </param>
          </params>
          <exception class="java.lang.AssertionError">
            <message>
              <![CDATA[Environment Variable is NOT Set]]>
            </message>
            <full-stacktrace>
              <![CDATA[java.lang.AssertionError: Environment Variable is NOT Set
at org.testng.Assert.fail(Assert.java:110)
at tests.utility.Hooks.ConfigFileReader(Hooks.java:69)
at tests.utility.Hooks.initWebDriver(Hooks.java:159)
]]>
            </full-stacktrace>
          </exception> <!-- java.lang.AssertionError -->
          <reporter-output>
          </reporter-output>
        </test-method> <!-- runScenario -->
        <test-method signature="runScenario(io.cucumber.testng.PickleWrapper,io.cucumber.testng.FeatureWrapper)[pri:0, instance:tests.runners.RunTest@14a2f921]" started-at="2023-04-07T03:24:17 PDT" name="runScenario" description="Runs Cucumber Scenarios" data-provider="scenarios" finished-at="2023-04-07T03:24:17 PDT" duration-ms="33" status="FAIL">
          <params>
            <param index="0">
              <value>
                <![CDATA["Gift Card Balance Enquiry"]]>
              </value>
            </param>
            <param index="1">
              <value>
                <![CDATA["Optional[Concierge GiftCardEnquiry]"]]>
              </value>
            </param>
          </params>
          <exception class="java.lang.AssertionError">
            <message>
              <![CDATA[Environment Variable is NOT Set]]>
            </message>
            <full-stacktrace>
              <![CDATA[java.lang.AssertionError: Environment Variable is NOT Set
at org.testng.Assert.fail(Assert.java:110)
at tests.utility.Hooks.ConfigFileReader(Hooks.java:69)
at tests.utility.Hooks.initWebDriver(Hooks.java:159)
]]>
            </full-stacktrace>
          </exception> <!-- java.lang.AssertionError -->
          <reporter-output>
          </reporter-output>
        </test-method> <!-- runScenario -->
        <test-method signature="runScenario(io.cucumber.testng.PickleWrapper,io.cucumber.testng.FeatureWrapper)[pri:0, instance:tests.runners.RunTest@14a2f921]" started-at="2023-04-07T03:24:17 PDT" name="runScenario" description="Runs Cucumber Scenarios" data-provider="scenarios" finished-at="2023-04-07T03:24:17 PDT" duration-ms="37" status="FAIL">
          <params>
            <param index="0">
              <value>
                <![CDATA["Purchase Gift Card"]]>
              </value>
            </param>
            <param index="1">
              <value>
                <![CDATA["Optional[Concierge GiftCardEnquiry]"]]>
              </value>
            </param>
          </params>
          <exception class="java.lang.AssertionError">
            <message>
              <![CDATA[Environment Variable is NOT Set]]>
            </message>
            <full-stacktrace>
              <![CDATA[java.lang.AssertionError: Environment Variable is NOT Set
at org.testng.Assert.fail(Assert.java:110)
at tests.utility.Hooks.ConfigFileReader(Hooks.java:69)
at tests.utility.Hooks.initWebDriver(Hooks.java:159)
]]>
            </full-stacktrace>
          </exception> <!-- java.lang.AssertionError -->
          <reporter-output>
          </reporter-output>
        </test-method> <!-- runScenario -->
        <test-method signature="runScenario(io.cucumber.testng.PickleWrapper,io.cucumber.testng.FeatureWrapper)[pri:0, instance:tests.runners.RunTest@14a2f921]" started-at="2023-04-07T03:24:17 PDT" name="runScenario" description="Runs Cucumber Scenarios" data-provider="scenarios" finished-at="2023-04-07T03:24:17 PDT" duration-ms="42" status="FAIL">
          <params>
            <param index="0">
              <value>
                <![CDATA["Login as associate and Verify that home page is accessible"]]>
              </value>
            </param>
            <param index="1">
              <value>
                <![CDATA["Optional[Concierge Homepage]"]]>
              </value>
            </param>
          </params>
          <exception class="java.lang.AssertionError">
            <message>
              <![CDATA[Environment Variable is NOT Set]]>
            </message>
            <full-stacktrace>
              <![CDATA[java.lang.AssertionError: Environment Variable is NOT Set
at org.testng.Assert.fail(Assert.java:110)
at tests.utility.Hooks.ConfigFileReader(Hooks.java:69)
at tests.utility.Hooks.initWebDriver(Hooks.java:159)
]]>
            </full-stacktrace>
          </exception> <!-- java.lang.AssertionError -->
          <reporter-output>
          </reporter-output>
        </test-method> <!-- runScenario -->
        <test-method signature="runScenario(io.cucumber.testng.PickleWrapper,io.cucumber.testng.FeatureWrapper)[pri:0, instance:tests.runners.RunTest@14a2f921]" started-at="2023-04-07T03:24:17 PDT" name="runScenario" description="Runs Cucumber Scenarios" data-provider="scenarios" finished-at="2023-04-07T03:24:17 PDT" duration-ms="31" status="FAIL">
          <params>
            <param index="0">
              <value>
                <![CDATA["Verify top menu navigation"]]>
              </value>
            </param>
            <param index="1">
              <value>
                <![CDATA["Optional[Concierge Homepage]"]]>
              </value>
            </param>
          </params>
          <exception class="java.lang.AssertionError">
            <message>
              <![CDATA[Environment Variable is NOT Set]]>
            </message>
            <full-stacktrace>
              <![CDATA[java.lang.AssertionError: Environment Variable is NOT Set
at org.testng.Assert.fail(Assert.java:110)
at tests.utility.Hooks.ConfigFileReader(Hooks.java:69)
at tests.utility.Hooks.initWebDriver(Hooks.java:159)
]]>
            </full-stacktrace>
          </exception> <!-- java.lang.AssertionError -->
          <reporter-output>
          </reporter-output>
        </test-method> <!-- runScenario -->
        <test-method signature="runScenario(io.cucumber.testng.PickleWrapper,io.cucumber.testng.FeatureWrapper)[pri:0, instance:tests.runners.RunTest@14a2f921]" started-at="2023-04-07T03:24:17 PDT" name="runScenario" description="Runs Cucumber Scenarios" data-provider="scenarios" finished-at="2023-04-07T03:24:17 PDT" duration-ms="32" status="FAIL">
          <params>
            <param index="0">
              <value>
                <![CDATA["Verify top menu navigation"]]>
              </value>
            </param>
            <param index="1">
              <value>
                <![CDATA["Optional[Concierge Homepage]"]]>
              </value>
            </param>
          </params>
          <exception class="java.lang.AssertionError">
            <message>
              <![CDATA[Environment Variable is NOT Set]]>
            </message>
            <full-stacktrace>
              <![CDATA[java.lang.AssertionError: Environment Variable is NOT Set
at org.testng.Assert.fail(Assert.java:110)
at tests.utility.Hooks.ConfigFileReader(Hooks.java:69)
at tests.utility.Hooks.initWebDriver(Hooks.java:159)
]]>
            </full-stacktrace>
          </exception> <!-- java.lang.AssertionError -->
          <reporter-output>
          </reporter-output>
        </test-method> <!-- runScenario -->
        <test-method signature="runScenario(io.cucumber.testng.PickleWrapper,io.cucumber.testng.FeatureWrapper)[pri:0, instance:tests.runners.RunTest@14a2f921]" started-at="2023-04-07T03:24:17 PDT" name="runScenario" description="Runs Cucumber Scenarios" data-provider="scenarios" finished-at="2023-04-07T03:24:17 PDT" duration-ms="32" status="FAIL">
          <params>
            <param index="0">
              <value>
                <![CDATA["Verify top menu navigation"]]>
              </value>
            </param>
            <param index="1">
              <value>
                <![CDATA["Optional[Concierge Homepage]"]]>
              </value>
            </param>
          </params>
          <exception class="java.lang.AssertionError">
            <message>
              <![CDATA[Environment Variable is NOT Set]]>
            </message>
            <full-stacktrace>
              <![CDATA[java.lang.AssertionError: Environment Variable is NOT Set
at org.testng.Assert.fail(Assert.java:110)
at tests.utility.Hooks.ConfigFileReader(Hooks.java:69)
at tests.utility.Hooks.initWebDriver(Hooks.java:159)
]]>
            </full-stacktrace>
          </exception> <!-- java.lang.AssertionError -->
          <reporter-output>
          </reporter-output>
        </test-method> <!-- runScenario -->
        <test-method signature="runScenario(io.cucumber.testng.PickleWrapper,io.cucumber.testng.FeatureWrapper)[pri:0, instance:tests.runners.RunTest@14a2f921]" started-at="2023-04-07T03:24:17 PDT" name="runScenario" description="Runs Cucumber Scenarios" data-provider="scenarios" finished-at="2023-04-07T03:24:17 PDT" duration-ms="36" status="FAIL">
          <params>
            <param index="0">
              <value>
                <![CDATA["Verify top menu navigation"]]>
              </value>
            </param>
            <param index="1">
              <value>
                <![CDATA["Optional[Concierge Homepage]"]]>
              </value>
            </param>
          </params>
          <exception class="java.lang.AssertionError">
            <message>
              <![CDATA[Environment Variable is NOT Set]]>
            </message>
            <full-stacktrace>
              <![CDATA[java.lang.AssertionError: Environment Variable is NOT Set
at org.testng.Assert.fail(Assert.java:110)
at tests.utility.Hooks.ConfigFileReader(Hooks.java:69)
at tests.utility.Hooks.initWebDriver(Hooks.java:159)
]]>
            </full-stacktrace>
          </exception> <!-- java.lang.AssertionError -->
          <reporter-output>
          </reporter-output>
        </test-method> <!-- runScenario -->
        <test-method signature="runScenario(io.cucumber.testng.PickleWrapper,io.cucumber.testng.FeatureWrapper)[pri:0, instance:tests.runners.RunTest@14a2f921]" started-at="2023-04-07T03:24:17 PDT" name="runScenario" description="Runs Cucumber Scenarios" data-provider="scenarios" finished-at="2023-04-07T03:24:17 PDT" duration-ms="35" status="FAIL">
          <params>
            <param index="0">
              <value>
                <![CDATA["Verify top menu navigation"]]>
              </value>
            </param>
            <param index="1">
              <value>
                <![CDATA["Optional[Concierge Homepage]"]]>
              </value>
            </param>
          </params>
          <exception class="java.lang.AssertionError">
            <message>
              <![CDATA[Environment Variable is NOT Set]]>
            </message>
            <full-stacktrace>
              <![CDATA[java.lang.AssertionError: Environment Variable is NOT Set
at org.testng.Assert.fail(Assert.java:110)
at tests.utility.Hooks.ConfigFileReader(Hooks.java:69)
at tests.utility.Hooks.initWebDriver(Hooks.java:159)
]]>
            </full-stacktrace>
          </exception> <!-- java.lang.AssertionError -->
          <reporter-output>
          </reporter-output>
        </test-method> <!-- runScenario -->
        <test-method signature="runScenario(io.cucumber.testng.PickleWrapper,io.cucumber.testng.FeatureWrapper)[pri:0, instance:tests.runners.RunTest@14a2f921]" started-at="2023-04-07T03:24:17 PDT" name="runScenario" description="Runs Cucumber Scenarios" data-provider="scenarios" finished-at="2023-04-07T03:24:17 PDT" duration-ms="38" status="FAIL">
          <params>
            <param index="0">
              <value>
                <![CDATA["Verify top menu navigation"]]>
              </value>
            </param>
            <param index="1">
              <value>
                <![CDATA["Optional[Concierge Homepage]"]]>
              </value>
            </param>
          </params>
          <exception class="java.lang.AssertionError">
            <message>
              <![CDATA[Environment Variable is NOT Set]]>
            </message>
            <full-stacktrace>
              <![CDATA[java.lang.AssertionError: Environment Variable is NOT Set
at org.testng.Assert.fail(Assert.java:110)
at tests.utility.Hooks.ConfigFileReader(Hooks.java:69)
at tests.utility.Hooks.initWebDriver(Hooks.java:159)
]]>
            </full-stacktrace>
          </exception> <!-- java.lang.AssertionError -->
          <reporter-output>
          </reporter-output>
        </test-method> <!-- runScenario -->
        <test-method signature="runScenario(io.cucumber.testng.PickleWrapper,io.cucumber.testng.FeatureWrapper)[pri:0, instance:tests.runners.RunTest@14a2f921]" started-at="2023-04-07T03:24:17 PDT" name="runScenario" description="Runs Cucumber Scenarios" data-provider="scenarios" finished-at="2023-04-07T03:24:17 PDT" duration-ms="31" status="FAIL">
          <params>
            <param index="0">
              <value>
                <![CDATA["Verify top menu navigation"]]>
              </value>
            </param>
            <param index="1">
              <value>
                <![CDATA["Optional[Concierge Homepage]"]]>
              </value>
            </param>
          </params>
          <exception class="java.lang.AssertionError">
            <message>
              <![CDATA[Environment Variable is NOT Set]]>
            </message>
            <full-stacktrace>
              <![CDATA[java.lang.AssertionError: Environment Variable is NOT Set
at org.testng.Assert.fail(Assert.java:110)
at tests.utility.Hooks.ConfigFileReader(Hooks.java:69)
at tests.utility.Hooks.initWebDriver(Hooks.java:159)
]]>
            </full-stacktrace>
          </exception> <!-- java.lang.AssertionError -->
          <reporter-output>
          </reporter-output>
        </test-method> <!-- runScenario -->
        <test-method signature="runScenario(io.cucumber.testng.PickleWrapper,io.cucumber.testng.FeatureWrapper)[pri:0, instance:tests.runners.RunTest@14a2f921]" started-at="2023-04-07T03:24:17 PDT" name="runScenario" description="Runs Cucumber Scenarios" data-provider="scenarios" finished-at="2023-04-07T03:24:17 PDT" duration-ms="36" status="FAIL">
          <params>
            <param index="0">
              <value>
                <![CDATA["Verify top menu navigation"]]>
              </value>
            </param>
            <param index="1">
              <value>
                <![CDATA["Optional[Concierge Homepage]"]]>
              </value>
            </param>
          </params>
          <exception class="java.lang.AssertionError">
            <message>
              <![CDATA[Environment Variable is NOT Set]]>
            </message>
            <full-stacktrace>
              <![CDATA[java.lang.AssertionError: Environment Variable is NOT Set
at org.testng.Assert.fail(Assert.java:110)
at tests.utility.Hooks.ConfigFileReader(Hooks.java:69)
at tests.utility.Hooks.initWebDriver(Hooks.java:159)
]]>
            </full-stacktrace>
          </exception> <!-- java.lang.AssertionError -->
          <reporter-output>
          </reporter-output>
        </test-method> <!-- runScenario -->
[...]
          <params>
            <param index="0">
              <value>
                <![CDATA["To check if user is able to sign out properly"]]>
              </value>
            </param>
            <param index="1">
              <value>
                <![CDATA["Optional[Estore Sign In/Signout]"]]>
              </value>
            </param>
          </params>
          <exception class="java.lang.AssertionError">
            <message>
              <![CDATA[Environment Variable is NOT Set]]>
            </message>
            <full-stacktrace>
              <![CDATA[java.lang.AssertionError: Environment Variable is NOT Set
at org.testng.Assert.fail(Assert.java:110)
at tests.utility.Hooks.ConfigFileReader(Hooks.java:69)
at tests.utility.Hooks.initWebDrivereStore(Hooks.java:148)
]]>
            </full-stacktrace>
          </exception> <!-- java.lang.AssertionError -->
          <reporter-output>
          </reporter-output>
        </test-method> <!-- runScenario -->
        <test-method signature="runScenario(io.cucumber.testng.PickleWrapper,io.cucumber.testng.FeatureWrapper)[pri:0, instance:tests.runners.RunTest@14a2f921]" started-at="2023-04-07T03:24:31 PDT" name="runScenario" description="Runs Cucumber Scenarios" data-provider="scenarios" finished-at="2023-04-07T03:24:31 PDT" duration-ms="31" status="FAIL">
          <params>
            <param index="0">
              <value>
                <![CDATA["Verify the signout functionaity"]]>
              </value>
            </param>
            <param index="1">
              <value>
                <![CDATA["Optional[Estore Sign In/Signout]"]]>
              </value>
            </param>
          </params>
          <exception class="java.lang.AssertionError">
            <message>
              <![CDATA[Environment Variable is NOT Set]]>
            </message>
            <full-stacktrace>
              <![CDATA[java.lang.AssertionError: Environment Variable is NOT Set
at org.testng.Assert.fail(Assert.java:110)
at tests.utility.Hooks.ConfigFileReader(Hooks.java:69)
at tests.utility.Hooks.initWebDrivereStore(Hooks.java:148)
]]>
            </full-stacktrace>
          </exception> <!-- java.lang.AssertionError -->
          <reporter-output>
          </reporter-output>
        </test-method> <!-- runScenario -->
        <test-method signature="runScenario(io.cucumber.testng.PickleWrapper,io.cucumber.testng.FeatureWrapper)[pri:0, instance:tests.runners.RunTest@14a2f921]" started-at="2023-04-07T03:24:31 PDT" name="runScenario" description="Runs Cucumber Scenarios" data-provider="scenarios" finished-at="2023-04-07T03:24:31 PDT" duration-ms="29" status="FAIL">
          <params>
            <param index="0">
              <value>
                <![CDATA["Verify the user is completely signed out of all brands"]]>
              </value>
            </param>
            <param index="1">
              <value>
                <![CDATA["Optional[Estore Sign In/Signout]"]]>
              </value>
            </param>
          </params>
          <exception class="java.lang.AssertionError">
            <message>
              <![CDATA[Environment Variable is NOT Set]]>
            </message>
            <full-stacktrace>
              <![CDATA[java.lang.AssertionError: Environment Variable is NOT Set
at org.testng.Assert.fail(Assert.java:110)
at tests.utility.Hooks.ConfigFileReader(Hooks.java:69)
at tests.utility.Hooks.initWebDrivereStore(Hooks.java:148)
]]>
            </full-stacktrace>
          </exception> <!-- java.lang.AssertionError -->
          <reporter-output>
          </reporter-output>
        </test-method> <!-- runScenario -->
        <test-method signature="runScenario(io.cucumber.testng.PickleWrapper,io.cucumber.testng.FeatureWrapper)[pri:0, instance:tests.runners.RunTest@14a2f921]" started-at="2023-04-07T03:24:31 PDT" name="runScenario" description="Runs Cucumber Scenarios" data-provider="scenarios" finished-at="2023-04-07T03:24:31 PDT" duration-ms="30" status="FAIL">
          <params>
            <param index="0">
              <value>
                <![CDATA["Verify address, price, payment information, total, subtotal tags"]]>
              </value>
            </param>
            <param index="1">
              <value>
                <![CDATA["Optional[Estore Thank You page]"]]>
              </value>
            </param>
          </params>
          <exception class="java.lang.AssertionError">
            <message>
              <![CDATA[Environment Variable is NOT Set]]>
            </message>
            <full-stacktrace>
              <![CDATA[java.lang.AssertionError: Environment Variable is NOT Set
at org.testng.Assert.fail(Assert.java:110)
at tests.utility.Hooks.ConfigFileReader(Hooks.java:69)
at tests.utility.Hooks.initWebDrivereStore(Hooks.java:148)
]]>
            </full-stacktrace>
          </exception> <!-- java.lang.AssertionError -->
          <reporter-output>
          </reporter-output>
        </test-method> <!-- runScenario -->
        <test-method signature="runScenario(io.cucumber.testng.PickleWrapper,io.cucumber.testng.FeatureWrapper)[pri:0, instance:tests.runners.RunTest@14a2f921]" started-at="2023-04-07T03:24:31 PDT" name="runScenario" description="Runs Cucumber Scenarios" data-provider="scenarios" finished-at="2023-04-07T03:24:31 PDT" duration-ms="33" status="FAIL">
          <params>
            <param index="0">
              <value>
                <![CDATA["Wishlist for registered users"]]>
              </value>
            </param>
            <param index="1">
              <value>
                <![CDATA["Optional[Estore Wishlist]"]]>
              </value>
            </param>
          </params>
          <exception class="java.lang.AssertionError">
            <message>
              <![CDATA[Environment Variable is NOT Set]]>
            </message>
            <full-stacktrace>
              <![CDATA[java.lang.AssertionError: Environment Variable is NOT Set
at org.testng.Assert.fail(Assert.java:110)
at tests.utility.Hooks.ConfigFileReader(Hooks.java:69)
at tests.utility.Hooks.initWebDrivereStore(Hooks.java:148)
]]>
            </full-stacktrace>
          </exception> <!-- java.lang.AssertionError -->
          <reporter-output>
          </reporter-output>
        </test-method> <!-- runScenario -->
        <test-method signature="runScenario(io.cucumber.testng.PickleWrapper,io.cucumber.testng.FeatureWrapper)[pri:0, instance:tests.runners.RunTest@14a2f921]" started-at="2023-04-07T03:24:31 PDT" name="runScenario" description="Runs Cucumber Scenarios" data-provider="scenarios" finished-at="2023-04-07T03:24:31 PDT" duration-ms="31" status="FAIL">
          <params>
            <param index="0">
              <value>
                <![CDATA["Add an item to wishlist"]]>
              </value>
            </param>
            <param index="1">
              <value>
                <![CDATA["Optional[Estore Wishlist]"]]>
              </value>
            </param>
          </params>
          <exception class="java.lang.AssertionError">
            <message>
              <![CDATA[Environment Variable is NOT Set]]>
            </message>
            <full-stacktrace>
              <![CDATA[java.lang.AssertionError: Environment Variable is NOT Set
at org.testng.Assert.fail(Assert.java:110)
at tests.utility.Hooks.ConfigFileReader(Hooks.java:69)
at tests.utility.Hooks.initWebDrivereStore(Hooks.java:148)
]]>
            </full-stacktrace>
          </exception> <!-- java.lang.AssertionError -->
          <reporter-output>
          </reporter-output>
        </test-method> <!-- runScenario -->
        <test-method signature="runScenario(io.cucumber.testng.PickleWrapper,io.cucumber.testng.FeatureWrapper)[pri:0, instance:tests.runners.RunTest@14a2f921]" started-at="2023-04-07T03:24:31 PDT" name="runScenario" description="Runs Cucumber Scenarios" data-provider="scenarios" finished-at="2023-04-07T03:24:31 PDT" duration-ms="32" status="FAIL">
          <params>
            <param index="0">
              <value>
                <![CDATA["Add an item to wishlist (Member User)"]]>
              </value>
            </param>
            <param index="1">
              <value>
                <![CDATA["Optional[Estore Wishlist]"]]>
              </value>
            </param>
          </params>
          <exception class="java.lang.AssertionError">
            <message>
              <![CDATA[Environment Variable is NOT Set]]>
            </message>
            <full-stacktrace>
              <![CDATA[java.lang.AssertionError: Environment Variable is NOT Set
at org.testng.Assert.fail(Assert.java:110)
at tests.utility.Hooks.ConfigFileReader(Hooks.java:69)
at tests.utility.Hooks.initWebDrivereStore(Hooks.java:148)
]]>
            </full-stacktrace>
          </exception> <!-- java.lang.AssertionError -->
          <reporter-output>
          </reporter-output>
        </test-method> <!-- runScenario -->
        <test-method signature="runScenario(io.cucumber.testng.PickleWrapper,io.cucumber.testng.FeatureWrapper)[pri:0, instance:tests.runners.RunTest@14a2f921]" started-at="2023-04-07T03:24:31 PDT" name="runScenario" description="Runs Cucumber Scenarios" data-provider="scenarios" finished-at="2023-04-07T03:24:31 PDT" duration-ms="33" status="FAIL">
          <params>
            <param index="0">
              <value>
                <![CDATA["Add an item from cart to wishlist"]]>
              </value>
            </param>
            <param index="1">
              <value>
                <![CDATA["Optional[Estore Wishlist]"]]>
              </value>
            </param>
          </params>
          <exception class="java.lang.AssertionError">
            <message>
              <![CDATA[Environment Variable is NOT Set]]>
            </message>
            <full-stacktrace>
              <![CDATA[java.lang.AssertionError: Environment Variable is NOT Set
at org.testng.Assert.fail(Assert.java:110)
at tests.utility.Hooks.ConfigFileReader(Hooks.java:69)
at tests.utility.Hooks.initWebDrivereStore(Hooks.java:148)
]]>
            </full-stacktrace>
          </exception> <!-- java.lang.AssertionError -->
          <reporter-output>
          </reporter-output>
        </test-method> <!-- runScenario -->
        <test-method is-config="true" signature="tearDownClass()[pri:0, instance:tests.runners.RunTest@14a2f921]" started-at="2023-04-07T03:24:31 PDT" name="tearDownClass" finished-at="2023-04-07T03:24:32 PDT" duration-ms="1404" status="FAIL">
          <exception class="java.lang.RuntimeException">
            <message>
              <![CDATA[javax.net.ssl.SSLHandshakeException: PKIX path building failed: sun.security.provider.certpath.SunCertPathBuilderException: unable to find valid certification path to requested target]]>
            </message>
            <full-stacktrace>
              <![CDATA[java.lang.RuntimeException: javax.net.ssl.SSLHandshakeException: PKIX path building failed: sun.security.provider.certpath.SunCertPathBuilderException: unable to find valid certification path to requested target
at io.cucumber.core.plugin.MessageFormatter.writeMessage(MessageFormatter.java:36)
at io.cucumber.core.eventbus.AbstractEventPublisher.send(AbstractEventPublisher.java:51)
at io.cucumber.core.eventbus.AbstractEventBus.send(AbstractEventBus.java:12)
at io.cucumber.core.runtime.CucumberExecutionContext.emitTestRunFinished(CucumberExecutionContext.java:102)
at io.cucumber.core.runtime.CucumberExecutionContext.finishTestRun(CucumberExecutionContext.java:74)
at io.cucumber.testng.TestNGCucumberRunner.finish(TestNGCucumberRunner.java:126)
at io.cucumber.testng.AbstractTestNGCucumberTests.tearDownClass(AbstractTestNGCucumberTests.java:53)
at java.base/jdk.internal.reflect.NativeMethodAccessorImpl.invoke0(Native Method)
at java.base/jdk.internal.reflect.NativeMethodAccessorImpl.invoke(NativeMethodAccessorImpl.java:78)
at java.base/jdk.internal.reflect.DelegatingMethodAccessorImpl.invoke(DelegatingMethodAccessorImpl.java:43)
at java.base/java.lang.reflect.Method.invoke(Method.java:567)
at org.testng.internal.invokers.MethodInvocationHelper.invokeMethod(MethodInvocationHelper.java:135)
at org.testng.internal.invokers.MethodInvocationHelper.invokeMethodConsideringTimeout(MethodInvocationHelper.java:65)
at org.testng.internal.invokers.ConfigInvoker.invokeConfigurationMethod(ConfigInvoker.java:381)
at org.testng.internal.invokers.ConfigInvoker.invokeConfigurations(ConfigInvoker.java:319)
at org.testng.internal.invokers.TestMethodWorker.invokeAfterClassMethods(TestMethodWorker.java:220)
at org.testng.internal.invokers.TestMethodWorker.run(TestMethodWorker.java:130)
at java.base/java.util.ArrayList.forEach(ArrayList.java:1511)
at org.testng.TestRunner.privateRun(TestRunner.java:808)
at org.testng.TestRunner.run(TestRunner.java:603)
at org.testng.SuiteRunner.runTest(SuiteRunner.java:429)
at org.testng.SuiteRunner.runSequentially(SuiteRunner.java:423)
at org.testng.SuiteRunner.privateRun(SuiteRunner.java:383)
at org.testng.SuiteRunner.run(SuiteRunner.java:326)
at org.testng.SuiteRunnerWorker.runSuite(SuiteRunnerWorker.java:52)
at org.testng.SuiteRunnerWorker.run(SuiteRunnerWorker.java:95)
at org.testng.TestNG.runSuitesSequentially(TestNG.java:1249)
at org.testng.TestNG.runSuitesLocally(TestNG.java:1169)
at org.testng.TestNG.runSuites(TestNG.java:1092)
at org.testng.TestNG.run(TestNG.java:1060)
at org.apache.maven.surefire.testng.TestNGExecutor.run(TestNGExecutor.java:295)
at org.apache.maven.surefire.testng.TestNGXmlTestSuite.execute(TestNGXmlTestSuite.java:84)
at org.apache.maven.surefire.testng.TestNGProvider.invoke(TestNGProvider.java:90)
at org.apache.maven.surefire.booter.ForkedBooter.invokeProviderInSameClassLoader(ForkedBooter.java:203)
at org.apache.maven.surefire.booter.ForkedBooter.runSuitesInProcess(ForkedBooter.java:155)
at org.apache.maven.surefire.booter.ForkedBooter.main(ForkedBooter.java:103)
Caused by: javax.net.ssl.SSLHandshakeException: PKIX path building failed: sun.security.provider.certpath.SunCertPathBuilderException: unable to find valid certification path to requested target
at java.base/jdk.internal.reflect.NativeConstructorAccessorImpl.newInstance0(Native Method)
at java.base/jdk.internal.reflect.NativeConstructorAccessorImpl.newInstance(NativeConstructorAccessorImpl.java:78)
at java.base/jdk.internal.reflect.DelegatingConstructorAccessorImpl.newInstance(DelegatingConstructorAccessorImpl.java:45)
at java.base/java.lang.reflect.Constructor.newInstanceWithCaller(Constructor.java:499)
at java.base/java.lang.reflect.Constructor.newInstance(Constructor.java:480)
at java.base/sun.net.www.protocol.http.HttpURLConnection$10.run(HttpURLConnection.java:2035)
at java.base/sun.net.www.protocol.http.HttpURLConnection$10.run(HttpURLConnection.java:2030)
at java.base/java.security.AccessController.doPrivileged(AccessController.java:554)
at java.base/sun.net.www.protocol.http.HttpURLConnection.getChainedException(HttpURLConnection.java:2029)
at java.base/sun.net.www.protocol.http.HttpURLConnection.getInputStream0(HttpURLConnection.java:1597)
at java.base/sun.net.www.protocol.http.HttpURLConnection.getInputStream(HttpURLConnection.java:1577)
at java.base/java.net.HttpURLConnection.getResponseCode(HttpURLConnection.java:527)
at java.base/sun.net.www.protocol.https.HttpsURLConnectionImpl.getResponseCode(HttpsURLConnectionImpl.java:308)
at io.cucumber.core.plugin.UrlOutputStream.getResponseBody(UrlOutputStream.java:111)
at io.cucumber.core.plugin.UrlOutputStream.sendRequest(UrlOutputStream.java:83)
at io.cucumber.core.plugin.UrlOutputStream.close(UrlOutputStream.java:63)
at java.base/sun.nio.cs.StreamEncoder.implClose(StreamEncoder.java:353)
at java.base/sun.nio.cs.StreamEncoder.close(StreamEncoder.java:168)
at java.base/java.io.OutputStreamWriter.close(OutputStreamWriter.java:252)
at io.cucumber.core.plugin.MessageFormatter.writeMessage(MessageFormatter.java:33)
... 35 more
Caused by: javax.net.ssl.SSLHandshakeException: PKIX path building failed: sun.security.provider.certpath.SunCertPathBuilderException: unable to find valid certification path to requested target
at java.base/sun.security.ssl.Alert.createSSLException(Alert.java:131)
at java.base/sun.security.ssl.TransportContext.fatal(TransportContext.java:369)
at java.base/sun.security.ssl.TransportContext.fatal(TransportContext.java:312)
at java.base/sun.security.ssl.TransportContext.fatal(TransportContext.java:307)
at java.base/sun.security.ssl.CertificateMessage$T13CertificateConsumer.checkServerCerts(CertificateMessage.java:1357)
at java.base/sun.security.ssl.CertificateMessage$T13CertificateConsumer.onConsumeCertificate(CertificateMessage.java:1232)
at java.base/sun.security.ssl.CertificateMessage$T13CertificateConsumer.consume(CertificateMessage.java:1175)
at java.base/sun.security.ssl.SSLHandshake.consume(SSLHandshake.java:396)
at java.base/sun.security.ssl.HandshakeContext.dispatch(HandshakeContext.java:480)
at java.base/sun.security.ssl.HandshakeContext.dispatch(HandshakeContext.java:458)
at java.base/sun.security.ssl.TransportContext.dispatch(TransportContext.java:199)
at java.base/sun.security.ssl.SSLTransport.decode(SSLTransport.java:172)
at java.base/sun.security.ssl.SSLSocketImpl.decode(SSLSocketImpl.java:1506)
at java.base/sun.security.ssl.SSLSocketImpl.readHandshakeRecord(SSLSocketImpl.java:1416)
at java.base/sun.security.ssl.SSLSocketImpl.startHandshake(SSLSocketImpl.java:451)
at java.base/sun.security.ssl.SSLSocketImpl.startHandshake(SSLSocketImpl.java:422)
at java.base/sun.net.www.protocol.https.HttpsClient.afterConnect(HttpsClient.java:574)
at java.base/sun.net.www.protocol.https.AbstractDelegateHttpsURLConnection.connect(AbstractDelegateHttpsURLConnection.java:183)
at java.base/sun.net.www.protocol.http.HttpURLConnection.getInputStream0(HttpURLConnection.java:1653)
at java.base/sun.net.www.protocol.http.HttpURLConnection.getInputStream(HttpURLConnection.java:1577)
at java.base/sun.net.www.protocol.http.HttpURLConnection.getHeaderFields(HttpURLConnection.java:3229)
at java.base/sun.net.www.protocol.https.HttpsURLConnectionImpl.getHeaderFields(HttpsURLConnectionImpl.java:253)
at io.cucumber.core.plugin.UrlOutputStream.getResponseBody(UrlOutputStream.java:110)
... 41 more
Caused by: sun.security.validator.ValidatorException: PKIX path building failed: sun.security.provider.certpath.SunCertPathBuilderException: unable to find valid certification path to requested target
at java.base/sun.security.validator.PKIXValidator.doBuild(PKIXValidator.java:439)
at java.base/sun.security.validator.PKIXValidator.engineValidate(PKIXValidator.java:306)
at java.base/sun.security.validator.Validator.validate(Validator.java:264)
at java.base/sun.security.ssl.X509TrustManagerImpl.checkTrusted(X509TrustManagerImpl.java:231)
at java.base/sun.security.ssl.X509TrustManagerImpl.checkServerTrusted(X509TrustManagerImpl.java:132)
at java.base/sun.security.ssl.CertificateMessage$T13CertificateConsumer.checkServerCerts(CertificateMessage.java:1341)
... 59 more
Caused by: sun.security.provider.certpath.SunCertPathBuilderException: unable to find valid certification path to requested target
at java.base/sun.security.provider.certpath.SunCertPathBuilder.build(SunCertPathBuilder.java:141)
at java.base/sun.security.provider.certpath.SunCertPathBuilder.engineBuild(SunCertPathBuilder.java:126)
at java.base/java.security.cert.CertPathBuilder.build(CertPathBuilder.java:297)
at java.base/sun.security.validator.PKIXValidator.doBuild(PKIXValidator.java:434)
... 64 more
]]>
            </full-stacktrace>
          </exception> <!-- java.lang.RuntimeException -->
          <reporter-output>
          </reporter-output>
        </test-method> <!-- tearDownClass -->
      </class> <!-- tests.runners.RunTest -->
    </test> <!-- Window -->
  </suite> <!-- Regression -->
</testng-results>
