<?xml version="1.0" encoding="UTF-8"?>
<!-- Generated by org.testng.reporters.JUnitReportReporter -->
<testsuite skipped="0" hostname="MacBook-Pro.local" name="tests.runners.RunTest" tests="1" failures="1" timestamp="2023-06-07T17:16:58 EEST" time="27.665" errors="0">
  <testcase name="runScenario" time="27.665" classname="tests.runners.RunTest">
    <failure type="java.lang.AssertionError" message="1 expected:&lt;1&gt; but was:&lt;2&gt;">
      <![CDATA[java.lang.AssertionError: 1 expected:<1> but was:<2>
at org.testng.AssertJUnit.assertEquals(AssertJUnit.java:115)
at tests.estore.stepdefinitions.EstoreAccountStepDefs.iVerifyThatThePersonalInfoIsDisplayed(EstoreAccountStepDefs.java:34)
at ✽.I verify that the personal info is displayed(file:///Users/mihail/IdeaProjects/concierge-replatform-atf/src/main/resources/features/estore/EstoreAccount.feature:8)
]]>
    </failure>
  </testcase> <!-- runScenario -->
  <system-out/>
</testsuite> <!-- tests.runners.RunTest -->
